[2026-05-25 09:56:42,273][main.py][line:74][INFO] Random seed: 15
[2026-05-25 09:56:42,273][main.py][line:79][INFO] Using GPU
[2026-05-25 09:56:42,273][main.py][line:86][INFO] Loading dataset citeseer with pertubation rate 2.0
[2026-05-25 09:56:42,458][main.py][line:99][INFO] train nodes:210
[2026-05-25 09:56:42,458][main.py][line:100][INFO] val nodes:211
[2026-05-25 09:56:42,459][main.py][line:101][INFO] test nodes:63
[2026-05-25 09:56:42,459][main.py][line:176][INFO] Namespace(use_config=True, config='citeseer_nettack_2.0', dataset='citeseer', ptb_rate=2.0, attack='nettack', jt=0.6, cos=0.6, cos_add=0.85, DMAE_hidden=256, DMAE_epochs=300, recover_threshold=0.7, lap_threshold=0.4, L_dim=20, k=50, GAT_layers=2, hidden_dim=32, dropout=0.6, log=True, seed=15)
[2026-05-25 09:56:42,459][main.py][line:178][INFO] === Start filter adj ===
[2026-05-25 09:56:42,684][main.py][line:181][INFO] === Recover adj ===
[2026-05-25 09:56:51,688][main.py][line:106][INFO] clean_lap shape: torch.Size([2110, 20])
[2026-05-25 09:56:52,040][main.py][line:114][INFO] Epoch 00000/00300 | Loss 3.0674
[2026-05-25 09:56:52,266][main.py][line:114][INFO] Epoch 00010/00300 | Loss 2.4815
[2026-05-25 09:56:52,523][main.py][line:114][INFO] Epoch 00020/00300 | Loss 2.4390
[2026-05-25 09:56:52,780][main.py][line:114][INFO] Epoch 00030/00300 | Loss 2.4263
[2026-05-25 09:56:53,036][main.py][line:114][INFO] Epoch 00040/00300 | Loss 2.4107
[2026-05-25 09:56:53,294][main.py][line:114][INFO] Epoch 00050/00300 | Loss 2.3988
[2026-05-25 09:56:53,552][main.py][line:114][INFO] Epoch 00060/00300 | Loss 2.3975
[2026-05-25 09:56:53,809][main.py][line:114][INFO] Epoch 00070/00300 | Loss 2.3831
[2026-05-25 09:56:54,066][main.py][line:114][INFO] Epoch 00080/00300 | Loss 2.3847
[2026-05-25 09:56:54,322][main.py][line:114][INFO] Epoch 00090/00300 | Loss 2.3758
[2026-05-25 09:56:54,579][main.py][line:114][INFO] Epoch 00100/00300 | Loss 2.3706
[2026-05-25 09:56:54,838][main.py][line:114][INFO] Epoch 00110/00300 | Loss 2.3642
[2026-05-25 09:56:55,096][main.py][line:114][INFO] Epoch 00120/00300 | Loss 2.3622
[2026-05-25 09:56:55,355][main.py][line:114][INFO] Epoch 00130/00300 | Loss 2.3543
[2026-05-25 09:56:55,612][main.py][line:114][INFO] Epoch 00140/00300 | Loss 2.3466
[2026-05-25 09:56:55,867][main.py][line:114][INFO] Epoch 00150/00300 | Loss 2.3433
[2026-05-25 09:56:56,124][main.py][line:114][INFO] Epoch 00160/00300 | Loss 2.3359
[2026-05-25 09:56:56,381][main.py][line:114][INFO] Epoch 00170/00300 | Loss 2.3420
[2026-05-25 09:56:56,637][main.py][line:114][INFO] Epoch 00180/00300 | Loss 2.3371
[2026-05-25 09:56:56,894][main.py][line:114][INFO] Epoch 00190/00300 | Loss 2.3261
[2026-05-25 09:56:57,154][main.py][line:114][INFO] Epoch 00200/00300 | Loss 2.3232
[2026-05-25 09:56:57,417][main.py][line:114][INFO] Epoch 00210/00300 | Loss 2.3096
[2026-05-25 09:56:57,674][main.py][line:114][INFO] Epoch 00220/00300 | Loss 2.3084
[2026-05-25 09:56:57,932][main.py][line:114][INFO] Epoch 00230/00300 | Loss 2.2921
[2026-05-25 09:56:58,188][main.py][line:114][INFO] Epoch 00240/00300 | Loss 2.3000
[2026-05-25 09:56:58,446][main.py][line:114][INFO] Epoch 00250/00300 | Loss 2.2909
[2026-05-25 09:56:58,703][main.py][line:114][INFO] Epoch 00260/00300 | Loss 2.2830
[2026-05-25 09:56:58,962][main.py][line:114][INFO] Epoch 00270/00300 | Loss 2.2603
[2026-05-25 09:56:59,218][main.py][line:114][INFO] Epoch 00280/00300 | Loss 2.2797
[2026-05-25 09:56:59,475][main.py][line:114][INFO] Epoch 00290/00300 | Loss 2.2870
[2026-05-25 09:56:59,742][main.py][line:138][INFO] Edge recovery: 8956
[2026-05-25 09:56:59,742][main.py][line:196][INFO] === Train Classifier ===
[2026-05-25 09:56:59,844][main.py][line:164][INFO] Epoch 00000/00200 | Loss 2.0269 | Accuracy 0.6161
[2026-05-25 09:57:01,055][main.py][line:164][INFO] Epoch 00100/00200 | Loss 0.1099 | Accuracy 0.7725
[2026-05-25 09:57:02,270][main.py][line:168][INFO] Run 00 Test Accuracy 0.8254
[2026-05-25 09:57:02,292][main.py][line:164][INFO] Epoch 00000/00200 | Loss 1.8205 | Accuracy 0.6493
[2026-05-25 09:57:03,501][main.py][line:164][INFO] Epoch 00100/00200 | Loss 0.1035 | Accuracy 0.7678
[2026-05-25 09:57:04,715][main.py][line:168][INFO] Run 01 Test Accuracy 0.8413
[2026-05-25 09:57:04,736][main.py][line:164][INFO] Epoch 00000/00200 | Loss 1.8763 | Accuracy 0.5924
[2026-05-25 09:57:05,949][main.py][line:164][INFO] Epoch 00100/00200 | Loss 0.0983 | Accuracy 0.7725
[2026-05-25 09:57:07,162][main.py][line:168][INFO] Run 02 Test Accuracy 0.8571
[2026-05-25 09:57:07,184][main.py][line:164][INFO] Epoch 00000/00200 | Loss 1.9574 | Accuracy 0.5166
[2026-05-25 09:57:08,393][main.py][line:164][INFO] Epoch 00100/00200 | Loss 0.1189 | Accuracy 0.7678
[2026-05-25 09:57:09,597][main.py][line:168][INFO] Run 03 Test Accuracy 0.8413
[2026-05-25 09:57:09,620][main.py][line:164][INFO] Epoch 00000/00200 | Loss 1.8920 | Accuracy 0.6114
[2026-05-25 09:57:10,830][main.py][line:164][INFO] Epoch 00100/00200 | Loss 0.1704 | Accuracy 0.7773
[2026-05-25 09:57:12,043][main.py][line:168][INFO] Run 04 Test Accuracy 0.8413
[2026-05-25 09:57:12,064][main.py][line:164][INFO] Epoch 00000/00200 | Loss 1.9409 | Accuracy 0.5213
[2026-05-25 09:57:13,274][main.py][line:164][INFO] Epoch 00100/00200 | Loss 0.1471 | Accuracy 0.7820
[2026-05-25 09:57:14,473][main.py][line:168][INFO] Run 05 Test Accuracy 0.8413
[2026-05-25 09:57:14,495][main.py][line:164][INFO] Epoch 00000/00200 | Loss 1.9248 | Accuracy 0.5355
[2026-05-25 09:57:15,707][main.py][line:164][INFO] Epoch 00100/00200 | Loss 0.1142 | Accuracy 0.7915
[2026-05-25 09:57:16,922][main.py][line:168][INFO] Run 06 Test Accuracy 0.8413
[2026-05-25 09:57:16,943][main.py][line:164][INFO] Epoch 00000/00200 | Loss 1.8335 | Accuracy 0.6398
[2026-05-25 09:57:18,153][main.py][line:164][INFO] Epoch 00100/00200 | Loss 0.1021 | Accuracy 0.7583
[2026-05-25 09:57:19,366][main.py][line:168][INFO] Run 07 Test Accuracy 0.8413
[2026-05-25 09:57:19,388][main.py][line:164][INFO] Epoch 00000/00200 | Loss 1.8792 | Accuracy 0.6540
[2026-05-25 09:57:20,597][main.py][line:164][INFO] Epoch 00100/00200 | Loss 0.1095 | Accuracy 0.7725
[2026-05-25 09:57:21,808][main.py][line:168][INFO] Run 08 Test Accuracy 0.8413
[2026-05-25 09:57:21,829][main.py][line:164][INFO] Epoch 00000/00200 | Loss 1.8949 | Accuracy 0.6493
[2026-05-25 09:57:23,045][main.py][line:164][INFO] Epoch 00100/00200 | Loss 0.0966 | Accuracy 0.7583
[2026-05-25 09:57:24,254][main.py][line:168][INFO] Run 09 Test Accuracy 0.8254
[2026-05-25 09:57:24,255][main.py][line:211][INFO] Mean Accuracy:0.839683
[2026-05-25 09:57:24,255][main.py][line:212][INFO] Standard Deviation:0.009010
