[2026-05-25 09:54:03,964][main.py][line:74][INFO] Random seed: 15
[2026-05-25 09:54:03,964][main.py][line:79][INFO] Using GPU
[2026-05-25 09:54:03,964][main.py][line:86][INFO] Loading dataset citeseer with pertubation rate 0.0
[2026-05-25 09:54:04,161][main.py][line:99][INFO] train nodes:210
[2026-05-25 09:54:04,161][main.py][line:100][INFO] val nodes:211
[2026-05-25 09:54:04,161][main.py][line:101][INFO] test nodes:63
[2026-05-25 09:54:04,161][main.py][line:176][INFO] Namespace(use_config=True, config='citeseer_nettack_0.0', dataset='citeseer', ptb_rate=0.0, attack='nettack', jt=0.6, cos=0.6, cos_add=0.85, DMAE_hidden=256, DMAE_epochs=300, recover_threshold=0.7, lap_threshold=0.4, L_dim=20, k=50, GAT_layers=2, hidden_dim=32, dropout=0.6, log=True, seed=15)
[2026-05-25 09:54:04,161][main.py][line:178][INFO] === Start filter adj ===
[2026-05-25 09:54:04,385][main.py][line:181][INFO] === Recover adj ===
[2026-05-25 09:54:13,428][main.py][line:106][INFO] clean_lap shape: torch.Size([2110, 20])
[2026-05-25 09:54:13,783][main.py][line:114][INFO] Epoch 00000/00300 | Loss 3.0672
[2026-05-25 09:54:14,016][main.py][line:114][INFO] Epoch 00010/00300 | Loss 2.4689
[2026-05-25 09:54:14,275][main.py][line:114][INFO] Epoch 00020/00300 | Loss 2.4370
[2026-05-25 09:54:14,534][main.py][line:114][INFO] Epoch 00030/00300 | Loss 2.4231
[2026-05-25 09:54:14,796][main.py][line:114][INFO] Epoch 00040/00300 | Loss 2.4121
[2026-05-25 09:54:15,056][main.py][line:114][INFO] Epoch 00050/00300 | Loss 2.3982
[2026-05-25 09:54:15,316][main.py][line:114][INFO] Epoch 00060/00300 | Loss 2.3969
[2026-05-25 09:54:15,574][main.py][line:114][INFO] Epoch 00070/00300 | Loss 2.3819
[2026-05-25 09:54:15,834][main.py][line:114][INFO] Epoch 00080/00300 | Loss 2.3749
[2026-05-25 09:54:16,093][main.py][line:114][INFO] Epoch 00090/00300 | Loss 2.3749
[2026-05-25 09:54:16,353][main.py][line:114][INFO] Epoch 00100/00300 | Loss 2.3633
[2026-05-25 09:54:16,614][main.py][line:114][INFO] Epoch 00110/00300 | Loss 2.3658
[2026-05-25 09:54:16,871][main.py][line:114][INFO] Epoch 00120/00300 | Loss 2.3572
[2026-05-25 09:54:17,128][main.py][line:114][INFO] Epoch 00130/00300 | Loss 2.3588
[2026-05-25 09:54:17,386][main.py][line:114][INFO] Epoch 00140/00300 | Loss 2.3467
[2026-05-25 09:54:17,647][main.py][line:114][INFO] Epoch 00150/00300 | Loss 2.3344
[2026-05-25 09:54:17,902][main.py][line:114][INFO] Epoch 00160/00300 | Loss 2.3397
[2026-05-25 09:54:18,160][main.py][line:114][INFO] Epoch 00170/00300 | Loss 2.3310
[2026-05-25 09:54:18,418][main.py][line:114][INFO] Epoch 00180/00300 | Loss 2.3148
[2026-05-25 09:54:18,675][main.py][line:114][INFO] Epoch 00190/00300 | Loss 2.3226
[2026-05-25 09:54:18,936][main.py][line:114][INFO] Epoch 00200/00300 | Loss 2.3068
[2026-05-25 09:54:19,196][main.py][line:114][INFO] Epoch 00210/00300 | Loss 2.3158
[2026-05-25 09:54:19,456][main.py][line:114][INFO] Epoch 00220/00300 | Loss 2.2930
[2026-05-25 09:54:19,714][main.py][line:114][INFO] Epoch 00230/00300 | Loss 2.2936
[2026-05-25 09:54:19,971][main.py][line:114][INFO] Epoch 00240/00300 | Loss 2.2744
[2026-05-25 09:54:20,230][main.py][line:114][INFO] Epoch 00250/00300 | Loss 2.2908
[2026-05-25 09:54:20,487][main.py][line:114][INFO] Epoch 00260/00300 | Loss 2.2706
[2026-05-25 09:54:20,746][main.py][line:114][INFO] Epoch 00270/00300 | Loss 2.2719
[2026-05-25 09:54:21,004][main.py][line:114][INFO] Epoch 00280/00300 | Loss 2.2630
[2026-05-25 09:54:21,262][main.py][line:114][INFO] Epoch 00290/00300 | Loss 2.2719
[2026-05-25 09:54:21,529][main.py][line:138][INFO] Edge recovery: 8934
[2026-05-25 09:54:21,529][main.py][line:196][INFO] === Train Classifier ===
[2026-05-25 09:54:21,630][main.py][line:164][INFO] Epoch 00000/00200 | Loss 1.7785 | Accuracy 0.6682
[2026-05-25 09:54:22,861][main.py][line:164][INFO] Epoch 00100/00200 | Loss 0.1253 | Accuracy 0.7630
[2026-05-25 09:54:24,094][main.py][line:168][INFO] Run 00 Test Accuracy 0.8413
[2026-05-25 09:54:24,117][main.py][line:164][INFO] Epoch 00000/00200 | Loss 1.9534 | Accuracy 0.5166
[2026-05-25 09:54:25,387][main.py][line:164][INFO] Epoch 00100/00200 | Loss 0.1816 | Accuracy 0.7773
[2026-05-25 09:54:26,618][main.py][line:168][INFO] Run 01 Test Accuracy 0.8413
[2026-05-25 09:54:26,639][main.py][line:164][INFO] Epoch 00000/00200 | Loss 2.0179 | Accuracy 0.5924
[2026-05-25 09:54:27,913][main.py][line:164][INFO] Epoch 00100/00200 | Loss 0.1028 | Accuracy 0.7820
[2026-05-25 09:54:29,170][main.py][line:168][INFO] Run 02 Test Accuracy 0.8413
[2026-05-25 09:54:29,193][main.py][line:164][INFO] Epoch 00000/00200 | Loss 1.8966 | Accuracy 0.5782
[2026-05-25 09:54:30,421][main.py][line:164][INFO] Epoch 00100/00200 | Loss 0.1223 | Accuracy 0.7820
[2026-05-25 09:54:31,684][main.py][line:168][INFO] Run 03 Test Accuracy 0.8413
[2026-05-25 09:54:31,706][main.py][line:164][INFO] Epoch 00000/00200 | Loss 2.0110 | Accuracy 0.5450
[2026-05-25 09:54:32,942][main.py][line:164][INFO] Epoch 00100/00200 | Loss 0.1284 | Accuracy 0.7441
[2026-05-25 09:54:34,180][main.py][line:168][INFO] Run 04 Test Accuracy 0.8413
[2026-05-25 09:54:34,202][main.py][line:164][INFO] Epoch 00000/00200 | Loss 1.8799 | Accuracy 0.6114
[2026-05-25 09:54:35,433][main.py][line:164][INFO] Epoch 00100/00200 | Loss 0.1047 | Accuracy 0.7583
[2026-05-25 09:54:36,666][main.py][line:168][INFO] Run 05 Test Accuracy 0.8413
[2026-05-25 09:54:36,688][main.py][line:164][INFO] Epoch 00000/00200 | Loss 1.8822 | Accuracy 0.6256
[2026-05-25 09:54:37,919][main.py][line:164][INFO] Epoch 00100/00200 | Loss 0.1231 | Accuracy 0.7773
[2026-05-25 09:54:39,146][main.py][line:168][INFO] Run 06 Test Accuracy 0.8571
[2026-05-25 09:54:39,167][main.py][line:164][INFO] Epoch 00000/00200 | Loss 1.9041 | Accuracy 0.6066
[2026-05-25 09:54:40,424][main.py][line:164][INFO] Epoch 00100/00200 | Loss 0.1093 | Accuracy 0.7773
[2026-05-25 09:54:41,737][main.py][line:168][INFO] Run 07 Test Accuracy 0.8413
[2026-05-25 09:54:41,759][main.py][line:164][INFO] Epoch 00000/00200 | Loss 1.8233 | Accuracy 0.5166
[2026-05-25 09:54:43,026][main.py][line:164][INFO] Epoch 00100/00200 | Loss 0.1173 | Accuracy 0.7725
[2026-05-25 09:54:44,251][main.py][line:168][INFO] Run 08 Test Accuracy 0.8571
[2026-05-25 09:54:44,273][main.py][line:164][INFO] Epoch 00000/00200 | Loss 1.9539 | Accuracy 0.5450
[2026-05-25 09:54:45,554][main.py][line:164][INFO] Epoch 00100/00200 | Loss 0.1096 | Accuracy 0.7820
[2026-05-25 09:54:46,833][main.py][line:168][INFO] Run 09 Test Accuracy 0.8413
[2026-05-25 09:54:46,833][main.py][line:211][INFO] Mean Accuracy:0.844444
[2026-05-25 09:54:46,834][main.py][line:212][INFO] Standard Deviation:0.006693
