[2026-05-25 09:20:37,522][main.py][line:74][INFO] Random seed: 15
[2026-05-25 09:20:37,522][main.py][line:79][INFO] Using GPU
[2026-05-25 09:20:37,522][main.py][line:86][INFO] Loading dataset cora with pertubation rate 1.0
[2026-05-25 09:20:37,736][main.py][line:99][INFO] train nodes:247
[2026-05-25 09:20:37,736][main.py][line:100][INFO] val nodes:249
[2026-05-25 09:20:37,736][main.py][line:101][INFO] test nodes:83
[2026-05-25 09:20:37,736][main.py][line:176][INFO] Namespace(use_config=True, config='cora_nettack_1.0', dataset='cora', ptb_rate=1.0, attack='nettack', jt=0.6, cos=0.55, cos_add=0.85, DMAE_hidden=256, DMAE_epochs=300, recover_threshold=0.7, lap_threshold=0.4, L_dim=20, k=50, GAT_layers=2, hidden_dim=32, dropout=0.6, log=True, seed=15)
[2026-05-25 09:20:37,737][main.py][line:178][INFO] === Start filter adj ===
[2026-05-25 09:20:37,998][main.py][line:181][INFO] === Recover adj ===
[2026-05-25 09:20:38,364][main.py][line:106][INFO] clean_lap shape: torch.Size([2485, 20])
[2026-05-25 09:20:38,703][main.py][line:114][INFO] Epoch 00000/00300 | Loss 3.0264
[2026-05-25 09:20:39,007][main.py][line:114][INFO] Epoch 00010/00300 | Loss 2.3908
[2026-05-25 09:20:39,341][main.py][line:114][INFO] Epoch 00020/00300 | Loss 2.3490
[2026-05-25 09:20:39,593][main.py][line:114][INFO] Epoch 00030/00300 | Loss 2.3355
[2026-05-25 09:20:39,906][main.py][line:114][INFO] Epoch 00040/00300 | Loss 2.3207
[2026-05-25 09:20:40,267][main.py][line:114][INFO] Epoch 00050/00300 | Loss 2.2898
[2026-05-25 09:20:40,527][main.py][line:114][INFO] Epoch 00060/00300 | Loss 2.2794
[2026-05-25 09:20:40,849][main.py][line:114][INFO] Epoch 00070/00300 | Loss 2.2617
[2026-05-25 09:20:41,198][main.py][line:114][INFO] Epoch 00080/00300 | Loss 2.2667
[2026-05-25 09:20:41,498][main.py][line:114][INFO] Epoch 00090/00300 | Loss 2.2651
[2026-05-25 09:20:41,790][main.py][line:114][INFO] Epoch 00100/00300 | Loss 2.2512
[2026-05-25 09:20:42,128][main.py][line:114][INFO] Epoch 00110/00300 | Loss 2.2484
[2026-05-25 09:20:42,412][main.py][line:114][INFO] Epoch 00120/00300 | Loss 2.2333
[2026-05-25 09:20:42,683][main.py][line:114][INFO] Epoch 00130/00300 | Loss 2.2304
[2026-05-25 09:20:43,008][main.py][line:114][INFO] Epoch 00140/00300 | Loss 2.2293
[2026-05-25 09:20:43,269][main.py][line:114][INFO] Epoch 00150/00300 | Loss 2.2208
[2026-05-25 09:20:43,559][main.py][line:114][INFO] Epoch 00160/00300 | Loss 2.2142
[2026-05-25 09:20:43,872][main.py][line:114][INFO] Epoch 00170/00300 | Loss 2.2059
[2026-05-25 09:20:44,102][main.py][line:114][INFO] Epoch 00180/00300 | Loss 2.2034
[2026-05-25 09:20:44,393][main.py][line:114][INFO] Epoch 00190/00300 | Loss 2.1938
[2026-05-25 09:20:44,753][main.py][line:114][INFO] Epoch 00200/00300 | Loss 2.1979
[2026-05-25 09:20:44,953][main.py][line:114][INFO] Epoch 00210/00300 | Loss 2.1857
[2026-05-25 09:20:45,286][main.py][line:114][INFO] Epoch 00220/00300 | Loss 2.1900
[2026-05-25 09:20:45,627][main.py][line:114][INFO] Epoch 00230/00300 | Loss 2.1720
[2026-05-25 09:20:45,834][main.py][line:114][INFO] Epoch 00240/00300 | Loss 2.1911
[2026-05-25 09:20:46,159][main.py][line:114][INFO] Epoch 00250/00300 | Loss 2.1781
[2026-05-25 09:20:46,487][main.py][line:114][INFO] Epoch 00260/00300 | Loss 2.1753
[2026-05-25 09:20:46,760][main.py][line:114][INFO] Epoch 00270/00300 | Loss 2.1710
[2026-05-25 09:20:47,111][main.py][line:114][INFO] Epoch 00280/00300 | Loss 2.1691
[2026-05-25 09:20:47,420][main.py][line:114][INFO] Epoch 00290/00300 | Loss 2.1728
[2026-05-25 09:20:47,753][main.py][line:138][INFO] Edge recovery: 11915
[2026-05-25 09:20:47,753][main.py][line:196][INFO] === Train Classifier ===
[2026-05-25 09:20:47,837][main.py][line:164][INFO] Epoch 00000/00200 | Loss 2.0274 | Accuracy 0.3655
[2026-05-25 09:20:48,718][main.py][line:164][INFO] Epoch 00100/00200 | Loss 0.1591 | Accuracy 0.8153
[2026-05-25 09:20:49,599][main.py][line:168][INFO] Run 00 Test Accuracy 0.7952
[2026-05-25 09:20:49,609][main.py][line:164][INFO] Epoch 00000/00200 | Loss 2.2339 | Accuracy 0.3052
[2026-05-25 09:20:50,442][main.py][line:164][INFO] Epoch 00100/00200 | Loss 0.1503 | Accuracy 0.8153
[2026-05-25 09:20:51,266][main.py][line:168][INFO] Run 01 Test Accuracy 0.8072
[2026-05-25 09:20:51,275][main.py][line:164][INFO] Epoch 00000/00200 | Loss 2.0667 | Accuracy 0.4096
[2026-05-25 09:20:52,055][main.py][line:164][INFO] Epoch 00100/00200 | Loss 0.1689 | Accuracy 0.8153
[2026-05-25 09:20:52,902][main.py][line:168][INFO] Run 02 Test Accuracy 0.8193
[2026-05-25 09:20:52,912][main.py][line:164][INFO] Epoch 00000/00200 | Loss 1.9850 | Accuracy 0.4779
[2026-05-25 09:20:54,039][main.py][line:164][INFO] Epoch 00100/00200 | Loss 0.1942 | Accuracy 0.8032
[2026-05-25 09:20:55,508][main.py][line:168][INFO] Run 03 Test Accuracy 0.8313
[2026-05-25 09:20:55,527][main.py][line:164][INFO] Epoch 00000/00200 | Loss 2.1065 | Accuracy 0.3655
[2026-05-25 09:20:57,076][main.py][line:164][INFO] Epoch 00100/00200 | Loss 0.1266 | Accuracy 0.8193
[2026-05-25 09:20:58,606][main.py][line:168][INFO] Run 04 Test Accuracy 0.8313
[2026-05-25 09:20:58,664][main.py][line:164][INFO] Epoch 00000/00200 | Loss 2.0896 | Accuracy 0.2811
[2026-05-25 09:21:00,187][main.py][line:164][INFO] Epoch 00100/00200 | Loss 0.1629 | Accuracy 0.8233
[2026-05-25 09:21:01,736][main.py][line:168][INFO] Run 05 Test Accuracy 0.7952
[2026-05-25 09:21:01,753][main.py][line:164][INFO] Epoch 00000/00200 | Loss 1.9908 | Accuracy 0.4538
[2026-05-25 09:21:03,359][main.py][line:164][INFO] Epoch 00100/00200 | Loss 0.1509 | Accuracy 0.8193
[2026-05-25 09:21:04,828][main.py][line:168][INFO] Run 06 Test Accuracy 0.8193
[2026-05-25 09:21:04,841][main.py][line:164][INFO] Epoch 00000/00200 | Loss 2.1061 | Accuracy 0.2771
[2026-05-25 09:21:06,348][main.py][line:164][INFO] Epoch 00100/00200 | Loss 0.2028 | Accuracy 0.8193
[2026-05-25 09:21:08,016][main.py][line:168][INFO] Run 07 Test Accuracy 0.8434
[2026-05-25 09:21:08,043][main.py][line:164][INFO] Epoch 00000/00200 | Loss 2.0955 | Accuracy 0.4699
[2026-05-25 09:21:09,729][main.py][line:164][INFO] Epoch 00100/00200 | Loss 0.1271 | Accuracy 0.8153
[2026-05-25 09:21:11,363][main.py][line:168][INFO] Run 08 Test Accuracy 0.7952
[2026-05-25 09:21:11,388][main.py][line:164][INFO] Epoch 00000/00200 | Loss 2.1404 | Accuracy 0.4378
[2026-05-25 09:21:12,991][main.py][line:164][INFO] Epoch 00100/00200 | Loss 0.1212 | Accuracy 0.8233
[2026-05-25 09:21:14,581][main.py][line:168][INFO] Run 09 Test Accuracy 0.8072
[2026-05-25 09:21:14,582][main.py][line:211][INFO] Mean Accuracy:0.814458
[2026-05-25 09:21:14,582][main.py][line:212][INFO] Standard Deviation:0.017227
