[2026-05-25 09:15:44,697][main.py][line:74][INFO] Random seed: 15
[2026-05-25 09:15:44,698][main.py][line:79][INFO] Using GPU
[2026-05-25 09:15:44,698][main.py][line:86][INFO] Loading dataset cora with pertubation rate 0.0
[2026-05-25 09:15:44,915][main.py][line:99][INFO] train nodes:247
[2026-05-25 09:15:44,918][main.py][line:100][INFO] val nodes:249
[2026-05-25 09:15:44,920][main.py][line:101][INFO] test nodes:83
[2026-05-25 09:15:44,920][main.py][line:176][INFO] Namespace(use_config=True, config='cora_nettack_0.0', dataset='cora', ptb_rate=0.0, attack='nettack', jt=0.55, cos=0.55, cos_add=0.85, DMAE_hidden=256, DMAE_epochs=300, recover_threshold=0.7, lap_threshold=0.4, L_dim=20, k=50, GAT_layers=2, hidden_dim=32, dropout=0.6, log=True, seed=15)
[2026-05-25 09:15:44,920][main.py][line:178][INFO] === Start filter adj ===
[2026-05-25 09:15:45,158][main.py][line:181][INFO] === Recover adj ===
[2026-05-25 09:15:45,485][main.py][line:106][INFO] clean_lap shape: torch.Size([2485, 20])
[2026-05-25 09:15:45,841][main.py][line:114][INFO] Epoch 00000/00300 | Loss 3.0275
[2026-05-25 09:15:46,172][main.py][line:114][INFO] Epoch 00010/00300 | Loss 2.3985
[2026-05-25 09:15:46,479][main.py][line:114][INFO] Epoch 00020/00300 | Loss 2.3625
[2026-05-25 09:15:46,695][main.py][line:114][INFO] Epoch 00030/00300 | Loss 2.3539
[2026-05-25 09:15:47,012][main.py][line:114][INFO] Epoch 00040/00300 | Loss 2.3221
[2026-05-25 09:15:47,222][main.py][line:114][INFO] Epoch 00050/00300 | Loss 2.2943
[2026-05-25 09:15:47,481][main.py][line:114][INFO] Epoch 00060/00300 | Loss 2.2797
[2026-05-25 09:15:47,816][main.py][line:114][INFO] Epoch 00070/00300 | Loss 2.2678
[2026-05-25 09:15:48,020][main.py][line:114][INFO] Epoch 00080/00300 | Loss 2.2586
[2026-05-25 09:15:48,339][main.py][line:114][INFO] Epoch 00090/00300 | Loss 2.2582
[2026-05-25 09:15:48,677][main.py][line:114][INFO] Epoch 00100/00300 | Loss 2.2491
[2026-05-25 09:15:48,897][main.py][line:114][INFO] Epoch 00110/00300 | Loss 2.2526
[2026-05-25 09:15:49,200][main.py][line:114][INFO] Epoch 00120/00300 | Loss 2.2335
[2026-05-25 09:15:49,421][main.py][line:114][INFO] Epoch 00130/00300 | Loss 2.2233
[2026-05-25 09:15:49,727][main.py][line:114][INFO] Epoch 00140/00300 | Loss 2.2201
[2026-05-25 09:15:50,077][main.py][line:114][INFO] Epoch 00150/00300 | Loss 2.2267
[2026-05-25 09:15:50,301][main.py][line:114][INFO] Epoch 00160/00300 | Loss 2.2104
[2026-05-25 09:15:50,613][main.py][line:114][INFO] Epoch 00170/00300 | Loss 2.2072
[2026-05-25 09:15:50,946][main.py][line:114][INFO] Epoch 00180/00300 | Loss 2.2085
[2026-05-25 09:15:51,165][main.py][line:114][INFO] Epoch 00190/00300 | Loss 2.1923
[2026-05-25 09:15:51,498][main.py][line:114][INFO] Epoch 00200/00300 | Loss 2.1883
[2026-05-25 09:15:51,783][main.py][line:114][INFO] Epoch 00210/00300 | Loss 2.1874
[2026-05-25 09:15:52,031][main.py][line:114][INFO] Epoch 00220/00300 | Loss 2.1961
[2026-05-25 09:15:52,385][main.py][line:114][INFO] Epoch 00230/00300 | Loss 2.1822
[2026-05-25 09:15:52,721][main.py][line:114][INFO] Epoch 00240/00300 | Loss 2.1880
[2026-05-25 09:15:52,995][main.py][line:114][INFO] Epoch 00250/00300 | Loss 2.1765
[2026-05-25 09:15:53,298][main.py][line:114][INFO] Epoch 00260/00300 | Loss 2.1751
[2026-05-25 09:15:53,645][main.py][line:114][INFO] Epoch 00270/00300 | Loss 2.1695
[2026-05-25 09:15:53,869][main.py][line:114][INFO] Epoch 00280/00300 | Loss 2.1677
[2026-05-25 09:15:54,179][main.py][line:114][INFO] Epoch 00290/00300 | Loss 2.1689
[2026-05-25 09:15:54,532][main.py][line:138][INFO] Edge recovery: 11903
[2026-05-25 09:15:54,532][main.py][line:196][INFO] === Train Classifier ===
[2026-05-25 09:15:54,626][main.py][line:164][INFO] Epoch 00000/00200 | Loss 2.0748 | Accuracy 0.3614
[2026-05-25 09:15:56,214][main.py][line:164][INFO] Epoch 00100/00200 | Loss 0.1696 | Accuracy 0.8313
[2026-05-25 09:15:57,757][main.py][line:168][INFO] Run 00 Test Accuracy 0.8554
[2026-05-25 09:15:57,782][main.py][line:164][INFO] Epoch 00000/00200 | Loss 1.9452 | Accuracy 0.5341
[2026-05-25 09:15:59,453][main.py][line:164][INFO] Epoch 00100/00200 | Loss 0.1610 | Accuracy 0.8112
[2026-05-25 09:16:00,938][main.py][line:168][INFO] Run 01 Test Accuracy 0.8193
[2026-05-25 09:16:01,004][main.py][line:164][INFO] Epoch 00000/00200 | Loss 2.0658 | Accuracy 0.3775
[2026-05-25 09:16:02,495][main.py][line:164][INFO] Epoch 00100/00200 | Loss 0.1347 | Accuracy 0.8353
[2026-05-25 09:16:04,151][main.py][line:168][INFO] Run 02 Test Accuracy 0.8313
[2026-05-25 09:16:04,170][main.py][line:164][INFO] Epoch 00000/00200 | Loss 2.0575 | Accuracy 0.3333
[2026-05-25 09:16:05,783][main.py][line:164][INFO] Epoch 00100/00200 | Loss 0.1362 | Accuracy 0.8273
[2026-05-25 09:16:07,361][main.py][line:168][INFO] Run 03 Test Accuracy 0.8795
[2026-05-25 09:16:07,380][main.py][line:164][INFO] Epoch 00000/00200 | Loss 2.0800 | Accuracy 0.5261
[2026-05-25 09:16:09,003][main.py][line:164][INFO] Epoch 00100/00200 | Loss 0.1418 | Accuracy 0.8153
[2026-05-25 09:16:10,524][main.py][line:168][INFO] Run 04 Test Accuracy 0.8434
[2026-05-25 09:16:10,544][main.py][line:164][INFO] Epoch 00000/00200 | Loss 2.2136 | Accuracy 0.2610
[2026-05-25 09:16:12,174][main.py][line:164][INFO] Epoch 00100/00200 | Loss 0.1623 | Accuracy 0.8112
[2026-05-25 09:16:13,735][main.py][line:168][INFO] Run 05 Test Accuracy 0.8313
[2026-05-25 09:16:13,785][main.py][line:164][INFO] Epoch 00000/00200 | Loss 2.0717 | Accuracy 0.4659
[2026-05-25 09:16:15,461][main.py][line:164][INFO] Epoch 00100/00200 | Loss 0.1366 | Accuracy 0.8313
[2026-05-25 09:16:16,994][main.py][line:168][INFO] Run 06 Test Accuracy 0.8795
[2026-05-25 09:16:17,008][main.py][line:164][INFO] Epoch 00000/00200 | Loss 2.1423 | Accuracy 0.3896
[2026-05-25 09:16:18,637][main.py][line:164][INFO] Epoch 00100/00200 | Loss 0.1428 | Accuracy 0.8394
[2026-05-25 09:16:20,171][main.py][line:168][INFO] Run 07 Test Accuracy 0.8554
[2026-05-25 09:16:20,191][main.py][line:164][INFO] Epoch 00000/00200 | Loss 2.0960 | Accuracy 0.4739
[2026-05-25 09:16:21,859][main.py][line:164][INFO] Epoch 00100/00200 | Loss 0.1609 | Accuracy 0.8193
[2026-05-25 09:16:23,566][main.py][line:168][INFO] Run 08 Test Accuracy 0.8313
[2026-05-25 09:16:23,587][main.py][line:164][INFO] Epoch 00000/00200 | Loss 2.1342 | Accuracy 0.4940
[2026-05-25 09:16:25,241][main.py][line:164][INFO] Epoch 00100/00200 | Loss 0.1738 | Accuracy 0.8273
[2026-05-25 09:16:26,703][main.py][line:168][INFO] Run 09 Test Accuracy 0.8554
[2026-05-25 09:16:26,704][main.py][line:211][INFO] Mean Accuracy:0.848193
[2026-05-25 09:16:26,704][main.py][line:212][INFO] Standard Deviation:0.020635
