[2026-05-02 05:00:09,532][main.py][line:76][INFO] Random seed: 15
[2026-05-02 05:00:09,532][main.py][line:81][INFO] Using GPU
[2026-05-02 05:00:09,532][main.py][line:88][INFO] Loading dataset citeseer with pertubation rate 0.25
[2026-05-02 05:00:09,729][main.py][line:101][INFO] train nodes:210
[2026-05-02 05:00:09,729][main.py][line:102][INFO] val nodes:211
[2026-05-02 05:00:09,730][main.py][line:103][INFO] test nodes:1688
[2026-05-02 05:00:09,730][main.py][line:178][INFO] Namespace(use_config=True, config='citeseer_mettack_0.25', dataset='citeseer', ptb_rate=0.25, attack='mettack', jt=0.6, cos=0.6, cos_add=0.85, DMAE_hidden=256, DMAE_epochs=300, recover_threshold=0.7, lap_threshold=0.4, L_dim=20, k=50, GAT_layers=2, hidden_dim=32, dropout=0.6, log=True, seed=15)
[2026-05-02 05:00:09,730][main.py][line:180][INFO] === Start filter adj ===
[2026-05-02 05:00:09,952][main.py][line:183][INFO] === Recover adj ===
[2026-05-02 05:00:21,497][main.py][line:108][INFO] clean_lap shape: torch.Size([2110, 20])
[2026-05-02 05:00:21,865][main.py][line:116][INFO] Epoch 00000/00300 | Loss 3.0674
[2026-05-02 05:00:22,109][main.py][line:116][INFO] Epoch 00010/00300 | Loss 2.4740
[2026-05-02 05:00:22,391][main.py][line:116][INFO] Epoch 00020/00300 | Loss 2.4432
[2026-05-02 05:00:22,660][main.py][line:116][INFO] Epoch 00030/00300 | Loss 2.4173
[2026-05-02 05:00:22,920][main.py][line:116][INFO] Epoch 00040/00300 | Loss 2.4157
[2026-05-02 05:00:23,179][main.py][line:116][INFO] Epoch 00050/00300 | Loss 2.3982
[2026-05-02 05:00:23,427][main.py][line:116][INFO] Epoch 00060/00300 | Loss 2.3968
[2026-05-02 05:00:23,697][main.py][line:116][INFO] Epoch 00070/00300 | Loss 2.3827
[2026-05-02 05:00:23,959][main.py][line:116][INFO] Epoch 00080/00300 | Loss 2.3820
[2026-05-02 05:00:24,226][main.py][line:116][INFO] Epoch 00090/00300 | Loss 2.3730
[2026-05-02 05:00:24,493][main.py][line:116][INFO] Epoch 00100/00300 | Loss 2.3675
[2026-05-02 05:00:24,759][main.py][line:116][INFO] Epoch 00110/00300 | Loss 2.3631
[2026-05-02 05:00:25,018][main.py][line:116][INFO] Epoch 00120/00300 | Loss 2.3589
[2026-05-02 05:00:25,280][main.py][line:116][INFO] Epoch 00130/00300 | Loss 2.3595
[2026-05-02 05:00:25,538][main.py][line:116][INFO] Epoch 00140/00300 | Loss 2.3542
[2026-05-02 05:00:25,807][main.py][line:116][INFO] Epoch 00150/00300 | Loss 2.3411
[2026-05-02 05:00:26,071][main.py][line:116][INFO] Epoch 00160/00300 | Loss 2.3472
[2026-05-02 05:00:26,332][main.py][line:116][INFO] Epoch 00170/00300 | Loss 2.3404
[2026-05-02 05:00:26,592][main.py][line:116][INFO] Epoch 00180/00300 | Loss 2.3282
[2026-05-02 05:00:26,852][main.py][line:116][INFO] Epoch 00190/00300 | Loss 2.3381
[2026-05-02 05:00:27,113][main.py][line:116][INFO] Epoch 00200/00300 | Loss 2.3173
[2026-05-02 05:00:27,378][main.py][line:116][INFO] Epoch 00210/00300 | Loss 2.3151
[2026-05-02 05:00:27,647][main.py][line:116][INFO] Epoch 00220/00300 | Loss 2.3031
[2026-05-02 05:00:27,917][main.py][line:116][INFO] Epoch 00230/00300 | Loss 2.3012
[2026-05-02 05:00:28,188][main.py][line:116][INFO] Epoch 00240/00300 | Loss 2.2870
[2026-05-02 05:00:28,447][main.py][line:116][INFO] Epoch 00250/00300 | Loss 2.2990
[2026-05-02 05:00:28,701][main.py][line:116][INFO] Epoch 00260/00300 | Loss 2.2906
[2026-05-02 05:00:28,963][main.py][line:116][INFO] Epoch 00270/00300 | Loss 2.2848
[2026-05-02 05:00:29,226][main.py][line:116][INFO] Epoch 00280/00300 | Loss 2.2777
[2026-05-02 05:00:29,489][main.py][line:116][INFO] Epoch 00290/00300 | Loss 2.2674
[2026-05-02 05:00:29,753][main.py][line:140][INFO] Edge recovery: 9176
[2026-05-02 05:00:29,754][main.py][line:198][INFO] === Train Classifier ===
[2026-05-02 05:00:29,854][main.py][line:166][INFO] Epoch 00000/00200 | Loss 1.8382 | Accuracy 0.6588
[2026-05-02 05:00:31,108][main.py][line:166][INFO] Epoch 00100/00200 | Loss 0.1135 | Accuracy 0.7630
[2026-05-02 05:00:32,405][main.py][line:170][INFO] Run 00 Test Accuracy 0.7524
[2026-05-02 05:00:32,427][main.py][line:166][INFO] Epoch 00000/00200 | Loss 1.9077 | Accuracy 0.6398
[2026-05-02 05:00:33,708][main.py][line:166][INFO] Epoch 00100/00200 | Loss 0.1896 | Accuracy 0.7867
[2026-05-02 05:00:34,972][main.py][line:170][INFO] Run 01 Test Accuracy 0.7488
[2026-05-02 05:00:34,995][main.py][line:166][INFO] Epoch 00000/00200 | Loss 1.9322 | Accuracy 0.5355
[2026-05-02 05:00:36,279][main.py][line:166][INFO] Epoch 00100/00200 | Loss 0.1296 | Accuracy 0.7725
[2026-05-02 05:00:37,573][main.py][line:170][INFO] Run 02 Test Accuracy 0.7618
[2026-05-02 05:00:37,596][main.py][line:166][INFO] Epoch 00000/00200 | Loss 1.9216 | Accuracy 0.6256
[2026-05-02 05:00:38,828][main.py][line:166][INFO] Epoch 00100/00200 | Loss 0.1464 | Accuracy 0.7962
[2026-05-02 05:00:40,000][main.py][line:170][INFO] Run 03 Test Accuracy 0.7500
[2026-05-02 05:00:40,012][main.py][line:166][INFO] Epoch 00000/00200 | Loss 2.0130 | Accuracy 0.5403
[2026-05-02 05:00:41,230][main.py][line:166][INFO] Epoch 00100/00200 | Loss 0.1838 | Accuracy 0.7678
[2026-05-02 05:00:42,446][main.py][line:170][INFO] Run 04 Test Accuracy 0.7589
[2026-05-02 05:00:42,457][main.py][line:166][INFO] Epoch 00000/00200 | Loss 1.9130 | Accuracy 0.6256
[2026-05-02 05:00:42,975][main.py][line:166][INFO] Epoch 00100/00200 | Loss 0.1120 | Accuracy 0.7773
[2026-05-02 05:00:43,480][main.py][line:170][INFO] Run 05 Test Accuracy 0.7559
[2026-05-02 05:00:43,491][main.py][line:166][INFO] Epoch 00000/00200 | Loss 1.8709 | Accuracy 0.6445
[2026-05-02 05:00:44,009][main.py][line:166][INFO] Epoch 00100/00200 | Loss 0.1685 | Accuracy 0.7867
[2026-05-02 05:00:44,515][main.py][line:170][INFO] Run 06 Test Accuracy 0.7482
[2026-05-02 05:00:44,527][main.py][line:166][INFO] Epoch 00000/00200 | Loss 1.9078 | Accuracy 0.5829
[2026-05-02 05:00:45,047][main.py][line:166][INFO] Epoch 00100/00200 | Loss 0.1361 | Accuracy 0.7773
[2026-05-02 05:00:45,553][main.py][line:170][INFO] Run 07 Test Accuracy 0.7518
[2026-05-02 05:00:45,564][main.py][line:166][INFO] Epoch 00000/00200 | Loss 1.9344 | Accuracy 0.5640
[2026-05-02 05:00:46,082][main.py][line:166][INFO] Epoch 00100/00200 | Loss 0.0927 | Accuracy 0.7962
[2026-05-02 05:00:46,587][main.py][line:170][INFO] Run 08 Test Accuracy 0.7547
[2026-05-02 05:00:46,599][main.py][line:166][INFO] Epoch 00000/00200 | Loss 1.9514 | Accuracy 0.5640
[2026-05-02 05:00:47,120][main.py][line:166][INFO] Epoch 00100/00200 | Loss 0.1237 | Accuracy 0.7915
[2026-05-02 05:00:47,625][main.py][line:170][INFO] Run 09 Test Accuracy 0.7595
[2026-05-02 05:00:47,625][main.py][line:213][INFO] Mean Accuracy:0.754206
[2026-05-02 05:00:47,626][main.py][line:214][INFO] Standard Deviation:0.004751
