[2026-05-02 04:59:01,397][main.py][line:76][INFO] Random seed: 15
[2026-05-02 04:59:01,397][main.py][line:81][INFO] Using GPU
[2026-05-02 04:59:01,397][main.py][line:88][INFO] Loading dataset citeseer with pertubation rate 0.15
[2026-05-02 04:59:01,589][main.py][line:101][INFO] train nodes:210
[2026-05-02 04:59:01,590][main.py][line:102][INFO] val nodes:211
[2026-05-02 04:59:01,590][main.py][line:103][INFO] test nodes:1688
[2026-05-02 04:59:01,590][main.py][line:178][INFO] Namespace(use_config=True, config='citeseer_mettack_0.15', dataset='citeseer', ptb_rate=0.15, attack='mettack', jt=0.6, cos=0.6, cos_add=0.85, DMAE_hidden=256, DMAE_epochs=300, recover_threshold=0.7, lap_threshold=0.4, L_dim=20, k=50, GAT_layers=2, hidden_dim=32, dropout=0.6, log=True, seed=15)
[2026-05-02 04:59:01,590][main.py][line:180][INFO] === Start filter adj ===
[2026-05-02 04:59:01,829][main.py][line:183][INFO] === Recover adj ===
[2026-05-02 04:59:12,337][main.py][line:108][INFO] clean_lap shape: torch.Size([2110, 20])
[2026-05-02 04:59:12,696][main.py][line:116][INFO] Epoch 00000/00300 | Loss 3.0672
[2026-05-02 04:59:12,930][main.py][line:116][INFO] Epoch 00010/00300 | Loss 2.4769
[2026-05-02 04:59:13,211][main.py][line:116][INFO] Epoch 00020/00300 | Loss 2.4455
[2026-05-02 04:59:13,471][main.py][line:116][INFO] Epoch 00030/00300 | Loss 2.4298
[2026-05-02 04:59:13,736][main.py][line:116][INFO] Epoch 00040/00300 | Loss 2.4129
[2026-05-02 04:59:14,021][main.py][line:116][INFO] Epoch 00050/00300 | Loss 2.4041
[2026-05-02 04:59:14,301][main.py][line:116][INFO] Epoch 00060/00300 | Loss 2.3811
[2026-05-02 04:59:14,559][main.py][line:116][INFO] Epoch 00070/00300 | Loss 2.3689
[2026-05-02 04:59:14,821][main.py][line:116][INFO] Epoch 00080/00300 | Loss 2.3672
[2026-05-02 04:59:15,078][main.py][line:116][INFO] Epoch 00090/00300 | Loss 2.3707
[2026-05-02 04:59:15,340][main.py][line:116][INFO] Epoch 00100/00300 | Loss 2.3623
[2026-05-02 04:59:15,602][main.py][line:116][INFO] Epoch 00110/00300 | Loss 2.3471
[2026-05-02 04:59:15,865][main.py][line:116][INFO] Epoch 00120/00300 | Loss 2.3421
[2026-05-02 04:59:16,118][main.py][line:116][INFO] Epoch 00130/00300 | Loss 2.3401
[2026-05-02 04:59:16,397][main.py][line:116][INFO] Epoch 00140/00300 | Loss 2.3311
[2026-05-02 04:59:16,643][main.py][line:116][INFO] Epoch 00150/00300 | Loss 2.3361
[2026-05-02 04:59:16,899][main.py][line:116][INFO] Epoch 00160/00300 | Loss 2.3249
[2026-05-02 04:59:17,151][main.py][line:116][INFO] Epoch 00170/00300 | Loss 2.3107
[2026-05-02 04:59:17,408][main.py][line:116][INFO] Epoch 00180/00300 | Loss 2.3053
[2026-05-02 04:59:17,676][main.py][line:116][INFO] Epoch 00190/00300 | Loss 2.3026
[2026-05-02 04:59:17,934][main.py][line:116][INFO] Epoch 00200/00300 | Loss 2.2929
[2026-05-02 04:59:18,201][main.py][line:116][INFO] Epoch 00210/00300 | Loss 2.2743
[2026-05-02 04:59:18,456][main.py][line:116][INFO] Epoch 00220/00300 | Loss 2.2808
[2026-05-02 04:59:18,710][main.py][line:116][INFO] Epoch 00230/00300 | Loss 2.2819
[2026-05-02 04:59:18,964][main.py][line:116][INFO] Epoch 00240/00300 | Loss 2.2697
[2026-05-02 04:59:19,229][main.py][line:116][INFO] Epoch 00250/00300 | Loss 2.2760
[2026-05-02 04:59:19,477][main.py][line:116][INFO] Epoch 00260/00300 | Loss 2.2592
[2026-05-02 04:59:19,729][main.py][line:116][INFO] Epoch 00270/00300 | Loss 2.2554
[2026-05-02 04:59:19,988][main.py][line:116][INFO] Epoch 00280/00300 | Loss 2.2657
[2026-05-02 04:59:20,256][main.py][line:116][INFO] Epoch 00290/00300 | Loss 2.2607
[2026-05-02 04:59:20,529][main.py][line:140][INFO] Edge recovery: 9110
[2026-05-02 04:59:20,530][main.py][line:198][INFO] === Train Classifier ===
[2026-05-02 04:59:20,633][main.py][line:166][INFO] Epoch 00000/00200 | Loss 1.9315 | Accuracy 0.5261
[2026-05-02 04:59:21,832][main.py][line:166][INFO] Epoch 00100/00200 | Loss 0.0998 | Accuracy 0.7678
[2026-05-02 04:59:23,058][main.py][line:170][INFO] Run 00 Test Accuracy 0.7435
[2026-05-02 04:59:23,079][main.py][line:166][INFO] Epoch 00000/00200 | Loss 1.8460 | Accuracy 0.5924
[2026-05-02 04:59:24,297][main.py][line:166][INFO] Epoch 00100/00200 | Loss 0.0801 | Accuracy 0.7725
[2026-05-02 04:59:25,549][main.py][line:170][INFO] Run 01 Test Accuracy 0.7423
[2026-05-02 04:59:25,573][main.py][line:166][INFO] Epoch 00000/00200 | Loss 1.8942 | Accuracy 0.5498
[2026-05-02 04:59:26,798][main.py][line:166][INFO] Epoch 00100/00200 | Loss 0.1382 | Accuracy 0.7630
[2026-05-02 04:59:28,005][main.py][line:170][INFO] Run 02 Test Accuracy 0.7476
[2026-05-02 04:59:28,027][main.py][line:166][INFO] Epoch 00000/00200 | Loss 1.8832 | Accuracy 0.5782
[2026-05-02 04:59:29,243][main.py][line:166][INFO] Epoch 00100/00200 | Loss 0.1097 | Accuracy 0.7820
[2026-05-02 04:59:30,479][main.py][line:170][INFO] Run 03 Test Accuracy 0.7447
[2026-05-02 04:59:30,502][main.py][line:166][INFO] Epoch 00000/00200 | Loss 1.8571 | Accuracy 0.6540
[2026-05-02 04:59:31,716][main.py][line:166][INFO] Epoch 00100/00200 | Loss 0.1080 | Accuracy 0.7867
[2026-05-02 04:59:32,925][main.py][line:170][INFO] Run 04 Test Accuracy 0.7547
[2026-05-02 04:59:32,947][main.py][line:166][INFO] Epoch 00000/00200 | Loss 1.8700 | Accuracy 0.6114
[2026-05-02 04:59:34,190][main.py][line:166][INFO] Epoch 00100/00200 | Loss 0.0965 | Accuracy 0.7820
[2026-05-02 04:59:35,068][main.py][line:170][INFO] Run 05 Test Accuracy 0.7524
[2026-05-02 04:59:35,090][main.py][line:166][INFO] Epoch 00000/00200 | Loss 1.8890 | Accuracy 0.5166
[2026-05-02 04:59:36,390][main.py][line:166][INFO] Epoch 00100/00200 | Loss 0.1132 | Accuracy 0.7725
[2026-05-02 04:59:37,735][main.py][line:170][INFO] Run 06 Test Accuracy 0.7423
[2026-05-02 04:59:37,757][main.py][line:166][INFO] Epoch 00000/00200 | Loss 1.8817 | Accuracy 0.5071
[2026-05-02 04:59:39,153][main.py][line:166][INFO] Epoch 00100/00200 | Loss 0.1181 | Accuracy 0.7773
[2026-05-02 04:59:40,546][main.py][line:170][INFO] Run 07 Test Accuracy 0.7559
[2026-05-02 04:59:40,573][main.py][line:166][INFO] Epoch 00000/00200 | Loss 1.9181 | Accuracy 0.5829
[2026-05-02 04:59:41,839][main.py][line:166][INFO] Epoch 00100/00200 | Loss 0.1123 | Accuracy 0.7773
[2026-05-02 04:59:43,202][main.py][line:170][INFO] Run 08 Test Accuracy 0.7364
[2026-05-02 04:59:43,225][main.py][line:166][INFO] Epoch 00000/00200 | Loss 1.9792 | Accuracy 0.5450
[2026-05-02 04:59:44,466][main.py][line:166][INFO] Epoch 00100/00200 | Loss 0.0920 | Accuracy 0.7725
[2026-05-02 04:59:45,853][main.py][line:170][INFO] Run 09 Test Accuracy 0.7500
[2026-05-02 04:59:45,853][main.py][line:213][INFO] Mean Accuracy:0.746979
[2026-05-02 04:59:45,854][main.py][line:214][INFO] Standard Deviation:0.006260
