[2026-05-02 04:46:47,822][main.py][line:76][INFO] Random seed: 15
[2026-05-02 04:46:47,822][main.py][line:81][INFO] Using GPU
[2026-05-02 04:46:47,822][main.py][line:88][INFO] Loading dataset cora with pertubation rate 0.0
[2026-05-02 04:46:48,000][main.py][line:101][INFO] train nodes:247
[2026-05-02 04:46:48,001][main.py][line:102][INFO] val nodes:249
[2026-05-02 04:46:48,001][main.py][line:103][INFO] test nodes:1988
[2026-05-02 04:46:48,001][main.py][line:178][INFO] Namespace(use_config=True, config='cora_mettack_0.0', dataset='cora', ptb_rate=0.0, attack='mettack', jt=0.5, cos=0.5, cos_add=0.9, DMAE_hidden=256, DMAE_epochs=300, recover_threshold=0.7, lap_threshold=1.0, L_dim=20, k=50, GAT_layers=2, hidden_dim=32, dropout=0.6, log=True, seed=15)
[2026-05-02 04:46:48,001][main.py][line:180][INFO] === Start filter adj ===
[2026-05-02 04:46:48,222][main.py][line:183][INFO] === Recover adj ===
[2026-05-02 04:46:48,346][main.py][line:108][INFO] clean_lap shape: torch.Size([2485, 20])
[2026-05-02 04:46:48,678][main.py][line:116][INFO] Epoch 00000/00300 | Loss 3.0098
[2026-05-02 04:46:48,901][main.py][line:116][INFO] Epoch 00010/00300 | Loss 2.3708
[2026-05-02 04:46:49,139][main.py][line:116][INFO] Epoch 00020/00300 | Loss 2.3387
[2026-05-02 04:46:49,387][main.py][line:116][INFO] Epoch 00030/00300 | Loss 2.3289
[2026-05-02 04:46:49,634][main.py][line:116][INFO] Epoch 00040/00300 | Loss 2.3179
[2026-05-02 04:46:49,872][main.py][line:116][INFO] Epoch 00050/00300 | Loss 2.2946
[2026-05-02 04:46:50,123][main.py][line:116][INFO] Epoch 00060/00300 | Loss 2.2693
[2026-05-02 04:46:50,373][main.py][line:116][INFO] Epoch 00070/00300 | Loss 2.2588
[2026-05-02 04:46:50,622][main.py][line:116][INFO] Epoch 00080/00300 | Loss 2.2472
[2026-05-02 04:46:50,863][main.py][line:116][INFO] Epoch 00090/00300 | Loss 2.2469
[2026-05-02 04:46:51,113][main.py][line:116][INFO] Epoch 00100/00300 | Loss 2.2503
[2026-05-02 04:46:51,361][main.py][line:116][INFO] Epoch 00110/00300 | Loss 2.2376
[2026-05-02 04:46:51,611][main.py][line:116][INFO] Epoch 00120/00300 | Loss 2.2341
[2026-05-02 04:46:51,850][main.py][line:116][INFO] Epoch 00130/00300 | Loss 2.2294
[2026-05-02 04:46:52,081][main.py][line:116][INFO] Epoch 00140/00300 | Loss 2.2205
[2026-05-02 04:46:52,333][main.py][line:116][INFO] Epoch 00150/00300 | Loss 2.2157
[2026-05-02 04:46:52,578][main.py][line:116][INFO] Epoch 00160/00300 | Loss 2.2077
[2026-05-02 04:46:52,829][main.py][line:116][INFO] Epoch 00170/00300 | Loss 2.2050
[2026-05-02 04:46:53,103][main.py][line:116][INFO] Epoch 00180/00300 | Loss 2.1988
[2026-05-02 04:46:53,353][main.py][line:116][INFO] Epoch 00190/00300 | Loss 2.1967
[2026-05-02 04:46:53,605][main.py][line:116][INFO] Epoch 00200/00300 | Loss 2.1922
[2026-05-02 04:46:53,868][main.py][line:116][INFO] Epoch 00210/00300 | Loss 2.1929
[2026-05-02 04:46:54,130][main.py][line:116][INFO] Epoch 00220/00300 | Loss 2.1870
[2026-05-02 04:46:54,388][main.py][line:116][INFO] Epoch 00230/00300 | Loss 2.1745
[2026-05-02 04:46:54,645][main.py][line:116][INFO] Epoch 00240/00300 | Loss 2.1799
[2026-05-02 04:46:54,907][main.py][line:116][INFO] Epoch 00250/00300 | Loss 2.1754
[2026-05-02 04:46:55,165][main.py][line:116][INFO] Epoch 00260/00300 | Loss 2.1618
[2026-05-02 04:46:55,424][main.py][line:116][INFO] Epoch 00270/00300 | Loss 2.1683
[2026-05-02 04:46:55,691][main.py][line:116][INFO] Epoch 00280/00300 | Loss 2.1630
[2026-05-02 04:46:55,953][main.py][line:116][INFO] Epoch 00290/00300 | Loss 2.1581
[2026-05-02 04:46:56,174][main.py][line:140][INFO] Edge recovery: 12721
[2026-05-02 04:46:56,175][main.py][line:198][INFO] === Train Classifier ===
[2026-05-02 04:46:56,274][main.py][line:166][INFO] Epoch 00000/00200 | Loss 2.0028 | Accuracy 0.3213
[2026-05-02 04:46:57,510][main.py][line:166][INFO] Epoch 00100/00200 | Loss 0.1526 | Accuracy 0.8474
[2026-05-02 04:46:58,747][main.py][line:170][INFO] Run 00 Test Accuracy 0.8461
[2026-05-02 04:46:58,767][main.py][line:166][INFO] Epoch 00000/00200 | Loss 2.0416 | Accuracy 0.3454
[2026-05-02 04:47:00,032][main.py][line:166][INFO] Epoch 00100/00200 | Loss 0.1440 | Accuracy 0.8474
[2026-05-02 04:47:01,264][main.py][line:170][INFO] Run 01 Test Accuracy 0.8546
[2026-05-02 04:47:01,285][main.py][line:166][INFO] Epoch 00000/00200 | Loss 2.1046 | Accuracy 0.2289
[2026-05-02 04:47:02,503][main.py][line:166][INFO] Epoch 00100/00200 | Loss 0.1398 | Accuracy 0.8554
[2026-05-02 04:47:03,747][main.py][line:170][INFO] Run 02 Test Accuracy 0.8566
[2026-05-02 04:47:03,766][main.py][line:166][INFO] Epoch 00000/00200 | Loss 2.0295 | Accuracy 0.4016
[2026-05-02 04:47:05,002][main.py][line:166][INFO] Epoch 00100/00200 | Loss 0.1025 | Accuracy 0.8675
[2026-05-02 04:47:06,309][main.py][line:170][INFO] Run 03 Test Accuracy 0.8536
[2026-05-02 04:47:06,328][main.py][line:166][INFO] Epoch 00000/00200 | Loss 2.0341 | Accuracy 0.4378
[2026-05-02 04:47:07,531][main.py][line:166][INFO] Epoch 00100/00200 | Loss 0.1198 | Accuracy 0.8434
[2026-05-02 04:47:08,816][main.py][line:170][INFO] Run 04 Test Accuracy 0.8592
[2026-05-02 04:47:08,837][main.py][line:166][INFO] Epoch 00000/00200 | Loss 2.0722 | Accuracy 0.2892
[2026-05-02 04:47:10,096][main.py][line:166][INFO] Epoch 00100/00200 | Loss 0.1287 | Accuracy 0.8514
[2026-05-02 04:47:11,406][main.py][line:170][INFO] Run 05 Test Accuracy 0.8526
[2026-05-02 04:47:11,425][main.py][line:166][INFO] Epoch 00000/00200 | Loss 2.0677 | Accuracy 0.3092
[2026-05-02 04:47:12,627][main.py][line:166][INFO] Epoch 00100/00200 | Loss 0.1509 | Accuracy 0.8474
[2026-05-02 04:47:13,928][main.py][line:170][INFO] Run 06 Test Accuracy 0.8481
[2026-05-02 04:47:13,946][main.py][line:166][INFO] Epoch 00000/00200 | Loss 2.1143 | Accuracy 0.3534
[2026-05-02 04:47:15,158][main.py][line:166][INFO] Epoch 00100/00200 | Loss 0.1034 | Accuracy 0.8554
[2026-05-02 04:47:16,422][main.py][line:170][INFO] Run 07 Test Accuracy 0.8536
[2026-05-02 04:47:16,442][main.py][line:166][INFO] Epoch 00000/00200 | Loss 2.1281 | Accuracy 0.2490
[2026-05-02 04:47:17,768][main.py][line:166][INFO] Epoch 00100/00200 | Loss 0.2008 | Accuracy 0.8554
[2026-05-02 04:47:19,069][main.py][line:170][INFO] Run 08 Test Accuracy 0.8566
[2026-05-02 04:47:19,089][main.py][line:166][INFO] Epoch 00000/00200 | Loss 2.0758 | Accuracy 0.4297
[2026-05-02 04:47:20,366][main.py][line:166][INFO] Epoch 00100/00200 | Loss 0.1310 | Accuracy 0.8755
[2026-05-02 04:47:21,723][main.py][line:170][INFO] Run 09 Test Accuracy 0.8531
[2026-05-02 04:47:21,724][main.py][line:213][INFO] Mean Accuracy:0.853421
[2026-05-02 04:47:21,724][main.py][line:214][INFO] Standard Deviation:0.003919
