[2026-05-02 04:53:43,895][main.py][line:76][INFO] Random seed: 15
[2026-05-02 04:53:43,895][main.py][line:81][INFO] Using GPU
[2026-05-02 04:53:43,895][main.py][line:88][INFO] Loading dataset cora with pertubation rate 0.25
[2026-05-02 04:53:44,068][main.py][line:101][INFO] train nodes:247
[2026-05-02 04:53:44,068][main.py][line:102][INFO] val nodes:249
[2026-05-02 04:53:44,068][main.py][line:103][INFO] test nodes:1988
[2026-05-02 04:53:44,068][main.py][line:178][INFO] Namespace(use_config=True, config='cora_mettack_0.25', dataset='cora', ptb_rate=0.25, attack='mettack', jt=0.6, cos=0.6, cos_add=0.9, DMAE_hidden=256, DMAE_epochs=300, recover_threshold=0.65, lap_threshold=0.4, L_dim=20, k=50, GAT_layers=2, hidden_dim=32, dropout=0.6, log=True, seed=15)
[2026-05-02 04:53:44,069][main.py][line:180][INFO] === Start filter adj ===
[2026-05-02 04:53:44,290][main.py][line:183][INFO] === Recover adj ===
[2026-05-02 04:53:57,386][main.py][line:108][INFO] clean_lap shape: torch.Size([2485, 20])
[2026-05-02 04:53:57,724][main.py][line:116][INFO] Epoch 00000/00300 | Loss 3.0239
[2026-05-02 04:53:57,930][main.py][line:116][INFO] Epoch 00010/00300 | Loss 2.4155
[2026-05-02 04:53:58,176][main.py][line:116][INFO] Epoch 00020/00300 | Loss 2.3735
[2026-05-02 04:53:58,444][main.py][line:116][INFO] Epoch 00030/00300 | Loss 2.3656
[2026-05-02 04:53:58,694][main.py][line:116][INFO] Epoch 00040/00300 | Loss 2.3613
[2026-05-02 04:53:58,943][main.py][line:116][INFO] Epoch 00050/00300 | Loss 2.3378
[2026-05-02 04:53:59,190][main.py][line:116][INFO] Epoch 00060/00300 | Loss 2.3318
[2026-05-02 04:53:59,442][main.py][line:116][INFO] Epoch 00070/00300 | Loss 2.3183
[2026-05-02 04:53:59,710][main.py][line:116][INFO] Epoch 00080/00300 | Loss 2.3054
[2026-05-02 04:53:59,963][main.py][line:116][INFO] Epoch 00090/00300 | Loss 2.3037
[2026-05-02 04:54:00,214][main.py][line:116][INFO] Epoch 00100/00300 | Loss 2.2974
[2026-05-02 04:54:00,465][main.py][line:116][INFO] Epoch 00110/00300 | Loss 2.2839
[2026-05-02 04:54:00,718][main.py][line:116][INFO] Epoch 00120/00300 | Loss 2.2826
[2026-05-02 04:54:00,965][main.py][line:116][INFO] Epoch 00130/00300 | Loss 2.2714
[2026-05-02 04:54:01,218][main.py][line:116][INFO] Epoch 00140/00300 | Loss 2.2687
[2026-05-02 04:54:01,468][main.py][line:116][INFO] Epoch 00150/00300 | Loss 2.2704
[2026-05-02 04:54:01,729][main.py][line:116][INFO] Epoch 00160/00300 | Loss 2.2849
[2026-05-02 04:54:01,980][main.py][line:116][INFO] Epoch 00170/00300 | Loss 2.2644
[2026-05-02 04:54:02,229][main.py][line:116][INFO] Epoch 00180/00300 | Loss 2.2563
[2026-05-02 04:54:02,482][main.py][line:116][INFO] Epoch 00190/00300 | Loss 2.2506
[2026-05-02 04:54:02,731][main.py][line:116][INFO] Epoch 00200/00300 | Loss 2.2578
[2026-05-02 04:54:02,981][main.py][line:116][INFO] Epoch 00210/00300 | Loss 2.2599
[2026-05-02 04:54:03,227][main.py][line:116][INFO] Epoch 00220/00300 | Loss 2.2580
[2026-05-02 04:54:03,476][main.py][line:116][INFO] Epoch 00230/00300 | Loss 2.2514
[2026-05-02 04:54:03,717][main.py][line:116][INFO] Epoch 00240/00300 | Loss 2.2377
[2026-05-02 04:54:03,965][main.py][line:116][INFO] Epoch 00250/00300 | Loss 2.2346
[2026-05-02 04:54:04,222][main.py][line:116][INFO] Epoch 00260/00300 | Loss 2.2305
[2026-05-02 04:54:04,432][main.py][line:116][INFO] Epoch 00270/00300 | Loss 2.2476
[2026-05-02 04:54:04,676][main.py][line:116][INFO] Epoch 00280/00300 | Loss 2.2264
[2026-05-02 04:54:04,930][main.py][line:116][INFO] Epoch 00290/00300 | Loss 2.2215
[2026-05-02 04:54:05,204][main.py][line:140][INFO] Edge recovery: 11697
[2026-05-02 04:54:05,204][main.py][line:198][INFO] === Train Classifier ===
[2026-05-02 04:54:05,305][main.py][line:166][INFO] Epoch 00000/00200 | Loss 2.0025 | Accuracy 0.4096
[2026-05-02 04:54:06,604][main.py][line:166][INFO] Epoch 00100/00200 | Loss 0.2085 | Accuracy 0.7952
[2026-05-02 04:54:07,856][main.py][line:170][INFO] Run 00 Test Accuracy 0.7943
[2026-05-02 04:54:07,876][main.py][line:166][INFO] Epoch 00000/00200 | Loss 2.0333 | Accuracy 0.4980
[2026-05-02 04:54:09,107][main.py][line:166][INFO] Epoch 00100/00200 | Loss 0.2015 | Accuracy 0.8032
[2026-05-02 04:54:10,356][main.py][line:170][INFO] Run 01 Test Accuracy 0.7887
[2026-05-02 04:54:10,376][main.py][line:166][INFO] Epoch 00000/00200 | Loss 2.0952 | Accuracy 0.4217
[2026-05-02 04:54:11,620][main.py][line:166][INFO] Epoch 00100/00200 | Loss 0.2570 | Accuracy 0.8032
[2026-05-02 04:54:12,900][main.py][line:170][INFO] Run 02 Test Accuracy 0.7902
[2026-05-02 04:54:12,921][main.py][line:166][INFO] Epoch 00000/00200 | Loss 2.0904 | Accuracy 0.4980
[2026-05-02 04:54:14,241][main.py][line:166][INFO] Epoch 00100/00200 | Loss 0.1738 | Accuracy 0.7952
[2026-05-02 04:54:15,544][main.py][line:170][INFO] Run 03 Test Accuracy 0.7943
[2026-05-02 04:54:15,564][main.py][line:166][INFO] Epoch 00000/00200 | Loss 2.0425 | Accuracy 0.4940
[2026-05-02 04:54:16,810][main.py][line:166][INFO] Epoch 00100/00200 | Loss 0.1937 | Accuracy 0.7871
[2026-05-02 04:54:18,035][main.py][line:170][INFO] Run 04 Test Accuracy 0.7918
[2026-05-02 04:54:18,053][main.py][line:166][INFO] Epoch 00000/00200 | Loss 2.0827 | Accuracy 0.4217
[2026-05-02 04:54:19,288][main.py][line:166][INFO] Epoch 00100/00200 | Loss 0.1823 | Accuracy 0.7992
[2026-05-02 04:54:20,537][main.py][line:170][INFO] Run 05 Test Accuracy 0.7993
[2026-05-02 04:54:20,556][main.py][line:166][INFO] Epoch 00000/00200 | Loss 2.0300 | Accuracy 0.4940
[2026-05-02 04:54:21,880][main.py][line:166][INFO] Epoch 00100/00200 | Loss 0.2437 | Accuracy 0.7912
[2026-05-02 04:54:23,099][main.py][line:170][INFO] Run 06 Test Accuracy 0.7958
[2026-05-02 04:54:23,116][main.py][line:166][INFO] Epoch 00000/00200 | Loss 2.0133 | Accuracy 0.4418
[2026-05-02 04:54:24,651][main.py][line:166][INFO] Epoch 00100/00200 | Loss 0.1413 | Accuracy 0.7831
[2026-05-02 04:54:26,013][main.py][line:170][INFO] Run 07 Test Accuracy 0.7928
[2026-05-02 04:54:26,032][main.py][line:166][INFO] Epoch 00000/00200 | Loss 2.0668 | Accuracy 0.3534
[2026-05-02 04:54:27,276][main.py][line:166][INFO] Epoch 00100/00200 | Loss 0.1661 | Accuracy 0.7791
[2026-05-02 04:54:28,545][main.py][line:170][INFO] Run 08 Test Accuracy 0.7943
[2026-05-02 04:54:28,566][main.py][line:166][INFO] Epoch 00000/00200 | Loss 2.0920 | Accuracy 0.4016
[2026-05-02 04:54:29,809][main.py][line:166][INFO] Epoch 00100/00200 | Loss 0.1918 | Accuracy 0.8072
[2026-05-02 04:54:31,050][main.py][line:170][INFO] Run 09 Test Accuracy 0.7918
[2026-05-02 04:54:31,051][main.py][line:213][INFO] Mean Accuracy:0.793310
[2026-05-02 04:54:31,051][main.py][line:214][INFO] Standard Deviation:0.002985
