[2026-05-02 05:16:06,383][main.py][line:76][INFO] Random seed: 15
[2026-05-02 05:16:06,384][main.py][line:81][INFO] Using GPU
[2026-05-02 05:16:06,384][main.py][line:88][INFO] Loading dataset cora_ml with pertubation rate 0.25
[2026-05-02 05:16:06,597][main.py][line:101][INFO] train nodes:280
[2026-05-02 05:16:06,597][main.py][line:102][INFO] val nodes:282
[2026-05-02 05:16:06,598][main.py][line:103][INFO] test nodes:2248
[2026-05-02 05:16:06,598][main.py][line:178][INFO] Namespace(use_config=True, config='cora_ml_mettack_0.25', dataset='cora_ml', ptb_rate=0.25, attack='mettack', jt=0.55, cos=0.55, cos_add=0.8, DMAE_hidden=256, DMAE_epochs=300, recover_threshold=0.65, lap_threshold=0.4, L_dim=50, k=100, GAT_layers=2, hidden_dim=32, dropout=0.6, log=True, seed=15)
[2026-05-02 05:16:06,598][main.py][line:180][INFO] === Start filter adj ===
[2026-05-02 05:16:06,828][main.py][line:183][INFO] === Recover adj ===
[2026-05-02 05:16:08,128][main.py][line:108][INFO] clean_lap shape: torch.Size([2810, 50])
[2026-05-02 05:16:08,532][main.py][line:116][INFO] Epoch 00000/00300 | Loss 2.6445
[2026-05-02 05:16:08,752][main.py][line:116][INFO] Epoch 00010/00300 | Loss 2.1715
[2026-05-02 05:16:09,014][main.py][line:116][INFO] Epoch 00020/00300 | Loss 2.1315
[2026-05-02 05:16:09,277][main.py][line:116][INFO] Epoch 00030/00300 | Loss 2.0859
[2026-05-02 05:16:09,542][main.py][line:116][INFO] Epoch 00040/00300 | Loss 2.0706
[2026-05-02 05:16:09,808][main.py][line:116][INFO] Epoch 00050/00300 | Loss 2.0643
[2026-05-02 05:16:10,074][main.py][line:116][INFO] Epoch 00060/00300 | Loss 2.0573
[2026-05-02 05:16:10,340][main.py][line:116][INFO] Epoch 00070/00300 | Loss 2.0574
[2026-05-02 05:16:10,606][main.py][line:116][INFO] Epoch 00080/00300 | Loss 2.0513
[2026-05-02 05:16:10,881][main.py][line:116][INFO] Epoch 00090/00300 | Loss 2.0499
[2026-05-02 05:16:11,147][main.py][line:116][INFO] Epoch 00100/00300 | Loss 2.0359
[2026-05-02 05:16:11,416][main.py][line:116][INFO] Epoch 00110/00300 | Loss 2.0350
[2026-05-02 05:16:11,682][main.py][line:116][INFO] Epoch 00120/00300 | Loss 2.0253
[2026-05-02 05:16:11,950][main.py][line:116][INFO] Epoch 00130/00300 | Loss 2.0127
[2026-05-02 05:16:12,217][main.py][line:116][INFO] Epoch 00140/00300 | Loss 2.0059
[2026-05-02 05:16:12,485][main.py][line:116][INFO] Epoch 00150/00300 | Loss 1.9929
[2026-05-02 05:16:12,760][main.py][line:116][INFO] Epoch 00160/00300 | Loss 1.9823
[2026-05-02 05:16:13,026][main.py][line:116][INFO] Epoch 00170/00300 | Loss 1.9755
[2026-05-02 05:16:13,290][main.py][line:116][INFO] Epoch 00180/00300 | Loss 1.9649
[2026-05-02 05:16:13,561][main.py][line:116][INFO] Epoch 00190/00300 | Loss 1.9610
[2026-05-02 05:16:13,827][main.py][line:116][INFO] Epoch 00200/00300 | Loss 1.9529
[2026-05-02 05:16:14,100][main.py][line:116][INFO] Epoch 00210/00300 | Loss 1.9531
[2026-05-02 05:16:14,361][main.py][line:116][INFO] Epoch 00220/00300 | Loss 1.9581
[2026-05-02 05:16:14,630][main.py][line:116][INFO] Epoch 00230/00300 | Loss 1.9492
[2026-05-02 05:16:14,897][main.py][line:116][INFO] Epoch 00240/00300 | Loss 1.9561
[2026-05-02 05:16:15,141][main.py][line:116][INFO] Epoch 00250/00300 | Loss 1.9416
[2026-05-02 05:16:15,412][main.py][line:116][INFO] Epoch 00260/00300 | Loss 1.9437
[2026-05-02 05:16:15,680][main.py][line:116][INFO] Epoch 00270/00300 | Loss 1.9377
[2026-05-02 05:16:15,948][main.py][line:116][INFO] Epoch 00280/00300 | Loss 1.9431
[2026-05-02 05:16:16,220][main.py][line:116][INFO] Epoch 00290/00300 | Loss 1.9252
[2026-05-02 05:16:16,506][main.py][line:140][INFO] Edge recovery: 18168
[2026-05-02 05:16:16,506][main.py][line:198][INFO] === Train Classifier ===
[2026-05-02 05:16:16,608][main.py][line:166][INFO] Epoch 00000/00200 | Loss 1.9372 | Accuracy 0.4610
[2026-05-02 05:16:17,742][main.py][line:166][INFO] Epoch 00100/00200 | Loss 0.3003 | Accuracy 0.8191
[2026-05-02 05:16:18,928][main.py][line:170][INFO] Run 00 Test Accuracy 0.8221
[2026-05-02 05:16:18,950][main.py][line:166][INFO] Epoch 00000/00200 | Loss 1.9258 | Accuracy 0.5426
[2026-05-02 05:16:20,203][main.py][line:166][INFO] Epoch 00100/00200 | Loss 0.2598 | Accuracy 0.8156
[2026-05-02 05:16:21,413][main.py][line:170][INFO] Run 01 Test Accuracy 0.8212
[2026-05-02 05:16:21,432][main.py][line:166][INFO] Epoch 00000/00200 | Loss 1.9726 | Accuracy 0.4645
[2026-05-02 05:16:22,701][main.py][line:166][INFO] Epoch 00100/00200 | Loss 0.3305 | Accuracy 0.8085
[2026-05-02 05:16:23,913][main.py][line:170][INFO] Run 02 Test Accuracy 0.8203
[2026-05-02 05:16:23,934][main.py][line:166][INFO] Epoch 00000/00200 | Loss 1.9515 | Accuracy 0.3688
[2026-05-02 05:16:25,119][main.py][line:166][INFO] Epoch 00100/00200 | Loss 0.3291 | Accuracy 0.8156
[2026-05-02 05:16:26,303][main.py][line:170][INFO] Run 03 Test Accuracy 0.8225
[2026-05-02 05:16:26,326][main.py][line:166][INFO] Epoch 00000/00200 | Loss 1.9478 | Accuracy 0.5780
[2026-05-02 05:16:27,511][main.py][line:166][INFO] Epoch 00100/00200 | Loss 0.2698 | Accuracy 0.8191
[2026-05-02 05:16:28,711][main.py][line:170][INFO] Run 04 Test Accuracy 0.8278
[2026-05-02 05:16:28,735][main.py][line:166][INFO] Epoch 00000/00200 | Loss 1.9618 | Accuracy 0.6028
[2026-05-02 05:16:29,923][main.py][line:166][INFO] Epoch 00100/00200 | Loss 0.3621 | Accuracy 0.8191
[2026-05-02 05:16:31,147][main.py][line:170][INFO] Run 05 Test Accuracy 0.8247
[2026-05-02 05:16:31,170][main.py][line:166][INFO] Epoch 00000/00200 | Loss 1.9617 | Accuracy 0.5567
[2026-05-02 05:16:32,388][main.py][line:166][INFO] Epoch 00100/00200 | Loss 0.3131 | Accuracy 0.8191
[2026-05-02 05:16:33,579][main.py][line:170][INFO] Run 06 Test Accuracy 0.8261
[2026-05-02 05:16:33,602][main.py][line:166][INFO] Epoch 00000/00200 | Loss 1.9745 | Accuracy 0.4468
[2026-05-02 05:16:34,761][main.py][line:166][INFO] Epoch 00100/00200 | Loss 0.3155 | Accuracy 0.8191
[2026-05-02 05:16:35,898][main.py][line:170][INFO] Run 07 Test Accuracy 0.8305
[2026-05-02 05:16:35,920][main.py][line:166][INFO] Epoch 00000/00200 | Loss 1.9524 | Accuracy 0.5248
[2026-05-02 05:16:37,106][main.py][line:166][INFO] Epoch 00100/00200 | Loss 0.3391 | Accuracy 0.8227
[2026-05-02 05:16:38,301][main.py][line:170][INFO] Run 08 Test Accuracy 0.8194
[2026-05-02 05:16:38,322][main.py][line:166][INFO] Epoch 00000/00200 | Loss 1.9411 | Accuracy 0.5496
[2026-05-02 05:16:39,510][main.py][line:166][INFO] Epoch 00100/00200 | Loss 0.2973 | Accuracy 0.8156
[2026-05-02 05:16:40,684][main.py][line:170][INFO] Run 09 Test Accuracy 0.8212
[2026-05-02 05:16:40,684][main.py][line:213][INFO] Mean Accuracy:0.823577
[2026-05-02 05:16:40,685][main.py][line:214][INFO] Standard Deviation:0.003609
