[2026-05-02 05:12:42,510][main.py][line:76][INFO] Random seed: 15
[2026-05-02 05:12:42,510][main.py][line:81][INFO] Using GPU
[2026-05-02 05:12:42,510][main.py][line:88][INFO] Loading dataset cora_ml with pertubation rate 0.15
[2026-05-02 05:12:42,716][main.py][line:101][INFO] train nodes:280
[2026-05-02 05:12:42,716][main.py][line:102][INFO] val nodes:282
[2026-05-02 05:12:42,716][main.py][line:103][INFO] test nodes:2248
[2026-05-02 05:12:42,717][main.py][line:178][INFO] Namespace(use_config=True, config='cora_ml_mettack_0.15', dataset='cora_ml', ptb_rate=0.15, attack='mettack', jt=0.55, cos=0.55, cos_add=0.85, DMAE_hidden=256, DMAE_epochs=300, recover_threshold=0.65, lap_threshold=0.4, L_dim=50, k=100, GAT_layers=2, hidden_dim=32, dropout=0.6, log=True, seed=15)
[2026-05-02 05:12:42,717][main.py][line:180][INFO] === Start filter adj ===
[2026-05-02 05:12:42,954][main.py][line:183][INFO] === Recover adj ===
[2026-05-02 05:12:43,875][main.py][line:108][INFO] clean_lap shape: torch.Size([2810, 50])
[2026-05-02 05:12:44,294][main.py][line:116][INFO] Epoch 00000/00300 | Loss 2.6338
[2026-05-02 05:12:44,534][main.py][line:116][INFO] Epoch 00010/00300 | Loss 2.1513
[2026-05-02 05:12:44,799][main.py][line:116][INFO] Epoch 00020/00300 | Loss 2.1045
[2026-05-02 05:12:45,070][main.py][line:116][INFO] Epoch 00030/00300 | Loss 2.0818
[2026-05-02 05:12:45,333][main.py][line:116][INFO] Epoch 00040/00300 | Loss 2.0751
[2026-05-02 05:12:45,602][main.py][line:116][INFO] Epoch 00050/00300 | Loss 2.0719
[2026-05-02 05:12:45,879][main.py][line:116][INFO] Epoch 00060/00300 | Loss 2.0558
[2026-05-02 05:12:46,143][main.py][line:116][INFO] Epoch 00070/00300 | Loss 2.0555
[2026-05-02 05:12:46,414][main.py][line:116][INFO] Epoch 00080/00300 | Loss 2.0504
[2026-05-02 05:12:46,675][main.py][line:116][INFO] Epoch 00090/00300 | Loss 2.0502
[2026-05-02 05:12:46,953][main.py][line:116][INFO] Epoch 00100/00300 | Loss 2.0382
[2026-05-02 05:12:47,223][main.py][line:116][INFO] Epoch 00110/00300 | Loss 2.0203
[2026-05-02 05:12:47,493][main.py][line:116][INFO] Epoch 00120/00300 | Loss 2.0095
[2026-05-02 05:12:47,762][main.py][line:116][INFO] Epoch 00130/00300 | Loss 1.9952
[2026-05-02 05:12:48,025][main.py][line:116][INFO] Epoch 00140/00300 | Loss 1.9885
[2026-05-02 05:12:48,281][main.py][line:116][INFO] Epoch 00150/00300 | Loss 1.9852
[2026-05-02 05:12:48,547][main.py][line:116][INFO] Epoch 00160/00300 | Loss 1.9722
[2026-05-02 05:12:48,811][main.py][line:116][INFO] Epoch 00170/00300 | Loss 1.9627
[2026-05-02 05:12:49,079][main.py][line:116][INFO] Epoch 00180/00300 | Loss 1.9611
[2026-05-02 05:12:49,349][main.py][line:116][INFO] Epoch 00190/00300 | Loss 1.9552
[2026-05-02 05:12:49,612][main.py][line:116][INFO] Epoch 00200/00300 | Loss 1.9467
[2026-05-02 05:12:49,883][main.py][line:116][INFO] Epoch 00210/00300 | Loss 1.9454
[2026-05-02 05:12:50,148][main.py][line:116][INFO] Epoch 00220/00300 | Loss 1.9431
[2026-05-02 05:12:50,411][main.py][line:116][INFO] Epoch 00230/00300 | Loss 1.9442
[2026-05-02 05:12:50,677][main.py][line:116][INFO] Epoch 00240/00300 | Loss 1.9355
[2026-05-02 05:12:50,949][main.py][line:116][INFO] Epoch 00250/00300 | Loss 1.9318
[2026-05-02 05:12:51,218][main.py][line:116][INFO] Epoch 00260/00300 | Loss 1.9273
[2026-05-02 05:12:51,481][main.py][line:116][INFO] Epoch 00270/00300 | Loss 1.9339
[2026-05-02 05:12:51,751][main.py][line:116][INFO] Epoch 00280/00300 | Loss 1.9156
[2026-05-02 05:12:52,018][main.py][line:116][INFO] Epoch 00290/00300 | Loss 1.9214
[2026-05-02 05:12:52,310][main.py][line:140][INFO] Edge recovery: 17922
[2026-05-02 05:12:52,311][main.py][line:198][INFO] === Train Classifier ===
[2026-05-02 05:12:52,404][main.py][line:166][INFO] Epoch 00000/00200 | Loss 1.9718 | Accuracy 0.4220
[2026-05-02 05:12:53,666][main.py][line:166][INFO] Epoch 00100/00200 | Loss 0.3487 | Accuracy 0.8191
[2026-05-02 05:12:54,938][main.py][line:170][INFO] Run 00 Test Accuracy 0.8243
[2026-05-02 05:12:54,963][main.py][line:166][INFO] Epoch 00000/00200 | Loss 1.9540 | Accuracy 0.6383
[2026-05-02 05:12:56,242][main.py][line:166][INFO] Epoch 00100/00200 | Loss 0.3689 | Accuracy 0.8191
[2026-05-02 05:12:57,521][main.py][line:170][INFO] Run 01 Test Accuracy 0.8238
[2026-05-02 05:12:57,545][main.py][line:166][INFO] Epoch 00000/00200 | Loss 1.9546 | Accuracy 0.4823
[2026-05-02 05:12:58,817][main.py][line:166][INFO] Epoch 00100/00200 | Loss 0.3280 | Accuracy 0.8262
[2026-05-02 05:13:00,092][main.py][line:170][INFO] Run 02 Test Accuracy 0.8278
[2026-05-02 05:13:00,118][main.py][line:166][INFO] Epoch 00000/00200 | Loss 1.9554 | Accuracy 0.4255
[2026-05-02 05:13:01,357][main.py][line:166][INFO] Epoch 00100/00200 | Loss 0.3705 | Accuracy 0.8191
[2026-05-02 05:13:02,587][main.py][line:170][INFO] Run 03 Test Accuracy 0.8261
[2026-05-02 05:13:02,608][main.py][line:166][INFO] Epoch 00000/00200 | Loss 1.9677 | Accuracy 0.5000
[2026-05-02 05:13:03,861][main.py][line:166][INFO] Epoch 00100/00200 | Loss 0.3283 | Accuracy 0.8191
[2026-05-02 05:13:05,146][main.py][line:170][INFO] Run 04 Test Accuracy 0.8305
[2026-05-02 05:13:05,168][main.py][line:166][INFO] Epoch 00000/00200 | Loss 1.9566 | Accuracy 0.4858
[2026-05-02 05:13:06,468][main.py][line:166][INFO] Epoch 00100/00200 | Loss 0.3043 | Accuracy 0.8262
[2026-05-02 05:13:07,240][main.py][line:170][INFO] Run 05 Test Accuracy 0.8261
[2026-05-02 05:13:07,262][main.py][line:166][INFO] Epoch 00000/00200 | Loss 1.9671 | Accuracy 0.4504
[2026-05-02 05:13:08,502][main.py][line:166][INFO] Epoch 00100/00200 | Loss 0.3255 | Accuracy 0.8262
[2026-05-02 05:13:09,747][main.py][line:170][INFO] Run 06 Test Accuracy 0.8265
[2026-05-02 05:13:09,769][main.py][line:166][INFO] Epoch 00000/00200 | Loss 2.0070 | Accuracy 0.4184
[2026-05-02 05:13:10,642][main.py][line:166][INFO] Epoch 00100/00200 | Loss 0.3130 | Accuracy 0.8227
[2026-05-02 05:13:11,142][main.py][line:170][INFO] Run 07 Test Accuracy 0.8230
[2026-05-02 05:13:11,153][main.py][line:166][INFO] Epoch 00000/00200 | Loss 1.9610 | Accuracy 0.5993
[2026-05-02 05:13:11,681][main.py][line:166][INFO] Epoch 00100/00200 | Loss 0.3169 | Accuracy 0.8191
[2026-05-02 05:13:12,178][main.py][line:170][INFO] Run 08 Test Accuracy 0.8234
[2026-05-02 05:13:12,189][main.py][line:166][INFO] Epoch 00000/00200 | Loss 1.9554 | Accuracy 0.5390
[2026-05-02 05:13:12,713][main.py][line:166][INFO] Epoch 00100/00200 | Loss 0.3786 | Accuracy 0.8298
[2026-05-02 05:13:13,530][main.py][line:170][INFO] Run 09 Test Accuracy 0.8336
[2026-05-02 05:13:13,531][main.py][line:213][INFO] Mean Accuracy:0.826512
[2026-05-02 05:13:13,531][main.py][line:214][INFO] Standard Deviation:0.003388
