[2026-05-02 04:47:49,428][main.py][line:76][INFO] Random seed: 15
[2026-05-02 04:47:49,428][main.py][line:81][INFO] Using GPU
[2026-05-02 04:47:49,428][main.py][line:88][INFO] Loading dataset cora with pertubation rate 0.05
[2026-05-02 04:47:49,620][main.py][line:101][INFO] train nodes:247
[2026-05-02 04:47:49,620][main.py][line:102][INFO] val nodes:249
[2026-05-02 04:47:49,620][main.py][line:103][INFO] test nodes:1988
[2026-05-02 04:47:49,620][main.py][line:178][INFO] Namespace(use_config=True, config='cora_mettack_0.05', dataset='cora', ptb_rate=0.05, attack='mettack', jt=0.55, cos=0.55, cos_add=0.85, DMAE_hidden=256, DMAE_epochs=300, recover_threshold=0.7, lap_threshold=0.4, L_dim=20, k=50, GAT_layers=2, hidden_dim=32, dropout=0.6, log=True, seed=15)
[2026-05-02 04:47:49,620][main.py][line:180][INFO] === Start filter adj ===
[2026-05-02 04:47:49,849][main.py][line:183][INFO] === Recover adj ===
[2026-05-02 04:47:50,151][main.py][line:108][INFO] clean_lap shape: torch.Size([2485, 20])
[2026-05-02 04:47:50,482][main.py][line:116][INFO] Epoch 00000/00300 | Loss 3.0273
[2026-05-02 04:47:50,722][main.py][line:116][INFO] Epoch 00010/00300 | Loss 2.3946
[2026-05-02 04:47:50,975][main.py][line:116][INFO] Epoch 00020/00300 | Loss 2.3588
[2026-05-02 04:47:51,224][main.py][line:116][INFO] Epoch 00030/00300 | Loss 2.3460
[2026-05-02 04:47:51,474][main.py][line:116][INFO] Epoch 00040/00300 | Loss 2.3256
[2026-05-02 04:47:51,732][main.py][line:116][INFO] Epoch 00050/00300 | Loss 2.2984
[2026-05-02 04:47:51,978][main.py][line:116][INFO] Epoch 00060/00300 | Loss 2.2829
[2026-05-02 04:47:52,232][main.py][line:116][INFO] Epoch 00070/00300 | Loss 2.2736
[2026-05-02 04:47:52,480][main.py][line:116][INFO] Epoch 00080/00300 | Loss 2.2677
[2026-05-02 04:47:52,733][main.py][line:116][INFO] Epoch 00090/00300 | Loss 2.2595
[2026-05-02 04:47:53,000][main.py][line:116][INFO] Epoch 00100/00300 | Loss 2.2479
[2026-05-02 04:47:53,251][main.py][line:116][INFO] Epoch 00110/00300 | Loss 2.2506
[2026-05-02 04:47:53,513][main.py][line:116][INFO] Epoch 00120/00300 | Loss 2.2329
[2026-05-02 04:47:53,763][main.py][line:116][INFO] Epoch 00130/00300 | Loss 2.2440
[2026-05-02 04:47:54,010][main.py][line:116][INFO] Epoch 00140/00300 | Loss 2.2365
[2026-05-02 04:47:54,271][main.py][line:116][INFO] Epoch 00150/00300 | Loss 2.2178
[2026-05-02 04:47:54,522][main.py][line:116][INFO] Epoch 00160/00300 | Loss 2.2139
[2026-05-02 04:47:54,770][main.py][line:116][INFO] Epoch 00170/00300 | Loss 2.2079
[2026-05-02 04:47:55,032][main.py][line:116][INFO] Epoch 00180/00300 | Loss 2.2095
[2026-05-02 04:47:55,287][main.py][line:116][INFO] Epoch 00190/00300 | Loss 2.2010
[2026-05-02 04:47:55,439][main.py][line:116][INFO] Epoch 00200/00300 | Loss 2.2009
[2026-05-02 04:47:55,541][main.py][line:116][INFO] Epoch 00210/00300 | Loss 2.1884
[2026-05-02 04:47:55,633][main.py][line:116][INFO] Epoch 00220/00300 | Loss 2.1906
[2026-05-02 04:47:55,729][main.py][line:116][INFO] Epoch 00230/00300 | Loss 2.1899
[2026-05-02 04:47:55,821][main.py][line:116][INFO] Epoch 00240/00300 | Loss 2.1827
[2026-05-02 04:47:55,913][main.py][line:116][INFO] Epoch 00250/00300 | Loss 2.1745
[2026-05-02 04:47:56,005][main.py][line:116][INFO] Epoch 00260/00300 | Loss 2.1755
[2026-05-02 04:47:56,095][main.py][line:116][INFO] Epoch 00270/00300 | Loss 2.1597
[2026-05-02 04:47:56,273][main.py][line:116][INFO] Epoch 00280/00300 | Loss 2.1651
[2026-05-02 04:47:56,430][main.py][line:116][INFO] Epoch 00290/00300 | Loss 2.1636
[2026-05-02 04:47:56,560][main.py][line:140][INFO] Edge recovery: 12005
[2026-05-02 04:47:56,560][main.py][line:198][INFO] === Train Classifier ===
[2026-05-02 04:47:56,637][main.py][line:166][INFO] Epoch 00000/00200 | Loss 1.9847 | Accuracy 0.4618
[2026-05-02 04:47:57,167][main.py][line:166][INFO] Epoch 00100/00200 | Loss 0.1437 | Accuracy 0.8032
[2026-05-02 04:47:58,212][main.py][line:170][INFO] Run 00 Test Accuracy 0.8295
[2026-05-02 04:47:58,232][main.py][line:166][INFO] Epoch 00000/00200 | Loss 2.0365 | Accuracy 0.3976
[2026-05-02 04:47:59,527][main.py][line:166][INFO] Epoch 00100/00200 | Loss 0.1589 | Accuracy 0.8193
[2026-05-02 04:48:00,736][main.py][line:170][INFO] Run 01 Test Accuracy 0.8249
[2026-05-02 04:48:00,759][main.py][line:166][INFO] Epoch 00000/00200 | Loss 1.9653 | Accuracy 0.5221
[2026-05-02 04:48:02,000][main.py][line:166][INFO] Epoch 00100/00200 | Loss 0.1775 | Accuracy 0.7992
[2026-05-02 04:48:03,208][main.py][line:170][INFO] Run 02 Test Accuracy 0.8204
[2026-05-02 04:48:03,228][main.py][line:166][INFO] Epoch 00000/00200 | Loss 2.0916 | Accuracy 0.2570
[2026-05-02 04:48:04,446][main.py][line:166][INFO] Epoch 00100/00200 | Loss 0.1393 | Accuracy 0.8112
[2026-05-02 04:48:05,725][main.py][line:170][INFO] Run 03 Test Accuracy 0.8345
[2026-05-02 04:48:05,745][main.py][line:166][INFO] Epoch 00000/00200 | Loss 2.0863 | Accuracy 0.4378
[2026-05-02 04:48:06,996][main.py][line:166][INFO] Epoch 00100/00200 | Loss 0.1658 | Accuracy 0.7992
[2026-05-02 04:48:08,207][main.py][line:170][INFO] Run 04 Test Accuracy 0.8285
[2026-05-02 04:48:08,227][main.py][line:166][INFO] Epoch 00000/00200 | Loss 1.9909 | Accuracy 0.4659
[2026-05-02 04:48:09,247][main.py][line:166][INFO] Epoch 00100/00200 | Loss 0.1577 | Accuracy 0.8233
[2026-05-02 04:48:09,743][main.py][line:170][INFO] Run 05 Test Accuracy 0.8260
[2026-05-02 04:48:09,753][main.py][line:166][INFO] Epoch 00000/00200 | Loss 2.0087 | Accuracy 0.4618
[2026-05-02 04:48:10,269][main.py][line:166][INFO] Epoch 00100/00200 | Loss 0.1630 | Accuracy 0.8032
[2026-05-02 04:48:10,764][main.py][line:170][INFO] Run 06 Test Accuracy 0.8285
[2026-05-02 04:48:10,774][main.py][line:166][INFO] Epoch 00000/00200 | Loss 2.0200 | Accuracy 0.4137
[2026-05-02 04:48:11,290][main.py][line:166][INFO] Epoch 00100/00200 | Loss 0.1601 | Accuracy 0.8112
[2026-05-02 04:48:11,785][main.py][line:170][INFO] Run 07 Test Accuracy 0.8325
[2026-05-02 04:48:11,794][main.py][line:166][INFO] Epoch 00000/00200 | Loss 2.0309 | Accuracy 0.4458
[2026-05-02 04:48:12,307][main.py][line:166][INFO] Epoch 00100/00200 | Loss 0.1348 | Accuracy 0.8072
[2026-05-02 04:48:12,800][main.py][line:170][INFO] Run 08 Test Accuracy 0.8315
[2026-05-02 04:48:12,810][main.py][line:166][INFO] Epoch 00000/00200 | Loss 1.9653 | Accuracy 0.4378
[2026-05-02 04:48:13,325][main.py][line:166][INFO] Epoch 00100/00200 | Loss 0.1523 | Accuracy 0.8112
[2026-05-02 04:48:13,820][main.py][line:170][INFO] Run 09 Test Accuracy 0.8380
[2026-05-02 04:48:13,820][main.py][line:213][INFO] Mean Accuracy:0.829427
[2026-05-02 04:48:13,820][main.py][line:214][INFO] Standard Deviation:0.005038
