[2026-05-11 07:37:56,558][main.py][line:76][INFO] Random seed: 15
[2026-05-11 07:37:56,558][main.py][line:81][INFO] Using GPU
[2026-05-11 07:37:56,559][main.py][line:88][INFO] Loading dataset pubmed with pertubation rate 0.25
[2026-05-11 07:37:56,800][main.py][line:101][INFO] train nodes:1971
[2026-05-11 07:37:56,800][main.py][line:102][INFO] val nodes:1972
[2026-05-11 07:37:56,800][main.py][line:103][INFO] test nodes:15774
[2026-05-11 07:37:56,800][main.py][line:178][INFO] Namespace(use_config=True, config='pubmed_mettack_0.25', dataset='pubmed', ptb_rate=0.25, attack='mettack', jt=0.6, cos=0.6, cos_add=0.9, DMAE_hidden=256, DMAE_epochs=300, recover_threshold=0.85, lap_threshold=0.4, L_dim=50, k=100, GAT_layers=3, hidden_dim=32, dropout=0.6, log=True, seed=15)
[2026-05-11 07:37:56,800][main.py][line:180][INFO] === Start filter adj ===
[2026-05-11 07:37:57,376][main.py][line:183][INFO] === Recover adj ===
[2026-05-11 07:38:02,703][main.py][line:108][INFO] clean_lap shape: torch.Size([19717, 50])
[2026-05-11 07:38:07,309][main.py][line:116][INFO] Epoch 00000/00300 | Loss 3.6362
[2026-05-11 07:38:07,955][main.py][line:116][INFO] Epoch 00010/00300 | Loss 2.9921
[2026-05-11 07:38:08,612][main.py][line:116][INFO] Epoch 00020/00300 | Loss 2.9535
[2026-05-11 07:38:09,268][main.py][line:116][INFO] Epoch 00030/00300 | Loss 2.8932
[2026-05-11 07:38:09,918][main.py][line:116][INFO] Epoch 00040/00300 | Loss 2.8667
[2026-05-11 07:38:10,566][main.py][line:116][INFO] Epoch 00050/00300 | Loss 2.8398
[2026-05-11 07:38:11,214][main.py][line:116][INFO] Epoch 00060/00300 | Loss 2.8304
[2026-05-11 07:38:11,862][main.py][line:116][INFO] Epoch 00070/00300 | Loss 2.8255
[2026-05-11 07:38:12,510][main.py][line:116][INFO] Epoch 00080/00300 | Loss 2.8190
[2026-05-11 07:38:13,159][main.py][line:116][INFO] Epoch 00090/00300 | Loss 2.8021
[2026-05-11 07:38:13,807][main.py][line:116][INFO] Epoch 00100/00300 | Loss 2.7836
[2026-05-11 07:38:14,455][main.py][line:116][INFO] Epoch 00110/00300 | Loss 2.7758
[2026-05-11 07:38:15,102][main.py][line:116][INFO] Epoch 00120/00300 | Loss 2.7624
[2026-05-11 07:38:15,750][main.py][line:116][INFO] Epoch 00130/00300 | Loss 2.7583
[2026-05-11 07:38:16,399][main.py][line:116][INFO] Epoch 00140/00300 | Loss 2.7530
[2026-05-11 07:38:17,048][main.py][line:116][INFO] Epoch 00150/00300 | Loss 2.7565
[2026-05-11 07:38:17,697][main.py][line:116][INFO] Epoch 00160/00300 | Loss 2.7514
[2026-05-11 07:38:18,346][main.py][line:116][INFO] Epoch 00170/00300 | Loss 2.7402
[2026-05-11 07:38:18,995][main.py][line:116][INFO] Epoch 00180/00300 | Loss 2.7374
[2026-05-11 07:38:19,645][main.py][line:116][INFO] Epoch 00190/00300 | Loss 2.7344
[2026-05-11 07:38:20,302][main.py][line:116][INFO] Epoch 00200/00300 | Loss 2.7323
[2026-05-11 07:38:20,950][main.py][line:116][INFO] Epoch 00210/00300 | Loss 2.7369
[2026-05-11 07:38:21,597][main.py][line:116][INFO] Epoch 00220/00300 | Loss 2.7328
[2026-05-11 07:38:22,247][main.py][line:116][INFO] Epoch 00230/00300 | Loss 2.7299
[2026-05-11 07:38:22,893][main.py][line:116][INFO] Epoch 00240/00300 | Loss 2.7337
[2026-05-11 07:38:23,541][main.py][line:116][INFO] Epoch 00250/00300 | Loss 2.7237
[2026-05-11 07:38:24,188][main.py][line:116][INFO] Epoch 00260/00300 | Loss 2.7253
[2026-05-11 07:38:24,836][main.py][line:116][INFO] Epoch 00270/00300 | Loss 2.7181
[2026-05-11 07:38:25,483][main.py][line:116][INFO] Epoch 00280/00300 | Loss 2.7194
[2026-05-11 07:38:26,131][main.py][line:116][INFO] Epoch 00290/00300 | Loss 2.7163
[2026-05-11 07:38:28,726][main.py][line:140][INFO] Edge recovery: 104309
[2026-05-11 07:38:28,726][main.py][line:198][INFO] === Train Classifier ===
[2026-05-11 07:38:28,828][main.py][line:166][INFO] Epoch 00000/00200 | Loss 1.1219 | Accuracy 0.5867
[2026-05-11 07:38:30,748][main.py][line:166][INFO] Epoch 00100/00200 | Loss 0.4336 | Accuracy 0.8306
[2026-05-11 07:38:32,651][main.py][line:170][INFO] Run 00 Test Accuracy 0.8587
[2026-05-11 07:38:32,676][main.py][line:166][INFO] Epoch 00000/00200 | Loss 1.1657 | Accuracy 0.5512
[2026-05-11 07:38:34,573][main.py][line:166][INFO] Epoch 00100/00200 | Loss 0.4441 | Accuracy 0.8301
[2026-05-11 07:38:36,463][main.py][line:170][INFO] Run 01 Test Accuracy 0.8556
[2026-05-11 07:38:36,489][main.py][line:166][INFO] Epoch 00000/00200 | Loss 1.1193 | Accuracy 0.6384
[2026-05-11 07:38:38,395][main.py][line:166][INFO] Epoch 00100/00200 | Loss 0.4107 | Accuracy 0.8291
[2026-05-11 07:38:40,298][main.py][line:170][INFO] Run 02 Test Accuracy 0.8552
[2026-05-11 07:38:40,324][main.py][line:166][INFO] Epoch 00000/00200 | Loss 1.1082 | Accuracy 0.6673
[2026-05-11 07:38:42,233][main.py][line:166][INFO] Epoch 00100/00200 | Loss 0.4293 | Accuracy 0.8337
[2026-05-11 07:38:44,143][main.py][line:170][INFO] Run 03 Test Accuracy 0.8605
[2026-05-11 07:38:44,167][main.py][line:166][INFO] Epoch 00000/00200 | Loss 1.1372 | Accuracy 0.4290
[2026-05-11 07:38:46,080][main.py][line:166][INFO] Epoch 00100/00200 | Loss 0.4374 | Accuracy 0.8251
[2026-05-11 07:38:47,982][main.py][line:170][INFO] Run 04 Test Accuracy 0.8568
[2026-05-11 07:38:48,008][main.py][line:166][INFO] Epoch 00000/00200 | Loss 1.1038 | Accuracy 0.5999
[2026-05-11 07:38:49,921][main.py][line:166][INFO] Epoch 00100/00200 | Loss 0.4237 | Accuracy 0.8337
[2026-05-11 07:38:51,841][main.py][line:170][INFO] Run 05 Test Accuracy 0.8571
[2026-05-11 07:38:51,868][main.py][line:166][INFO] Epoch 00000/00200 | Loss 1.1612 | Accuracy 0.5051
[2026-05-11 07:38:53,786][main.py][line:166][INFO] Epoch 00100/00200 | Loss 0.4512 | Accuracy 0.8261
[2026-05-11 07:38:55,699][main.py][line:170][INFO] Run 06 Test Accuracy 0.8586
[2026-05-11 07:38:55,724][main.py][line:166][INFO] Epoch 00000/00200 | Loss 1.1132 | Accuracy 0.5294
[2026-05-11 07:38:57,626][main.py][line:166][INFO] Epoch 00100/00200 | Loss 0.4183 | Accuracy 0.8301
[2026-05-11 07:38:59,517][main.py][line:170][INFO] Run 07 Test Accuracy 0.8576
[2026-05-11 07:38:59,543][main.py][line:166][INFO] Epoch 00000/00200 | Loss 1.0999 | Accuracy 0.6973
[2026-05-11 07:39:01,443][main.py][line:166][INFO] Epoch 00100/00200 | Loss 0.4418 | Accuracy 0.8291
[2026-05-11 07:39:03,352][main.py][line:170][INFO] Run 08 Test Accuracy 0.8578
[2026-05-11 07:39:03,379][main.py][line:166][INFO] Epoch 00000/00200 | Loss 1.1387 | Accuracy 0.6247
[2026-05-11 07:39:05,290][main.py][line:166][INFO] Epoch 00100/00200 | Loss 0.4287 | Accuracy 0.8342
[2026-05-11 07:39:07,206][main.py][line:170][INFO] Run 09 Test Accuracy 0.8570
[2026-05-11 07:39:07,207][main.py][line:213][INFO] Mean Accuracy:0.857481
[2026-05-11 07:39:07,207][main.py][line:214][INFO] Standard Deviation:0.001552
