[2026-05-11 07:29:35,593][main.py][line:76][INFO] Random seed: 15
[2026-05-11 07:29:35,594][main.py][line:81][INFO] Using GPU
[2026-05-11 07:29:35,594][main.py][line:88][INFO] Loading dataset pubmed with pertubation rate 0.05
[2026-05-11 07:29:35,833][main.py][line:101][INFO] train nodes:1971
[2026-05-11 07:29:35,833][main.py][line:102][INFO] val nodes:1972
[2026-05-11 07:29:35,833][main.py][line:103][INFO] test nodes:15774
[2026-05-11 07:29:35,833][main.py][line:178][INFO] Namespace(use_config=True, config='pubmed_mettack_0.05', dataset='pubmed', ptb_rate=0.05, attack='mettack', jt=0.6, cos=0.6, cos_add=0.9, DMAE_hidden=256, DMAE_epochs=300, recover_threshold=0.6, lap_threshold=0.4, L_dim=50, k=100, GAT_layers=3, hidden_dim=32, dropout=0.6, log=True, seed=15)
[2026-05-11 07:29:35,833][main.py][line:180][INFO] === Start filter adj ===
[2026-05-11 07:29:36,434][main.py][line:183][INFO] === Recover adj ===
[2026-05-11 07:29:43,522][main.py][line:108][INFO] clean_lap shape: torch.Size([19717, 50])
[2026-05-11 07:29:48,133][main.py][line:116][INFO] Epoch 00000/00300 | Loss 3.6360
[2026-05-11 07:29:48,774][main.py][line:116][INFO] Epoch 00010/00300 | Loss 2.9879
[2026-05-11 07:29:49,422][main.py][line:116][INFO] Epoch 00020/00300 | Loss 3.0034
[2026-05-11 07:29:50,072][main.py][line:116][INFO] Epoch 00030/00300 | Loss 2.9319
[2026-05-11 07:29:50,721][main.py][line:116][INFO] Epoch 00040/00300 | Loss 2.8520
[2026-05-11 07:29:51,370][main.py][line:116][INFO] Epoch 00050/00300 | Loss 2.8628
[2026-05-11 07:29:52,020][main.py][line:116][INFO] Epoch 00060/00300 | Loss 2.8333
[2026-05-11 07:29:52,672][main.py][line:116][INFO] Epoch 00070/00300 | Loss 2.8218
[2026-05-11 07:29:53,322][main.py][line:116][INFO] Epoch 00080/00300 | Loss 2.8161
[2026-05-11 07:29:53,971][main.py][line:116][INFO] Epoch 00090/00300 | Loss 2.7959
[2026-05-11 07:29:54,621][main.py][line:116][INFO] Epoch 00100/00300 | Loss 2.7840
[2026-05-11 07:29:55,269][main.py][line:116][INFO] Epoch 00110/00300 | Loss 2.7807
[2026-05-11 07:29:55,918][main.py][line:116][INFO] Epoch 00120/00300 | Loss 2.7645
[2026-05-11 07:29:56,568][main.py][line:116][INFO] Epoch 00130/00300 | Loss 2.7573
[2026-05-11 07:29:57,217][main.py][line:116][INFO] Epoch 00140/00300 | Loss 2.7528
[2026-05-11 07:29:57,865][main.py][line:116][INFO] Epoch 00150/00300 | Loss 2.7493
[2026-05-11 07:29:58,514][main.py][line:116][INFO] Epoch 00160/00300 | Loss 2.7505
[2026-05-11 07:29:59,147][main.py][line:116][INFO] Epoch 00170/00300 | Loss 2.7459
[2026-05-11 07:29:59,796][main.py][line:116][INFO] Epoch 00180/00300 | Loss 2.7370
[2026-05-11 07:30:00,446][main.py][line:116][INFO] Epoch 00190/00300 | Loss 2.7314
[2026-05-11 07:30:01,096][main.py][line:116][INFO] Epoch 00200/00300 | Loss 2.7354
[2026-05-11 07:30:01,744][main.py][line:116][INFO] Epoch 00210/00300 | Loss 2.7341
[2026-05-11 07:30:02,394][main.py][line:116][INFO] Epoch 00220/00300 | Loss 2.7359
[2026-05-11 07:30:03,043][main.py][line:116][INFO] Epoch 00230/00300 | Loss 2.7336
[2026-05-11 07:30:03,693][main.py][line:116][INFO] Epoch 00240/00300 | Loss 2.7304
[2026-05-11 07:30:04,343][main.py][line:116][INFO] Epoch 00250/00300 | Loss 2.7229
[2026-05-11 07:30:04,992][main.py][line:116][INFO] Epoch 00260/00300 | Loss 2.7235
[2026-05-11 07:30:05,642][main.py][line:116][INFO] Epoch 00270/00300 | Loss 2.7171
[2026-05-11 07:30:06,292][main.py][line:116][INFO] Epoch 00280/00300 | Loss 2.7172
[2026-05-11 07:30:06,941][main.py][line:116][INFO] Epoch 00290/00300 | Loss 2.7101
[2026-05-11 07:30:09,547][main.py][line:140][INFO] Edge recovery: 111645
[2026-05-11 07:30:09,547][main.py][line:198][INFO] === Train Classifier ===
[2026-05-11 07:30:09,650][main.py][line:166][INFO] Epoch 00000/00200 | Loss 1.1507 | Accuracy 0.5740
[2026-05-11 07:30:11,551][main.py][line:166][INFO] Epoch 00100/00200 | Loss 0.4332 | Accuracy 0.8423
[2026-05-11 07:30:13,445][main.py][line:170][INFO] Run 00 Test Accuracy 0.8588
[2026-05-11 07:30:13,470][main.py][line:166][INFO] Epoch 00000/00200 | Loss 1.1220 | Accuracy 0.5264
[2026-05-11 07:30:15,362][main.py][line:166][INFO] Epoch 00100/00200 | Loss 0.4411 | Accuracy 0.8357
[2026-05-11 07:30:17,256][main.py][line:170][INFO] Run 01 Test Accuracy 0.8663
[2026-05-11 07:30:17,282][main.py][line:166][INFO] Epoch 00000/00200 | Loss 1.2065 | Accuracy 0.4823
[2026-05-11 07:30:19,177][main.py][line:166][INFO] Epoch 00100/00200 | Loss 0.4566 | Accuracy 0.8453
[2026-05-11 07:30:21,079][main.py][line:170][INFO] Run 02 Test Accuracy 0.8634
[2026-05-11 07:30:21,104][main.py][line:166][INFO] Epoch 00000/00200 | Loss 1.1074 | Accuracy 0.6040
[2026-05-11 07:30:22,998][main.py][line:166][INFO] Epoch 00100/00200 | Loss 0.4085 | Accuracy 0.8423
[2026-05-11 07:30:24,898][main.py][line:170][INFO] Run 03 Test Accuracy 0.8644
[2026-05-11 07:30:24,923][main.py][line:166][INFO] Epoch 00000/00200 | Loss 1.1069 | Accuracy 0.6557
[2026-05-11 07:30:26,812][main.py][line:166][INFO] Epoch 00100/00200 | Loss 0.4409 | Accuracy 0.8428
[2026-05-11 07:30:28,703][main.py][line:170][INFO] Run 04 Test Accuracy 0.8619
[2026-05-11 07:30:28,729][main.py][line:166][INFO] Epoch 00000/00200 | Loss 1.1120 | Accuracy 0.4386
[2026-05-11 07:30:30,619][main.py][line:166][INFO] Epoch 00100/00200 | Loss 0.4552 | Accuracy 0.8377
[2026-05-11 07:30:32,517][main.py][line:170][INFO] Run 05 Test Accuracy 0.8639
[2026-05-11 07:30:32,542][main.py][line:166][INFO] Epoch 00000/00200 | Loss 1.0891 | Accuracy 0.5974
[2026-05-11 07:30:34,429][main.py][line:166][INFO] Epoch 00100/00200 | Loss 0.4293 | Accuracy 0.8433
[2026-05-11 07:30:36,330][main.py][line:170][INFO] Run 06 Test Accuracy 0.8664
[2026-05-11 07:30:36,356][main.py][line:166][INFO] Epoch 00000/00200 | Loss 1.1264 | Accuracy 0.6795
[2026-05-11 07:30:38,245][main.py][line:166][INFO] Epoch 00100/00200 | Loss 0.4257 | Accuracy 0.8433
[2026-05-11 07:30:40,151][main.py][line:170][INFO] Run 07 Test Accuracy 0.8658
[2026-05-11 07:30:40,176][main.py][line:166][INFO] Epoch 00000/00200 | Loss 1.1469 | Accuracy 0.5573
[2026-05-11 07:30:42,065][main.py][line:166][INFO] Epoch 00100/00200 | Loss 0.4350 | Accuracy 0.8433
[2026-05-11 07:30:43,961][main.py][line:170][INFO] Run 08 Test Accuracy 0.8654
[2026-05-11 07:30:43,987][main.py][line:166][INFO] Epoch 00000/00200 | Loss 1.0850 | Accuracy 0.5005
[2026-05-11 07:30:45,882][main.py][line:166][INFO] Epoch 00100/00200 | Loss 0.4558 | Accuracy 0.8377
[2026-05-11 07:30:47,778][main.py][line:170][INFO] Run 09 Test Accuracy 0.8614
[2026-05-11 07:30:47,778][main.py][line:213][INFO] Mean Accuracy:0.863776
[2026-05-11 07:30:47,779][main.py][line:214][INFO] Standard Deviation:0.002459
