[2026-05-11 07:36:36,622][main.py][line:76][INFO] Random seed: 15
[2026-05-11 07:36:36,622][main.py][line:81][INFO] Using GPU
[2026-05-11 07:36:36,622][main.py][line:88][INFO] Loading dataset pubmed with pertubation rate 0.15
[2026-05-11 07:36:36,864][main.py][line:101][INFO] train nodes:1971
[2026-05-11 07:36:36,865][main.py][line:102][INFO] val nodes:1972
[2026-05-11 07:36:36,865][main.py][line:103][INFO] test nodes:15774
[2026-05-11 07:36:36,865][main.py][line:178][INFO] Namespace(use_config=True, config='pubmed_mettack_0.15', dataset='pubmed', ptb_rate=0.15, attack='mettack', jt=0.6, cos=0.6, cos_add=0.9, DMAE_hidden=256, DMAE_epochs=300, recover_threshold=0.85, lap_threshold=0.4, L_dim=50, k=100, GAT_layers=3, hidden_dim=32, dropout=0.6, log=True, seed=15)
[2026-05-11 07:36:36,865][main.py][line:180][INFO] === Start filter adj ===
[2026-05-11 07:36:37,447][main.py][line:183][INFO] === Recover adj ===
[2026-05-11 07:36:44,052][main.py][line:108][INFO] clean_lap shape: torch.Size([19717, 50])
[2026-05-11 07:36:48,635][main.py][line:116][INFO] Epoch 00000/00300 | Loss 3.6358
[2026-05-11 07:36:49,295][main.py][line:116][INFO] Epoch 00010/00300 | Loss 3.0187
[2026-05-11 07:36:49,965][main.py][line:116][INFO] Epoch 00020/00300 | Loss 2.9054
[2026-05-11 07:36:50,620][main.py][line:116][INFO] Epoch 00030/00300 | Loss 2.8618
[2026-05-11 07:36:51,271][main.py][line:116][INFO] Epoch 00040/00300 | Loss 2.8525
[2026-05-11 07:36:51,921][main.py][line:116][INFO] Epoch 00050/00300 | Loss 2.8531
[2026-05-11 07:36:52,577][main.py][line:116][INFO] Epoch 00060/00300 | Loss 2.8568
[2026-05-11 07:36:53,229][main.py][line:116][INFO] Epoch 00070/00300 | Loss 2.8246
[2026-05-11 07:36:53,881][main.py][line:116][INFO] Epoch 00080/00300 | Loss 2.8261
[2026-05-11 07:36:54,532][main.py][line:116][INFO] Epoch 00090/00300 | Loss 2.8084
[2026-05-11 07:36:55,185][main.py][line:116][INFO] Epoch 00100/00300 | Loss 2.7895
[2026-05-11 07:36:55,838][main.py][line:116][INFO] Epoch 00110/00300 | Loss 2.7748
[2026-05-11 07:36:56,488][main.py][line:116][INFO] Epoch 00120/00300 | Loss 2.7674
[2026-05-11 07:36:57,141][main.py][line:116][INFO] Epoch 00130/00300 | Loss 2.7578
[2026-05-11 07:36:57,793][main.py][line:116][INFO] Epoch 00140/00300 | Loss 2.7564
[2026-05-11 07:36:58,445][main.py][line:116][INFO] Epoch 00150/00300 | Loss 2.7581
[2026-05-11 07:36:59,096][main.py][line:116][INFO] Epoch 00160/00300 | Loss 2.7522
[2026-05-11 07:36:59,748][main.py][line:116][INFO] Epoch 00170/00300 | Loss 2.7527
[2026-05-11 07:37:00,400][main.py][line:116][INFO] Epoch 00180/00300 | Loss 2.7459
[2026-05-11 07:37:01,055][main.py][line:116][INFO] Epoch 00190/00300 | Loss 2.7432
[2026-05-11 07:37:01,708][main.py][line:116][INFO] Epoch 00200/00300 | Loss 2.7433
[2026-05-11 07:37:02,360][main.py][line:116][INFO] Epoch 00210/00300 | Loss 2.7333
[2026-05-11 07:37:03,014][main.py][line:116][INFO] Epoch 00220/00300 | Loss 2.7276
[2026-05-11 07:37:03,666][main.py][line:116][INFO] Epoch 00230/00300 | Loss 2.7352
[2026-05-11 07:37:04,319][main.py][line:116][INFO] Epoch 00240/00300 | Loss 2.7237
[2026-05-11 07:37:04,970][main.py][line:116][INFO] Epoch 00250/00300 | Loss 2.7201
[2026-05-11 07:37:05,622][main.py][line:116][INFO] Epoch 00260/00300 | Loss 2.7193
[2026-05-11 07:37:06,273][main.py][line:116][INFO] Epoch 00270/00300 | Loss 2.7148
[2026-05-11 07:37:06,924][main.py][line:116][INFO] Epoch 00280/00300 | Loss 2.7108
[2026-05-11 07:37:07,576][main.py][line:116][INFO] Epoch 00290/00300 | Loss 2.7078
[2026-05-11 07:37:10,192][main.py][line:140][INFO] Edge recovery: 103329
[2026-05-11 07:37:10,193][main.py][line:198][INFO] === Train Classifier ===
[2026-05-11 07:37:10,299][main.py][line:166][INFO] Epoch 00000/00200 | Loss 1.1352 | Accuracy 0.5142
[2026-05-11 07:37:12,204][main.py][line:166][INFO] Epoch 00100/00200 | Loss 0.4474 | Accuracy 0.8382
[2026-05-11 07:37:14,107][main.py][line:170][INFO] Run 00 Test Accuracy 0.8600
[2026-05-11 07:37:14,133][main.py][line:166][INFO] Epoch 00000/00200 | Loss 1.1246 | Accuracy 0.5426
[2026-05-11 07:37:16,080][main.py][line:166][INFO] Epoch 00100/00200 | Loss 0.4197 | Accuracy 0.8332
[2026-05-11 07:37:18,002][main.py][line:170][INFO] Run 01 Test Accuracy 0.8613
[2026-05-11 07:37:18,027][main.py][line:166][INFO] Epoch 00000/00200 | Loss 1.1172 | Accuracy 0.6638
[2026-05-11 07:37:19,929][main.py][line:166][INFO] Epoch 00100/00200 | Loss 0.4050 | Accuracy 0.8408
[2026-05-11 07:37:21,840][main.py][line:170][INFO] Run 02 Test Accuracy 0.8567
[2026-05-11 07:37:21,865][main.py][line:166][INFO] Epoch 00000/00200 | Loss 1.1263 | Accuracy 0.6329
[2026-05-11 07:37:23,792][main.py][line:166][INFO] Epoch 00100/00200 | Loss 0.4613 | Accuracy 0.8352
[2026-05-11 07:37:25,695][main.py][line:170][INFO] Run 03 Test Accuracy 0.8567
[2026-05-11 07:37:25,721][main.py][line:166][INFO] Epoch 00000/00200 | Loss 1.1110 | Accuracy 0.6202
[2026-05-11 07:37:27,629][main.py][line:166][INFO] Epoch 00100/00200 | Loss 0.4266 | Accuracy 0.8352
[2026-05-11 07:37:29,520][main.py][line:170][INFO] Run 04 Test Accuracy 0.8591
[2026-05-11 07:37:29,544][main.py][line:166][INFO] Epoch 00000/00200 | Loss 1.1255 | Accuracy 0.5492
[2026-05-11 07:37:31,445][main.py][line:166][INFO] Epoch 00100/00200 | Loss 0.4233 | Accuracy 0.8387
[2026-05-11 07:37:33,351][main.py][line:170][INFO] Run 05 Test Accuracy 0.8581
[2026-05-11 07:37:33,376][main.py][line:166][INFO] Epoch 00000/00200 | Loss 1.1312 | Accuracy 0.4904
[2026-05-11 07:37:35,277][main.py][line:166][INFO] Epoch 00100/00200 | Loss 0.4308 | Accuracy 0.8357
[2026-05-11 07:37:37,183][main.py][line:170][INFO] Run 06 Test Accuracy 0.8595
[2026-05-11 07:37:37,209][main.py][line:166][INFO] Epoch 00000/00200 | Loss 1.1260 | Accuracy 0.4412
[2026-05-11 07:37:39,104][main.py][line:166][INFO] Epoch 00100/00200 | Loss 0.4037 | Accuracy 0.8337
[2026-05-11 07:37:40,996][main.py][line:170][INFO] Run 07 Test Accuracy 0.8601
[2026-05-11 07:37:41,022][main.py][line:166][INFO] Epoch 00000/00200 | Loss 1.1371 | Accuracy 0.5294
[2026-05-11 07:37:42,906][main.py][line:166][INFO] Epoch 00100/00200 | Loss 0.4457 | Accuracy 0.8352
[2026-05-11 07:37:44,804][main.py][line:170][INFO] Run 08 Test Accuracy 0.8568
[2026-05-11 07:37:44,829][main.py][line:166][INFO] Epoch 00000/00200 | Loss 1.1315 | Accuracy 0.5994
[2026-05-11 07:37:46,725][main.py][line:166][INFO] Epoch 00100/00200 | Loss 0.4283 | Accuracy 0.8322
[2026-05-11 07:37:48,619][main.py][line:170][INFO] Run 09 Test Accuracy 0.8576
[2026-05-11 07:37:48,620][main.py][line:213][INFO] Mean Accuracy:0.858584
[2026-05-11 07:37:48,620][main.py][line:214][INFO] Standard Deviation:0.001633
