[2026-05-25 11:41:51,438][main.py][line:74][INFO] Random seed: 15
[2026-05-25 11:41:51,438][main.py][line:79][INFO] Using GPU
[2026-05-25 11:41:51,438][main.py][line:86][INFO] Loading dataset citeseer with pertubation rate 1.0
[2026-05-25 11:41:51,680][main.py][line:99][INFO] train nodes:210
[2026-05-25 11:41:51,682][main.py][line:100][INFO] val nodes:211
[2026-05-25 11:41:51,684][main.py][line:101][INFO] test nodes:1688
[2026-05-25 11:41:51,684][main.py][line:176][INFO] Namespace(use_config=True, config='citeseer_random_1.0', dataset='citeseer', ptb_rate=1.0, attack='random', jt=0.6, cos=0.6, cos_add=0.85, DMAE_hidden=256, DMAE_epochs=300, recover_threshold=0.7, lap_threshold=0.4, L_dim=20, k=50, GAT_layers=2, hidden_dim=32, dropout=0.6, log=True, seed=15)
[2026-05-25 11:41:51,684][main.py][line:178][INFO] === Start filter adj ===
[2026-05-25 11:41:51,926][main.py][line:181][INFO] === Recover adj ===
[2026-05-25 11:42:04,398][main.py][line:106][INFO] clean_lap shape: torch.Size([2110, 20])
[2026-05-25 11:42:04,802][main.py][line:114][INFO] Epoch 00000/00300 | Loss 3.0670
[2026-05-25 11:42:05,085][main.py][line:114][INFO] Epoch 00010/00300 | Loss 2.4809
[2026-05-25 11:42:05,476][main.py][line:114][INFO] Epoch 00020/00300 | Loss 2.4376
[2026-05-25 11:42:05,851][main.py][line:114][INFO] Epoch 00030/00300 | Loss 2.4255
[2026-05-25 11:42:06,251][main.py][line:114][INFO] Epoch 00040/00300 | Loss 2.4103
[2026-05-25 11:42:06,542][main.py][line:114][INFO] Epoch 00050/00300 | Loss 2.4022
[2026-05-25 11:42:06,901][main.py][line:114][INFO] Epoch 00060/00300 | Loss 2.3885
[2026-05-25 11:42:07,268][main.py][line:114][INFO] Epoch 00070/00300 | Loss 2.3791
[2026-05-25 11:42:07,666][main.py][line:114][INFO] Epoch 00080/00300 | Loss 2.3745
[2026-05-25 11:42:07,909][main.py][line:114][INFO] Epoch 00090/00300 | Loss 2.3707
[2026-05-25 11:42:08,293][main.py][line:114][INFO] Epoch 00100/00300 | Loss 2.3607
[2026-05-25 11:42:08,680][main.py][line:114][INFO] Epoch 00110/00300 | Loss 2.3675
[2026-05-25 11:42:09,082][main.py][line:114][INFO] Epoch 00120/00300 | Loss 2.3503
[2026-05-25 11:42:09,310][main.py][line:114][INFO] Epoch 00130/00300 | Loss 2.3477
[2026-05-25 11:42:09,675][main.py][line:114][INFO] Epoch 00140/00300 | Loss 2.3394
[2026-05-25 11:42:10,062][main.py][line:114][INFO] Epoch 00150/00300 | Loss 2.3363
[2026-05-25 11:42:10,353][main.py][line:114][INFO] Epoch 00160/00300 | Loss 2.3321
[2026-05-25 11:42:10,732][main.py][line:114][INFO] Epoch 00170/00300 | Loss 2.3269
[2026-05-25 11:42:11,110][main.py][line:114][INFO] Epoch 00180/00300 | Loss 2.3111
[2026-05-25 11:42:11,456][main.py][line:114][INFO] Epoch 00190/00300 | Loss 2.3118
[2026-05-25 11:42:11,741][main.py][line:114][INFO] Epoch 00200/00300 | Loss 2.2915
[2026-05-25 11:42:12,128][main.py][line:114][INFO] Epoch 00210/00300 | Loss 2.2944
[2026-05-25 11:42:12,529][main.py][line:114][INFO] Epoch 00220/00300 | Loss 2.2998
[2026-05-25 11:42:12,924][main.py][line:114][INFO] Epoch 00230/00300 | Loss 2.2757
[2026-05-25 11:42:13,156][main.py][line:114][INFO] Epoch 00240/00300 | Loss 2.2630
[2026-05-25 11:42:13,508][main.py][line:114][INFO] Epoch 00250/00300 | Loss 2.2757
[2026-05-25 11:42:13,856][main.py][line:114][INFO] Epoch 00260/00300 | Loss 2.2664
[2026-05-25 11:42:14,172][main.py][line:114][INFO] Epoch 00270/00300 | Loss 2.2640
[2026-05-25 11:42:14,491][main.py][line:114][INFO] Epoch 00280/00300 | Loss 2.2579
[2026-05-25 11:42:14,837][main.py][line:114][INFO] Epoch 00290/00300 | Loss 2.2561
[2026-05-25 11:42:15,224][main.py][line:138][INFO] Edge recovery: 10452
[2026-05-25 11:42:15,224][main.py][line:196][INFO] === Train Classifier ===
[2026-05-25 11:42:15,324][main.py][line:164][INFO] Epoch 00000/00200 | Loss 1.8680 | Accuracy 0.6540
[2026-05-25 11:42:17,018][main.py][line:164][INFO] Epoch 00100/00200 | Loss 0.1007 | Accuracy 0.7583
[2026-05-25 11:42:18,675][main.py][line:168][INFO] Run 00 Test Accuracy 0.7352
[2026-05-25 11:42:18,697][main.py][line:164][INFO] Epoch 00000/00200 | Loss 2.0183 | Accuracy 0.6682
[2026-05-25 11:42:20,234][main.py][line:164][INFO] Epoch 00100/00200 | Loss 0.1008 | Accuracy 0.7630
[2026-05-25 11:42:21,507][main.py][line:168][INFO] Run 01 Test Accuracy 0.7411
[2026-05-25 11:42:21,528][main.py][line:164][INFO] Epoch 00000/00200 | Loss 1.8285 | Accuracy 0.6066
[2026-05-25 11:42:23,212][main.py][line:164][INFO] Epoch 00100/00200 | Loss 0.0739 | Accuracy 0.7441
[2026-05-25 11:42:24,771][main.py][line:168][INFO] Run 02 Test Accuracy 0.7275
[2026-05-25 11:42:24,824][main.py][line:164][INFO] Epoch 00000/00200 | Loss 2.0775 | Accuracy 0.5498
[2026-05-25 11:42:26,262][main.py][line:164][INFO] Epoch 00100/00200 | Loss 0.1011 | Accuracy 0.7583
[2026-05-25 11:42:27,791][main.py][line:168][INFO] Run 03 Test Accuracy 0.7340
[2026-05-25 11:42:27,807][main.py][line:164][INFO] Epoch 00000/00200 | Loss 1.8721 | Accuracy 0.5261
[2026-05-25 11:42:29,421][main.py][line:164][INFO] Epoch 00100/00200 | Loss 0.0956 | Accuracy 0.7536
[2026-05-25 11:42:31,031][main.py][line:168][INFO] Run 04 Test Accuracy 0.7382
[2026-05-25 11:42:31,049][main.py][line:164][INFO] Epoch 00000/00200 | Loss 1.9303 | Accuracy 0.5829
[2026-05-25 11:42:32,604][main.py][line:164][INFO] Epoch 00100/00200 | Loss 0.0565 | Accuracy 0.7536
[2026-05-25 11:42:34,270][main.py][line:168][INFO] Run 05 Test Accuracy 0.7470
[2026-05-25 11:42:34,289][main.py][line:164][INFO] Epoch 00000/00200 | Loss 1.8898 | Accuracy 0.6209
[2026-05-25 11:42:35,278][main.py][line:164][INFO] Epoch 00100/00200 | Loss 0.0908 | Accuracy 0.7536
[2026-05-25 11:42:36,339][main.py][line:168][INFO] Run 06 Test Accuracy 0.7328
[2026-05-25 11:42:36,351][main.py][line:164][INFO] Epoch 00000/00200 | Loss 1.9932 | Accuracy 0.6540
[2026-05-25 11:42:37,145][main.py][line:164][INFO] Epoch 00100/00200 | Loss 0.0946 | Accuracy 0.7583
[2026-05-25 11:42:38,117][main.py][line:168][INFO] Run 07 Test Accuracy 0.7358
[2026-05-25 11:42:38,180][main.py][line:164][INFO] Epoch 00000/00200 | Loss 2.0330 | Accuracy 0.5118
[2026-05-25 11:42:39,027][main.py][line:164][INFO] Epoch 00100/00200 | Loss 0.0985 | Accuracy 0.7725
[2026-05-25 11:42:40,136][main.py][line:168][INFO] Run 08 Test Accuracy 0.7376
[2026-05-25 11:42:40,150][main.py][line:164][INFO] Epoch 00000/00200 | Loss 1.8405 | Accuracy 0.5498
[2026-05-25 11:42:41,071][main.py][line:164][INFO] Epoch 00100/00200 | Loss 0.1005 | Accuracy 0.7773
[2026-05-25 11:42:42,039][main.py][line:168][INFO] Run 09 Test Accuracy 0.7459
[2026-05-25 11:42:42,040][main.py][line:211][INFO] Mean Accuracy:0.737500
[2026-05-25 11:42:42,040][main.py][line:212][INFO] Standard Deviation:0.005934
