[2026-05-25 11:25:46,960][main.py][line:74][INFO] Random seed: 15
[2026-05-25 11:25:46,961][main.py][line:79][INFO] Using GPU
[2026-05-25 11:25:46,961][main.py][line:86][INFO] Loading dataset citeseer with pertubation rate 0.2
[2026-05-25 11:25:47,177][main.py][line:99][INFO] train nodes:210
[2026-05-25 11:25:47,180][main.py][line:100][INFO] val nodes:211
[2026-05-25 11:25:47,182][main.py][line:101][INFO] test nodes:1688
[2026-05-25 11:25:47,182][main.py][line:176][INFO] Namespace(use_config=True, config='citeseer_random_0.2', dataset='citeseer', ptb_rate=0.2, attack='random', jt=0.55, cos=0.55, cos_add=0.85, DMAE_hidden=256, DMAE_epochs=300, recover_threshold=0.7, lap_threshold=0.4, L_dim=20, k=50, GAT_layers=2, hidden_dim=32, dropout=0.6, log=True, seed=15)
[2026-05-25 11:25:47,182][main.py][line:178][INFO] === Start filter adj ===
[2026-05-25 11:25:47,413][main.py][line:181][INFO] === Recover adj ===
[2026-05-25 11:25:48,024][main.py][line:106][INFO] clean_lap shape: torch.Size([2110, 20])
[2026-05-25 11:25:48,394][main.py][line:114][INFO] Epoch 00000/00300 | Loss 3.0548
[2026-05-25 11:25:48,760][main.py][line:114][INFO] Epoch 00010/00300 | Loss 2.4516
[2026-05-25 11:25:49,132][main.py][line:114][INFO] Epoch 00020/00300 | Loss 2.3940
[2026-05-25 11:25:49,519][main.py][line:114][INFO] Epoch 00030/00300 | Loss 2.3672
[2026-05-25 11:25:49,852][main.py][line:114][INFO] Epoch 00040/00300 | Loss 2.3545
[2026-05-25 11:25:50,168][main.py][line:114][INFO] Epoch 00050/00300 | Loss 2.3356
[2026-05-25 11:25:50,525][main.py][line:114][INFO] Epoch 00060/00300 | Loss 2.3221
[2026-05-25 11:25:50,897][main.py][line:114][INFO] Epoch 00070/00300 | Loss 2.3118
[2026-05-25 11:25:51,314][main.py][line:114][INFO] Epoch 00080/00300 | Loss 2.3088
[2026-05-25 11:25:51,610][main.py][line:114][INFO] Epoch 00090/00300 | Loss 2.3025
[2026-05-25 11:25:51,958][main.py][line:114][INFO] Epoch 00100/00300 | Loss 2.2973
[2026-05-25 11:25:52,359][main.py][line:114][INFO] Epoch 00110/00300 | Loss 2.2925
[2026-05-25 11:25:52,761][main.py][line:114][INFO] Epoch 00120/00300 | Loss 2.2926
[2026-05-25 11:25:53,138][main.py][line:114][INFO] Epoch 00130/00300 | Loss 2.2840
[2026-05-25 11:25:53,418][main.py][line:114][INFO] Epoch 00140/00300 | Loss 2.2780
[2026-05-25 11:25:53,758][main.py][line:114][INFO] Epoch 00150/00300 | Loss 2.2762
[2026-05-25 11:25:54,136][main.py][line:114][INFO] Epoch 00160/00300 | Loss 2.2592
[2026-05-25 11:25:54,539][main.py][line:114][INFO] Epoch 00170/00300 | Loss 2.2555
[2026-05-25 11:25:54,831][main.py][line:114][INFO] Epoch 00180/00300 | Loss 2.2552
[2026-05-25 11:25:55,231][main.py][line:114][INFO] Epoch 00190/00300 | Loss 2.2403
[2026-05-25 11:25:55,521][main.py][line:114][INFO] Epoch 00200/00300 | Loss 2.2371
[2026-05-25 11:25:55,877][main.py][line:114][INFO] Epoch 00210/00300 | Loss 2.2321
[2026-05-25 11:25:56,274][main.py][line:114][INFO] Epoch 00220/00300 | Loss 2.2194
[2026-05-25 11:25:56,678][main.py][line:114][INFO] Epoch 00230/00300 | Loss 2.2079
[2026-05-25 11:25:57,030][main.py][line:114][INFO] Epoch 00240/00300 | Loss 2.2095
[2026-05-25 11:25:57,380][main.py][line:114][INFO] Epoch 00250/00300 | Loss 2.1983
[2026-05-25 11:25:57,687][main.py][line:114][INFO] Epoch 00260/00300 | Loss 2.1828
[2026-05-25 11:25:58,049][main.py][line:114][INFO] Epoch 00270/00300 | Loss 2.1806
[2026-05-25 11:25:58,438][main.py][line:114][INFO] Epoch 00280/00300 | Loss 2.1845
[2026-05-25 11:25:58,730][main.py][line:114][INFO] Epoch 00290/00300 | Loss 2.1815
[2026-05-25 11:25:59,096][main.py][line:138][INFO] Edge recovery: 9580
[2026-05-25 11:25:59,096][main.py][line:196][INFO] === Train Classifier ===
[2026-05-25 11:25:59,218][main.py][line:164][INFO] Epoch 00000/00200 | Loss 1.8714 | Accuracy 0.5261
[2026-05-25 11:26:00,695][main.py][line:164][INFO] Epoch 00100/00200 | Loss 0.0797 | Accuracy 0.7536
[2026-05-25 11:26:02,175][main.py][line:168][INFO] Run 00 Test Accuracy 0.7559
[2026-05-25 11:26:02,195][main.py][line:164][INFO] Epoch 00000/00200 | Loss 1.7536 | Accuracy 0.7156
[2026-05-25 11:26:03,568][main.py][line:164][INFO] Epoch 00100/00200 | Loss 0.0994 | Accuracy 0.7630
[2026-05-25 11:26:04,787][main.py][line:168][INFO] Run 01 Test Accuracy 0.7459
[2026-05-25 11:26:04,812][main.py][line:164][INFO] Epoch 00000/00200 | Loss 1.9177 | Accuracy 0.5545
[2026-05-25 11:26:05,803][main.py][line:164][INFO] Epoch 00100/00200 | Loss 0.0955 | Accuracy 0.7536
[2026-05-25 11:26:07,079][main.py][line:168][INFO] Run 02 Test Accuracy 0.7553
[2026-05-25 11:26:07,108][main.py][line:164][INFO] Epoch 00000/00200 | Loss 1.9067 | Accuracy 0.6209
[2026-05-25 11:26:08,772][main.py][line:164][INFO] Epoch 00100/00200 | Loss 0.1105 | Accuracy 0.7678
[2026-05-25 11:26:09,953][main.py][line:168][INFO] Run 03 Test Accuracy 0.7524
[2026-05-25 11:26:09,969][main.py][line:164][INFO] Epoch 00000/00200 | Loss 1.8559 | Accuracy 0.5450
[2026-05-25 11:26:11,229][main.py][line:164][INFO] Epoch 00100/00200 | Loss 0.1401 | Accuracy 0.7393
[2026-05-25 11:26:12,723][main.py][line:168][INFO] Run 04 Test Accuracy 0.7494
[2026-05-25 11:26:12,741][main.py][line:164][INFO] Epoch 00000/00200 | Loss 1.8458 | Accuracy 0.5355
[2026-05-25 11:26:14,346][main.py][line:164][INFO] Epoch 00100/00200 | Loss 0.1288 | Accuracy 0.7583
[2026-05-25 11:26:15,959][main.py][line:168][INFO] Run 05 Test Accuracy 0.7447
[2026-05-25 11:26:15,979][main.py][line:164][INFO] Epoch 00000/00200 | Loss 1.8823 | Accuracy 0.6777
[2026-05-25 11:26:17,608][main.py][line:164][INFO] Epoch 00100/00200 | Loss 0.1095 | Accuracy 0.7488
[2026-05-25 11:26:19,112][main.py][line:168][INFO] Run 06 Test Accuracy 0.7476
[2026-05-25 11:26:19,159][main.py][line:164][INFO] Epoch 00000/00200 | Loss 1.8498 | Accuracy 0.6303
[2026-05-25 11:26:20,708][main.py][line:164][INFO] Epoch 00100/00200 | Loss 0.1141 | Accuracy 0.7488
[2026-05-25 11:26:22,259][main.py][line:168][INFO] Run 07 Test Accuracy 0.7565
[2026-05-25 11:26:22,307][main.py][line:164][INFO] Epoch 00000/00200 | Loss 1.9841 | Accuracy 0.5118
[2026-05-25 11:26:23,922][main.py][line:164][INFO] Epoch 00100/00200 | Loss 0.0798 | Accuracy 0.7630
[2026-05-25 11:26:25,472][main.py][line:168][INFO] Run 08 Test Accuracy 0.7500
[2026-05-25 11:26:25,498][main.py][line:164][INFO] Epoch 00000/00200 | Loss 1.8984 | Accuracy 0.4787
[2026-05-25 11:26:27,012][main.py][line:164][INFO] Epoch 00100/00200 | Loss 0.0686 | Accuracy 0.7536
[2026-05-25 11:26:28,240][main.py][line:168][INFO] Run 09 Test Accuracy 0.7530
[2026-05-25 11:26:28,241][main.py][line:211][INFO] Mean Accuracy:0.751066
[2026-05-25 11:26:28,241][main.py][line:212][INFO] Standard Deviation:0.004224
