[2026-05-25 10:21:49,003][main.py][line:74][INFO] Random seed: 15
[2026-05-25 10:21:49,003][main.py][line:79][INFO] Using GPU
[2026-05-25 10:21:49,003][main.py][line:86][INFO] Loading dataset cora with pertubation rate 0.2
[2026-05-25 10:21:49,253][main.py][line:99][INFO] train nodes:247
[2026-05-25 10:21:49,255][main.py][line:100][INFO] val nodes:249
[2026-05-25 10:21:49,255][main.py][line:101][INFO] test nodes:1988
[2026-05-25 10:21:49,255][main.py][line:176][INFO] Namespace(use_config=True, config='cora_random_0.2', dataset='cora', ptb_rate=0.2, attack='random', jt=0.55, cos=0.55, cos_add=0.85, DMAE_hidden=256, DMAE_epochs=300, recover_threshold=0.55, lap_threshold=0.4, L_dim=20, k=50, GAT_layers=2, hidden_dim=32, dropout=0.6, log=True, seed=15)
[2026-05-25 10:21:49,255][main.py][line:178][INFO] === Start filter adj ===
[2026-05-25 10:21:49,493][main.py][line:181][INFO] === Recover adj ===
[2026-05-25 10:21:49,747][main.py][line:106][INFO] clean_lap shape: torch.Size([2485, 20])
[2026-05-25 10:21:50,119][main.py][line:114][INFO] Epoch 00000/00300 | Loss 3.0231
[2026-05-25 10:21:50,347][main.py][line:114][INFO] Epoch 00010/00300 | Loss 2.3961
[2026-05-25 10:21:50,689][main.py][line:114][INFO] Epoch 00020/00300 | Loss 2.3543
[2026-05-25 10:21:50,971][main.py][line:114][INFO] Epoch 00030/00300 | Loss 2.3456
[2026-05-25 10:21:51,207][main.py][line:114][INFO] Epoch 00040/00300 | Loss 2.3372
[2026-05-25 10:21:51,473][main.py][line:114][INFO] Epoch 00050/00300 | Loss 2.3160
[2026-05-25 10:21:51,719][main.py][line:114][INFO] Epoch 00060/00300 | Loss 2.3004
[2026-05-25 10:21:52,002][main.py][line:114][INFO] Epoch 00070/00300 | Loss 2.2799
[2026-05-25 10:21:52,330][main.py][line:114][INFO] Epoch 00080/00300 | Loss 2.2759
[2026-05-25 10:21:52,657][main.py][line:114][INFO] Epoch 00090/00300 | Loss 2.2684
[2026-05-25 10:21:52,875][main.py][line:114][INFO] Epoch 00100/00300 | Loss 2.2610
[2026-05-25 10:21:53,227][main.py][line:114][INFO] Epoch 00110/00300 | Loss 2.2507
[2026-05-25 10:21:53,510][main.py][line:114][INFO] Epoch 00120/00300 | Loss 2.2451
[2026-05-25 10:21:53,685][main.py][line:114][INFO] Epoch 00130/00300 | Loss 2.2370
[2026-05-25 10:21:54,009][main.py][line:114][INFO] Epoch 00140/00300 | Loss 2.2373
[2026-05-25 10:21:54,277][main.py][line:114][INFO] Epoch 00150/00300 | Loss 2.2349
[2026-05-25 10:21:54,542][main.py][line:114][INFO] Epoch 00160/00300 | Loss 2.2251
[2026-05-25 10:21:54,856][main.py][line:114][INFO] Epoch 00170/00300 | Loss 2.2167
[2026-05-25 10:21:55,161][main.py][line:114][INFO] Epoch 00180/00300 | Loss 2.2123
[2026-05-25 10:21:55,465][main.py][line:114][INFO] Epoch 00190/00300 | Loss 2.2163
[2026-05-25 10:21:55,804][main.py][line:114][INFO] Epoch 00200/00300 | Loss 2.2111
[2026-05-25 10:21:56,157][main.py][line:114][INFO] Epoch 00210/00300 | Loss 2.2002
[2026-05-25 10:21:56,392][main.py][line:114][INFO] Epoch 00220/00300 | Loss 2.1871
[2026-05-25 10:21:56,735][main.py][line:114][INFO] Epoch 00230/00300 | Loss 2.1879
[2026-05-25 10:21:57,062][main.py][line:114][INFO] Epoch 00240/00300 | Loss 2.1927
[2026-05-25 10:21:57,317][main.py][line:114][INFO] Epoch 00250/00300 | Loss 2.1857
[2026-05-25 10:21:57,658][main.py][line:114][INFO] Epoch 00260/00300 | Loss 2.1789
[2026-05-25 10:21:57,980][main.py][line:114][INFO] Epoch 00270/00300 | Loss 2.1751
[2026-05-25 10:21:58,309][main.py][line:114][INFO] Epoch 00280/00300 | Loss 2.1809
[2026-05-25 10:21:58,573][main.py][line:114][INFO] Epoch 00290/00300 | Loss 2.1719
[2026-05-25 10:21:58,933][main.py][line:138][INFO] Edge recovery: 13541
[2026-05-25 10:21:58,933][main.py][line:196][INFO] === Train Classifier ===
[2026-05-25 10:21:59,069][main.py][line:164][INFO] Epoch 00000/00200 | Loss 2.1196 | Accuracy 0.3574
[2026-05-25 10:22:00,683][main.py][line:164][INFO] Epoch 00100/00200 | Loss 0.1616 | Accuracy 0.8273
[2026-05-25 10:22:02,354][main.py][line:168][INFO] Run 00 Test Accuracy 0.8189
[2026-05-25 10:22:02,369][main.py][line:164][INFO] Epoch 00000/00200 | Loss 1.9468 | Accuracy 0.5382
[2026-05-25 10:22:03,938][main.py][line:164][INFO] Epoch 00100/00200 | Loss 0.1356 | Accuracy 0.8193
[2026-05-25 10:22:05,566][main.py][line:168][INFO] Run 01 Test Accuracy 0.8244
[2026-05-25 10:22:05,628][main.py][line:164][INFO] Epoch 00000/00200 | Loss 2.0372 | Accuracy 0.3494
[2026-05-25 10:22:07,170][main.py][line:164][INFO] Epoch 00100/00200 | Loss 0.1435 | Accuracy 0.8273
[2026-05-25 10:22:08,777][main.py][line:168][INFO] Run 02 Test Accuracy 0.8164
[2026-05-25 10:22:08,790][main.py][line:164][INFO] Epoch 00000/00200 | Loss 2.1174 | Accuracy 0.2410
[2026-05-25 10:22:10,465][main.py][line:164][INFO] Epoch 00100/00200 | Loss 0.1454 | Accuracy 0.8273
[2026-05-25 10:22:12,041][main.py][line:168][INFO] Run 03 Test Accuracy 0.8270
[2026-05-25 10:22:12,106][main.py][line:164][INFO] Epoch 00000/00200 | Loss 2.0740 | Accuracy 0.3574
[2026-05-25 10:22:13,791][main.py][line:164][INFO] Epoch 00100/00200 | Loss 0.1284 | Accuracy 0.8273
[2026-05-25 10:22:15,268][main.py][line:168][INFO] Run 04 Test Accuracy 0.8204
[2026-05-25 10:22:15,334][main.py][line:164][INFO] Epoch 00000/00200 | Loss 2.0161 | Accuracy 0.4177
[2026-05-25 10:22:16,732][main.py][line:164][INFO] Epoch 00100/00200 | Loss 0.1387 | Accuracy 0.8353
[2026-05-25 10:22:18,282][main.py][line:168][INFO] Run 05 Test Accuracy 0.8270
[2026-05-25 10:22:18,347][main.py][line:164][INFO] Epoch 00000/00200 | Loss 1.9673 | Accuracy 0.4900
[2026-05-25 10:22:19,743][main.py][line:164][INFO] Epoch 00100/00200 | Loss 0.1487 | Accuracy 0.8273
[2026-05-25 10:22:21,214][main.py][line:168][INFO] Run 06 Test Accuracy 0.8260
[2026-05-25 10:22:21,234][main.py][line:164][INFO] Epoch 00000/00200 | Loss 2.0465 | Accuracy 0.3815
[2026-05-25 10:22:22,711][main.py][line:164][INFO] Epoch 00100/00200 | Loss 0.1296 | Accuracy 0.8193
[2026-05-25 10:22:24,174][main.py][line:168][INFO] Run 07 Test Accuracy 0.8209
[2026-05-25 10:22:24,194][main.py][line:164][INFO] Epoch 00000/00200 | Loss 2.0522 | Accuracy 0.2972
[2026-05-25 10:22:25,749][main.py][line:164][INFO] Epoch 00100/00200 | Loss 0.1609 | Accuracy 0.8153
[2026-05-25 10:22:27,421][main.py][line:168][INFO] Run 08 Test Accuracy 0.8194
[2026-05-25 10:22:27,440][main.py][line:164][INFO] Epoch 00000/00200 | Loss 2.0217 | Accuracy 0.3855
[2026-05-25 10:22:29,048][main.py][line:164][INFO] Epoch 00100/00200 | Loss 0.1459 | Accuracy 0.8153
[2026-05-25 10:22:30,578][main.py][line:168][INFO] Run 09 Test Accuracy 0.8244
[2026-05-25 10:22:30,579][main.py][line:211][INFO] Mean Accuracy:0.822485
[2026-05-25 10:22:30,579][main.py][line:212][INFO] Standard Deviation:0.003738
