[2026-05-25 10:27:27,579][main.py][line:74][INFO] Random seed: 15
[2026-05-25 10:27:27,579][main.py][line:79][INFO] Using GPU
[2026-05-25 10:27:27,579][main.py][line:86][INFO] Loading dataset cora with pertubation rate 0.4
[2026-05-25 10:27:27,794][main.py][line:99][INFO] train nodes:247
[2026-05-25 10:27:27,794][main.py][line:100][INFO] val nodes:249
[2026-05-25 10:27:27,794][main.py][line:101][INFO] test nodes:1988
[2026-05-25 10:27:27,794][main.py][line:176][INFO] Namespace(use_config=True, config='cora_random_0.4', dataset='cora', ptb_rate=0.4, attack='random', jt=0.6, cos=0.6, cos_add=0.85, DMAE_hidden=256, DMAE_epochs=300, recover_threshold=0.6, lap_threshold=0.4, L_dim=20, k=50, GAT_layers=2, hidden_dim=32, dropout=0.6, log=True, seed=15)
[2026-05-25 10:27:27,794][main.py][line:178][INFO] === Start filter adj ===
[2026-05-25 10:27:28,053][main.py][line:181][INFO] === Recover adj ===
[2026-05-25 10:27:44,124][main.py][line:106][INFO] clean_lap shape: torch.Size([2485, 20])
[2026-05-25 10:27:44,509][main.py][line:114][INFO] Epoch 00000/00300 | Loss 3.0241
[2026-05-25 10:27:44,780][main.py][line:114][INFO] Epoch 00010/00300 | Loss 2.4176
[2026-05-25 10:27:45,110][main.py][line:114][INFO] Epoch 00020/00300 | Loss 2.3896
[2026-05-25 10:27:45,351][main.py][line:114][INFO] Epoch 00030/00300 | Loss 2.3673
[2026-05-25 10:27:45,672][main.py][line:114][INFO] Epoch 00040/00300 | Loss 2.3557
[2026-05-25 10:27:45,993][main.py][line:114][INFO] Epoch 00050/00300 | Loss 2.3451
[2026-05-25 10:27:46,317][main.py][line:114][INFO] Epoch 00060/00300 | Loss 2.3281
[2026-05-25 10:27:46,555][main.py][line:114][INFO] Epoch 00070/00300 | Loss 2.3180
[2026-05-25 10:27:46,927][main.py][line:114][INFO] Epoch 00080/00300 | Loss 2.3019
[2026-05-25 10:27:47,143][main.py][line:114][INFO] Epoch 00090/00300 | Loss 2.3025
[2026-05-25 10:27:47,461][main.py][line:114][INFO] Epoch 00100/00300 | Loss 2.2980
[2026-05-25 10:27:47,791][main.py][line:114][INFO] Epoch 00110/00300 | Loss 2.2958
[2026-05-25 10:27:48,005][main.py][line:114][INFO] Epoch 00120/00300 | Loss 2.2807
[2026-05-25 10:27:48,289][main.py][line:114][INFO] Epoch 00130/00300 | Loss 2.2759
[2026-05-25 10:27:48,610][main.py][line:114][INFO] Epoch 00140/00300 | Loss 2.2777
[2026-05-25 10:27:48,857][main.py][line:114][INFO] Epoch 00150/00300 | Loss 2.2795
[2026-05-25 10:27:49,157][main.py][line:114][INFO] Epoch 00160/00300 | Loss 2.2653
[2026-05-25 10:27:49,462][main.py][line:114][INFO] Epoch 00170/00300 | Loss 2.2643
[2026-05-25 10:27:49,695][main.py][line:114][INFO] Epoch 00180/00300 | Loss 2.2610
[2026-05-25 10:27:50,005][main.py][line:114][INFO] Epoch 00190/00300 | Loss 2.2538
[2026-05-25 10:27:50,315][main.py][line:114][INFO] Epoch 00200/00300 | Loss 2.2481
[2026-05-25 10:27:50,564][main.py][line:114][INFO] Epoch 00210/00300 | Loss 2.2465
[2026-05-25 10:27:50,911][main.py][line:114][INFO] Epoch 00220/00300 | Loss 2.2458
[2026-05-25 10:27:51,272][main.py][line:114][INFO] Epoch 00230/00300 | Loss 2.2445
[2026-05-25 10:27:51,487][main.py][line:114][INFO] Epoch 00240/00300 | Loss 2.2360
[2026-05-25 10:27:51,829][main.py][line:114][INFO] Epoch 00250/00300 | Loss 2.2383
[2026-05-25 10:27:52,121][main.py][line:114][INFO] Epoch 00260/00300 | Loss 2.2488
[2026-05-25 10:27:52,349][main.py][line:114][INFO] Epoch 00270/00300 | Loss 2.2263
[2026-05-25 10:27:52,658][main.py][line:114][INFO] Epoch 00280/00300 | Loss 2.2315
[2026-05-25 10:27:52,986][main.py][line:114][INFO] Epoch 00290/00300 | Loss 2.2357
[2026-05-25 10:27:53,271][main.py][line:138][INFO] Edge recovery: 13367
[2026-05-25 10:27:53,271][main.py][line:196][INFO] === Train Classifier ===
[2026-05-25 10:27:53,393][main.py][line:164][INFO] Epoch 00000/00200 | Loss 2.0849 | Accuracy 0.3414
[2026-05-25 10:27:54,901][main.py][line:164][INFO] Epoch 00100/00200 | Loss 0.1672 | Accuracy 0.7992
[2026-05-25 10:27:56,498][main.py][line:168][INFO] Run 00 Test Accuracy 0.8048
[2026-05-25 10:27:56,516][main.py][line:164][INFO] Epoch 00000/00200 | Loss 2.1178 | Accuracy 0.3735
[2026-05-25 10:27:58,131][main.py][line:164][INFO] Epoch 00100/00200 | Loss 0.1731 | Accuracy 0.8032
[2026-05-25 10:27:59,671][main.py][line:168][INFO] Run 01 Test Accuracy 0.8043
[2026-05-25 10:27:59,689][main.py][line:164][INFO] Epoch 00000/00200 | Loss 2.0944 | Accuracy 0.2771
[2026-05-25 10:28:01,333][main.py][line:164][INFO] Epoch 00100/00200 | Loss 0.1289 | Accuracy 0.8032
[2026-05-25 10:28:02,890][main.py][line:168][INFO] Run 02 Test Accuracy 0.8033
[2026-05-25 10:28:02,903][main.py][line:164][INFO] Epoch 00000/00200 | Loss 2.0015 | Accuracy 0.4257
[2026-05-25 10:28:04,539][main.py][line:164][INFO] Epoch 00100/00200 | Loss 0.1569 | Accuracy 0.8112
[2026-05-25 10:28:06,174][main.py][line:168][INFO] Run 03 Test Accuracy 0.8089
[2026-05-25 10:28:06,187][main.py][line:164][INFO] Epoch 00000/00200 | Loss 2.0787 | Accuracy 0.4538
[2026-05-25 10:28:07,874][main.py][line:164][INFO] Epoch 00100/00200 | Loss 0.1542 | Accuracy 0.8072
[2026-05-25 10:28:09,475][main.py][line:168][INFO] Run 04 Test Accuracy 0.8023
[2026-05-25 10:28:09,511][main.py][line:164][INFO] Epoch 00000/00200 | Loss 1.9598 | Accuracy 0.4378
[2026-05-25 10:28:11,052][main.py][line:164][INFO] Epoch 00100/00200 | Loss 0.1762 | Accuracy 0.8112
[2026-05-25 10:28:12,759][main.py][line:168][INFO] Run 05 Test Accuracy 0.8053
[2026-05-25 10:28:12,773][main.py][line:164][INFO] Epoch 00000/00200 | Loss 2.0702 | Accuracy 0.4498
[2026-05-25 10:28:14,421][main.py][line:164][INFO] Epoch 00100/00200 | Loss 0.1559 | Accuracy 0.7952
[2026-05-25 10:28:15,958][main.py][line:168][INFO] Run 06 Test Accuracy 0.8078
[2026-05-25 10:28:15,979][main.py][line:164][INFO] Epoch 00000/00200 | Loss 2.0796 | Accuracy 0.4779
[2026-05-25 10:28:17,180][main.py][line:164][INFO] Epoch 00100/00200 | Loss 0.1387 | Accuracy 0.7992
[2026-05-25 10:28:18,584][main.py][line:168][INFO] Run 07 Test Accuracy 0.8114
[2026-05-25 10:28:18,650][main.py][line:164][INFO] Epoch 00000/00200 | Loss 2.0999 | Accuracy 0.4297
[2026-05-25 10:28:20,295][main.py][line:164][INFO] Epoch 00100/00200 | Loss 0.1774 | Accuracy 0.7912
[2026-05-25 10:28:21,839][main.py][line:168][INFO] Run 08 Test Accuracy 0.7998
[2026-05-25 10:28:21,857][main.py][line:164][INFO] Epoch 00000/00200 | Loss 2.0671 | Accuracy 0.4056
[2026-05-25 10:28:23,510][main.py][line:164][INFO] Epoch 00100/00200 | Loss 0.1321 | Accuracy 0.8032
[2026-05-25 10:28:25,079][main.py][line:168][INFO] Run 09 Test Accuracy 0.7978
[2026-05-25 10:28:25,079][main.py][line:211][INFO] Mean Accuracy:0.804577
[2026-05-25 10:28:25,080][main.py][line:212][INFO] Standard Deviation:0.004102
