[2026-05-22 01:14:15,423][main.py][line:76][INFO] Random seed: 15
[2026-05-22 01:14:15,423][main.py][line:81][INFO] Using GPU
[2026-05-22 01:14:15,423][main.py][line:88][INFO] Loading dataset citeseer with pertubation rate 0.3
[2026-05-22 01:14:15,615][main.py][line:101][INFO] train nodes:210
[2026-05-22 01:14:15,615][main.py][line:102][INFO] val nodes:211
[2026-05-22 01:14:15,616][main.py][line:103][INFO] test nodes:1688
[2026-05-22 01:14:15,616][main.py][line:178][INFO] Namespace(use_config=True, config='citeseer_DICE_0.30', dataset='citeseer', ptb_rate=0.3, attack='DICE', jt=0.6, cos=0.6, cos_add=0.85, DMAE_hidden=256, DMAE_epochs=300, recover_threshold=0.7, lap_threshold=0.4, L_dim=20, k=50, GAT_layers=2, hidden_dim=32, dropout=0.6, log=True, seed=15)
[2026-05-22 01:14:15,616][main.py][line:180][INFO] === Start filter adj ===
[2026-05-22 01:14:15,834][main.py][line:183][INFO] === Recover adj ===
[2026-05-22 01:14:24,783][main.py][line:108][INFO] clean_lap shape: torch.Size([2110, 20])
[2026-05-22 01:14:25,134][main.py][line:116][INFO] Epoch 00000/00300 | Loss 3.0537
[2026-05-22 01:14:25,371][main.py][line:116][INFO] Epoch 00010/00300 | Loss 2.4582
[2026-05-22 01:14:25,631][main.py][line:116][INFO] Epoch 00020/00300 | Loss 2.4276
[2026-05-22 01:14:25,893][main.py][line:116][INFO] Epoch 00030/00300 | Loss 2.4206
[2026-05-22 01:14:26,151][main.py][line:116][INFO] Epoch 00040/00300 | Loss 2.4037
[2026-05-22 01:14:26,409][main.py][line:116][INFO] Epoch 00050/00300 | Loss 2.4093
[2026-05-22 01:14:26,669][main.py][line:116][INFO] Epoch 00060/00300 | Loss 2.4025
[2026-05-22 01:14:26,928][main.py][line:116][INFO] Epoch 00070/00300 | Loss 2.3844
[2026-05-22 01:14:27,186][main.py][line:116][INFO] Epoch 00080/00300 | Loss 2.3823
[2026-05-22 01:14:27,445][main.py][line:116][INFO] Epoch 00090/00300 | Loss 2.3805
[2026-05-22 01:14:27,706][main.py][line:116][INFO] Epoch 00100/00300 | Loss 2.3702
[2026-05-22 01:14:27,967][main.py][line:116][INFO] Epoch 00110/00300 | Loss 2.3546
[2026-05-22 01:14:28,223][main.py][line:116][INFO] Epoch 00120/00300 | Loss 2.3600
[2026-05-22 01:14:28,479][main.py][line:116][INFO] Epoch 00130/00300 | Loss 2.3535
[2026-05-22 01:14:28,736][main.py][line:116][INFO] Epoch 00140/00300 | Loss 2.3570
[2026-05-22 01:14:28,994][main.py][line:116][INFO] Epoch 00150/00300 | Loss 2.3474
[2026-05-22 01:14:29,257][main.py][line:116][INFO] Epoch 00160/00300 | Loss 2.3389
[2026-05-22 01:14:29,515][main.py][line:116][INFO] Epoch 00170/00300 | Loss 2.3461
[2026-05-22 01:14:29,773][main.py][line:116][INFO] Epoch 00180/00300 | Loss 2.3352
[2026-05-22 01:14:30,030][main.py][line:116][INFO] Epoch 00190/00300 | Loss 2.3342
[2026-05-22 01:14:30,288][main.py][line:116][INFO] Epoch 00200/00300 | Loss 2.3267
[2026-05-22 01:14:30,550][main.py][line:116][INFO] Epoch 00210/00300 | Loss 2.3278
[2026-05-22 01:14:30,808][main.py][line:116][INFO] Epoch 00220/00300 | Loss 2.3170
[2026-05-22 01:14:31,063][main.py][line:116][INFO] Epoch 00230/00300 | Loss 2.3085
[2026-05-22 01:14:31,321][main.py][line:116][INFO] Epoch 00240/00300 | Loss 2.3014
[2026-05-22 01:14:31,578][main.py][line:116][INFO] Epoch 00250/00300 | Loss 2.3002
[2026-05-22 01:14:31,837][main.py][line:116][INFO] Epoch 00260/00300 | Loss 2.2936
[2026-05-22 01:14:32,092][main.py][line:116][INFO] Epoch 00270/00300 | Loss 2.2831
[2026-05-22 01:14:32,348][main.py][line:116][INFO] Epoch 00280/00300 | Loss 2.2923
[2026-05-22 01:14:32,607][main.py][line:116][INFO] Epoch 00290/00300 | Loss 2.2697
[2026-05-22 01:14:32,873][main.py][line:140][INFO] Edge recovery: 8026
[2026-05-22 01:14:32,873][main.py][line:198][INFO] === Train Classifier ===
[2026-05-22 01:14:32,975][main.py][line:166][INFO] Epoch 00000/00200 | Loss 1.9009 | Accuracy 0.6256
[2026-05-22 01:14:34,207][main.py][line:166][INFO] Epoch 00100/00200 | Loss 0.1127 | Accuracy 0.7488
[2026-05-22 01:14:35,427][main.py][line:170][INFO] Run 00 Test Accuracy 0.7328
[2026-05-22 01:14:35,449][main.py][line:166][INFO] Epoch 00000/00200 | Loss 2.0056 | Accuracy 0.6019
[2026-05-22 01:14:36,674][main.py][line:166][INFO] Epoch 00100/00200 | Loss 0.1238 | Accuracy 0.7725
[2026-05-22 01:14:37,898][main.py][line:170][INFO] Run 01 Test Accuracy 0.7417
[2026-05-22 01:14:37,919][main.py][line:166][INFO] Epoch 00000/00200 | Loss 1.8576 | Accuracy 0.4408
[2026-05-22 01:14:39,138][main.py][line:166][INFO] Epoch 00100/00200 | Loss 0.1667 | Accuracy 0.7536
[2026-05-22 01:14:40,361][main.py][line:170][INFO] Run 02 Test Accuracy 0.7358
[2026-05-22 01:14:40,382][main.py][line:166][INFO] Epoch 00000/00200 | Loss 1.8241 | Accuracy 0.6256
[2026-05-22 01:14:41,601][main.py][line:166][INFO] Epoch 00100/00200 | Loss 0.1598 | Accuracy 0.7678
[2026-05-22 01:14:42,831][main.py][line:170][INFO] Run 03 Test Accuracy 0.7441
[2026-05-22 01:14:42,853][main.py][line:166][INFO] Epoch 00000/00200 | Loss 2.1140 | Accuracy 0.5735
[2026-05-22 01:14:44,071][main.py][line:166][INFO] Epoch 00100/00200 | Loss 0.1249 | Accuracy 0.7773
[2026-05-22 01:14:45,284][main.py][line:170][INFO] Run 04 Test Accuracy 0.7399
[2026-05-22 01:14:45,306][main.py][line:166][INFO] Epoch 00000/00200 | Loss 1.8777 | Accuracy 0.6777
[2026-05-22 01:14:46,540][main.py][line:166][INFO] Epoch 00100/00200 | Loss 0.1238 | Accuracy 0.7773
[2026-05-22 01:14:47,773][main.py][line:170][INFO] Run 05 Test Accuracy 0.7358
[2026-05-22 01:14:47,795][main.py][line:166][INFO] Epoch 00000/00200 | Loss 2.0045 | Accuracy 0.6114
[2026-05-22 01:14:49,013][main.py][line:166][INFO] Epoch 00100/00200 | Loss 0.1003 | Accuracy 0.7725
[2026-05-22 01:14:50,252][main.py][line:170][INFO] Run 06 Test Accuracy 0.7476
[2026-05-22 01:14:50,274][main.py][line:166][INFO] Epoch 00000/00200 | Loss 1.9511 | Accuracy 0.6066
[2026-05-22 01:14:51,495][main.py][line:166][INFO] Epoch 00100/00200 | Loss 0.1352 | Accuracy 0.7630
[2026-05-22 01:14:52,716][main.py][line:170][INFO] Run 07 Test Accuracy 0.7393
[2026-05-22 01:14:52,739][main.py][line:166][INFO] Epoch 00000/00200 | Loss 2.2147 | Accuracy 0.3697
[2026-05-22 01:14:53,954][main.py][line:166][INFO] Epoch 00100/00200 | Loss 0.0953 | Accuracy 0.7630
[2026-05-22 01:14:55,171][main.py][line:170][INFO] Run 08 Test Accuracy 0.7328
[2026-05-22 01:14:55,193][main.py][line:166][INFO] Epoch 00000/00200 | Loss 1.9943 | Accuracy 0.5545
[2026-05-22 01:14:56,405][main.py][line:166][INFO] Epoch 00100/00200 | Loss 0.1283 | Accuracy 0.7630
[2026-05-22 01:14:57,617][main.py][line:170][INFO] Run 09 Test Accuracy 0.7399
[2026-05-22 01:14:57,618][main.py][line:213][INFO] Mean Accuracy:0.738981
[2026-05-22 01:14:57,618][main.py][line:214][INFO] Standard Deviation:0.004790
