[2026-05-22 01:13:28,436][main.py][line:76][INFO] Random seed: 15
[2026-05-22 01:13:28,436][main.py][line:81][INFO] Using GPU
[2026-05-22 01:13:28,436][main.py][line:88][INFO] Loading dataset citeseer with pertubation rate 0.4
[2026-05-22 01:13:28,627][main.py][line:101][INFO] train nodes:210
[2026-05-22 01:13:28,628][main.py][line:102][INFO] val nodes:211
[2026-05-22 01:13:28,628][main.py][line:103][INFO] test nodes:1688
[2026-05-22 01:13:28,628][main.py][line:178][INFO] Namespace(use_config=True, config='citeseer_DICE_0.40', dataset='citeseer', ptb_rate=0.4, attack='DICE', jt=0.6, cos=0.6, cos_add=0.85, DMAE_hidden=256, DMAE_epochs=300, recover_threshold=0.7, lap_threshold=0.4, L_dim=20, k=50, GAT_layers=2, hidden_dim=32, dropout=0.6, log=True, seed=15)
[2026-05-22 01:13:28,628][main.py][line:180][INFO] === Start filter adj ===
[2026-05-22 01:13:28,846][main.py][line:183][INFO] === Recover adj ===
[2026-05-22 01:13:37,118][main.py][line:108][INFO] clean_lap shape: torch.Size([2110, 20])
[2026-05-22 01:13:37,482][main.py][line:116][INFO] Epoch 00000/00300 | Loss 3.0484
[2026-05-22 01:13:37,720][main.py][line:116][INFO] Epoch 00010/00300 | Loss 2.4505
[2026-05-22 01:13:37,979][main.py][line:116][INFO] Epoch 00020/00300 | Loss 2.4269
[2026-05-22 01:13:38,235][main.py][line:116][INFO] Epoch 00030/00300 | Loss 2.4157
[2026-05-22 01:13:38,492][main.py][line:116][INFO] Epoch 00040/00300 | Loss 2.4017
[2026-05-22 01:13:38,750][main.py][line:116][INFO] Epoch 00050/00300 | Loss 2.3990
[2026-05-22 01:13:39,008][main.py][line:116][INFO] Epoch 00060/00300 | Loss 2.3881
[2026-05-22 01:13:39,265][main.py][line:116][INFO] Epoch 00070/00300 | Loss 2.3792
[2026-05-22 01:13:39,522][main.py][line:116][INFO] Epoch 00080/00300 | Loss 2.3606
[2026-05-22 01:13:39,779][main.py][line:116][INFO] Epoch 00090/00300 | Loss 2.3621
[2026-05-22 01:13:40,039][main.py][line:116][INFO] Epoch 00100/00300 | Loss 2.3461
[2026-05-22 01:13:40,294][main.py][line:116][INFO] Epoch 00110/00300 | Loss 2.3528
[2026-05-22 01:13:40,553][main.py][line:116][INFO] Epoch 00120/00300 | Loss 2.3510
[2026-05-22 01:13:40,810][main.py][line:116][INFO] Epoch 00130/00300 | Loss 2.3435
[2026-05-22 01:13:41,065][main.py][line:116][INFO] Epoch 00140/00300 | Loss 2.3457
[2026-05-22 01:13:41,321][main.py][line:116][INFO] Epoch 00150/00300 | Loss 2.3403
[2026-05-22 01:13:41,580][main.py][line:116][INFO] Epoch 00160/00300 | Loss 2.3207
[2026-05-22 01:13:41,837][main.py][line:116][INFO] Epoch 00170/00300 | Loss 2.3264
[2026-05-22 01:13:42,096][main.py][line:116][INFO] Epoch 00180/00300 | Loss 2.3064
[2026-05-22 01:13:42,353][main.py][line:116][INFO] Epoch 00190/00300 | Loss 2.3074
[2026-05-22 01:13:42,613][main.py][line:116][INFO] Epoch 00200/00300 | Loss 2.3095
[2026-05-22 01:13:42,868][main.py][line:116][INFO] Epoch 00210/00300 | Loss 2.2927
[2026-05-22 01:13:43,125][main.py][line:116][INFO] Epoch 00220/00300 | Loss 2.2934
[2026-05-22 01:13:43,382][main.py][line:116][INFO] Epoch 00230/00300 | Loss 2.2804
[2026-05-22 01:13:43,641][main.py][line:116][INFO] Epoch 00240/00300 | Loss 2.2672
[2026-05-22 01:13:43,900][main.py][line:116][INFO] Epoch 00250/00300 | Loss 2.2803
[2026-05-22 01:13:44,155][main.py][line:116][INFO] Epoch 00260/00300 | Loss 2.2789
[2026-05-22 01:13:44,412][main.py][line:116][INFO] Epoch 00270/00300 | Loss 2.2869
[2026-05-22 01:13:44,671][main.py][line:116][INFO] Epoch 00280/00300 | Loss 2.2616
[2026-05-22 01:13:44,929][main.py][line:116][INFO] Epoch 00290/00300 | Loss 2.2713
[2026-05-22 01:13:45,194][main.py][line:140][INFO] Edge recovery: 7708
[2026-05-22 01:13:45,194][main.py][line:198][INFO] === Train Classifier ===
[2026-05-22 01:13:45,290][main.py][line:166][INFO] Epoch 00000/00200 | Loss 1.9579 | Accuracy 0.4787
[2026-05-22 01:13:46,514][main.py][line:166][INFO] Epoch 00100/00200 | Loss 0.1143 | Accuracy 0.7346
[2026-05-22 01:13:47,737][main.py][line:170][INFO] Run 00 Test Accuracy 0.7346
[2026-05-22 01:13:47,759][main.py][line:166][INFO] Epoch 00000/00200 | Loss 1.8962 | Accuracy 0.6161
[2026-05-22 01:13:48,993][main.py][line:166][INFO] Epoch 00100/00200 | Loss 0.1320 | Accuracy 0.7725
[2026-05-22 01:13:50,218][main.py][line:170][INFO] Run 01 Test Accuracy 0.7310
[2026-05-22 01:13:50,239][main.py][line:166][INFO] Epoch 00000/00200 | Loss 1.8730 | Accuracy 0.5735
[2026-05-22 01:13:51,459][main.py][line:166][INFO] Epoch 00100/00200 | Loss 0.1306 | Accuracy 0.7536
[2026-05-22 01:13:52,683][main.py][line:170][INFO] Run 02 Test Accuracy 0.7387
[2026-05-22 01:13:52,704][main.py][line:166][INFO] Epoch 00000/00200 | Loss 1.9789 | Accuracy 0.5261
[2026-05-22 01:13:53,931][main.py][line:166][INFO] Epoch 00100/00200 | Loss 0.0970 | Accuracy 0.7441
[2026-05-22 01:13:55,153][main.py][line:170][INFO] Run 03 Test Accuracy 0.7299
[2026-05-22 01:13:55,174][main.py][line:166][INFO] Epoch 00000/00200 | Loss 1.9147 | Accuracy 0.6209
[2026-05-22 01:13:56,395][main.py][line:166][INFO] Epoch 00100/00200 | Loss 0.0918 | Accuracy 0.7488
[2026-05-22 01:13:57,613][main.py][line:170][INFO] Run 04 Test Accuracy 0.7334
[2026-05-22 01:13:57,635][main.py][line:166][INFO] Epoch 00000/00200 | Loss 1.8841 | Accuracy 0.5829
[2026-05-22 01:13:58,863][main.py][line:166][INFO] Epoch 00100/00200 | Loss 0.1623 | Accuracy 0.7583
[2026-05-22 01:14:00,090][main.py][line:170][INFO] Run 05 Test Accuracy 0.7376
[2026-05-22 01:14:00,113][main.py][line:166][INFO] Epoch 00000/00200 | Loss 1.9607 | Accuracy 0.5545
[2026-05-22 01:14:01,336][main.py][line:166][INFO] Epoch 00100/00200 | Loss 0.1380 | Accuracy 0.7630
[2026-05-22 01:14:02,545][main.py][line:170][INFO] Run 06 Test Accuracy 0.7459
[2026-05-22 01:14:02,567][main.py][line:166][INFO] Epoch 00000/00200 | Loss 1.8978 | Accuracy 0.4787
[2026-05-22 01:14:03,784][main.py][line:166][INFO] Epoch 00100/00200 | Loss 0.1468 | Accuracy 0.7630
[2026-05-22 01:14:04,281][main.py][line:170][INFO] Run 07 Test Accuracy 0.7222
[2026-05-22 01:14:04,293][main.py][line:166][INFO] Epoch 00000/00200 | Loss 1.9140 | Accuracy 0.5545
[2026-05-22 01:14:04,800][main.py][line:166][INFO] Epoch 00100/00200 | Loss 0.1401 | Accuracy 0.7583
[2026-05-22 01:14:05,296][main.py][line:170][INFO] Run 08 Test Accuracy 0.7464
[2026-05-22 01:14:05,307][main.py][line:166][INFO] Epoch 00000/00200 | Loss 1.8884 | Accuracy 0.5450
[2026-05-22 01:14:05,812][main.py][line:166][INFO] Epoch 00100/00200 | Loss 0.0959 | Accuracy 0.7583
[2026-05-22 01:14:06,306][main.py][line:170][INFO] Run 09 Test Accuracy 0.7405
[2026-05-22 01:14:06,307][main.py][line:213][INFO] Mean Accuracy:0.736019
[2026-05-22 01:14:06,307][main.py][line:214][INFO] Standard Deviation:0.007448
