[2026-05-22 01:15:13,529][main.py][line:76][INFO] Random seed: 15
[2026-05-22 01:15:13,529][main.py][line:81][INFO] Using GPU
[2026-05-22 01:15:13,530][main.py][line:88][INFO] Loading dataset citeseer with pertubation rate 0.2
[2026-05-22 01:15:13,718][main.py][line:101][INFO] train nodes:210
[2026-05-22 01:15:13,718][main.py][line:102][INFO] val nodes:211
[2026-05-22 01:15:13,718][main.py][line:103][INFO] test nodes:1688
[2026-05-22 01:15:13,718][main.py][line:178][INFO] Namespace(use_config=True, config='citeseer_DICE_0.20', dataset='citeseer', ptb_rate=0.2, attack='DICE', jt=0.55, cos=0.55, cos_add=0.85, DMAE_hidden=256, DMAE_epochs=300, recover_threshold=0.7, lap_threshold=0.4, L_dim=20, k=50, GAT_layers=2, hidden_dim=32, dropout=0.6, log=True, seed=15)
[2026-05-22 01:15:13,718][main.py][line:180][INFO] === Start filter adj ===
[2026-05-22 01:15:13,983][main.py][line:183][INFO] === Recover adj ===
[2026-05-22 01:15:22,741][main.py][line:108][INFO] clean_lap shape: torch.Size([2110, 20])
[2026-05-22 01:15:23,109][main.py][line:116][INFO] Epoch 00000/00300 | Loss 3.0520
[2026-05-22 01:15:23,337][main.py][line:116][INFO] Epoch 00010/00300 | Loss 2.4475
[2026-05-22 01:15:23,598][main.py][line:116][INFO] Epoch 00020/00300 | Loss 2.3940
[2026-05-22 01:15:23,861][main.py][line:116][INFO] Epoch 00030/00300 | Loss 2.3783
[2026-05-22 01:15:24,123][main.py][line:116][INFO] Epoch 00040/00300 | Loss 2.3620
[2026-05-22 01:15:24,386][main.py][line:116][INFO] Epoch 00050/00300 | Loss 2.3388
[2026-05-22 01:15:24,650][main.py][line:116][INFO] Epoch 00060/00300 | Loss 2.3340
[2026-05-22 01:15:24,914][main.py][line:116][INFO] Epoch 00070/00300 | Loss 2.3188
[2026-05-22 01:15:25,177][main.py][line:116][INFO] Epoch 00080/00300 | Loss 2.3093
[2026-05-22 01:15:25,438][main.py][line:116][INFO] Epoch 00090/00300 | Loss 2.3111
[2026-05-22 01:15:25,701][main.py][line:116][INFO] Epoch 00100/00300 | Loss 2.2920
[2026-05-22 01:15:25,963][main.py][line:116][INFO] Epoch 00110/00300 | Loss 2.2964
[2026-05-22 01:15:26,226][main.py][line:116][INFO] Epoch 00120/00300 | Loss 2.2858
[2026-05-22 01:15:26,490][main.py][line:116][INFO] Epoch 00130/00300 | Loss 2.2776
[2026-05-22 01:15:26,751][main.py][line:116][INFO] Epoch 00140/00300 | Loss 2.2777
[2026-05-22 01:15:27,012][main.py][line:116][INFO] Epoch 00150/00300 | Loss 2.2703
[2026-05-22 01:15:27,275][main.py][line:116][INFO] Epoch 00160/00300 | Loss 2.2622
[2026-05-22 01:15:27,536][main.py][line:116][INFO] Epoch 00170/00300 | Loss 2.2575
[2026-05-22 01:15:27,804][main.py][line:116][INFO] Epoch 00180/00300 | Loss 2.2482
[2026-05-22 01:15:28,066][main.py][line:116][INFO] Epoch 00190/00300 | Loss 2.2423
[2026-05-22 01:15:28,327][main.py][line:116][INFO] Epoch 00200/00300 | Loss 2.2369
[2026-05-22 01:15:28,591][main.py][line:116][INFO] Epoch 00210/00300 | Loss 2.2385
[2026-05-22 01:15:28,854][main.py][line:116][INFO] Epoch 00220/00300 | Loss 2.2458
[2026-05-22 01:15:29,115][main.py][line:116][INFO] Epoch 00230/00300 | Loss 2.2293
[2026-05-22 01:15:29,379][main.py][line:116][INFO] Epoch 00240/00300 | Loss 2.2011
[2026-05-22 01:15:29,642][main.py][line:116][INFO] Epoch 00250/00300 | Loss 2.2119
[2026-05-22 01:15:29,906][main.py][line:116][INFO] Epoch 00260/00300 | Loss 2.1951
[2026-05-22 01:15:30,166][main.py][line:116][INFO] Epoch 00270/00300 | Loss 2.1911
[2026-05-22 01:15:30,428][main.py][line:116][INFO] Epoch 00280/00300 | Loss 2.1816
[2026-05-22 01:15:30,690][main.py][line:116][INFO] Epoch 00290/00300 | Loss 2.1690
[2026-05-22 01:15:30,963][main.py][line:140][INFO] Edge recovery: 8574
[2026-05-22 01:15:30,964][main.py][line:198][INFO] === Train Classifier ===
[2026-05-22 01:15:31,064][main.py][line:166][INFO] Epoch 00000/00200 | Loss 2.0133 | Accuracy 0.5071
[2026-05-22 01:15:32,286][main.py][line:166][INFO] Epoch 00100/00200 | Loss 0.0828 | Accuracy 0.7583
[2026-05-22 01:15:33,504][main.py][line:170][INFO] Run 00 Test Accuracy 0.7506
[2026-05-22 01:15:33,526][main.py][line:166][INFO] Epoch 00000/00200 | Loss 1.8778 | Accuracy 0.5213
[2026-05-22 01:15:34,750][main.py][line:166][INFO] Epoch 00100/00200 | Loss 0.1313 | Accuracy 0.7583
[2026-05-22 01:15:35,974][main.py][line:170][INFO] Run 01 Test Accuracy 0.7346
[2026-05-22 01:15:35,995][main.py][line:166][INFO] Epoch 00000/00200 | Loss 1.8622 | Accuracy 0.5687
[2026-05-22 01:15:37,217][main.py][line:166][INFO] Epoch 00100/00200 | Loss 0.1003 | Accuracy 0.7583
[2026-05-22 01:15:38,438][main.py][line:170][INFO] Run 02 Test Accuracy 0.7387
[2026-05-22 01:15:38,460][main.py][line:166][INFO] Epoch 00000/00200 | Loss 1.9178 | Accuracy 0.5355
[2026-05-22 01:15:39,695][main.py][line:166][INFO] Epoch 00100/00200 | Loss 0.1416 | Accuracy 0.7346
[2026-05-22 01:15:40,917][main.py][line:170][INFO] Run 03 Test Accuracy 0.7459
[2026-05-22 01:15:40,939][main.py][line:166][INFO] Epoch 00000/00200 | Loss 1.8681 | Accuracy 0.5308
[2026-05-22 01:15:42,154][main.py][line:166][INFO] Epoch 00100/00200 | Loss 0.1389 | Accuracy 0.7441
[2026-05-22 01:15:43,373][main.py][line:170][INFO] Run 04 Test Accuracy 0.7524
[2026-05-22 01:15:43,394][main.py][line:166][INFO] Epoch 00000/00200 | Loss 1.9942 | Accuracy 0.5924
[2026-05-22 01:15:44,611][main.py][line:166][INFO] Epoch 00100/00200 | Loss 0.1401 | Accuracy 0.7536
[2026-05-22 01:15:45,827][main.py][line:170][INFO] Run 05 Test Accuracy 0.7512
[2026-05-22 01:15:45,850][main.py][line:166][INFO] Epoch 00000/00200 | Loss 1.9145 | Accuracy 0.5877
[2026-05-22 01:15:47,069][main.py][line:166][INFO] Epoch 00100/00200 | Loss 0.1141 | Accuracy 0.7678
[2026-05-22 01:15:48,296][main.py][line:170][INFO] Run 06 Test Accuracy 0.7417
[2026-05-22 01:15:48,318][main.py][line:166][INFO] Epoch 00000/00200 | Loss 1.9910 | Accuracy 0.5592
[2026-05-22 01:15:49,539][main.py][line:166][INFO] Epoch 00100/00200 | Loss 0.1242 | Accuracy 0.7299
[2026-05-22 01:15:50,758][main.py][line:170][INFO] Run 07 Test Accuracy 0.7316
[2026-05-22 01:15:50,779][main.py][line:166][INFO] Epoch 00000/00200 | Loss 1.9315 | Accuracy 0.6161
[2026-05-22 01:15:51,991][main.py][line:166][INFO] Epoch 00100/00200 | Loss 0.0916 | Accuracy 0.7583
[2026-05-22 01:15:53,208][main.py][line:170][INFO] Run 08 Test Accuracy 0.7370
[2026-05-22 01:15:53,229][main.py][line:166][INFO] Epoch 00000/00200 | Loss 1.8796 | Accuracy 0.6682
[2026-05-22 01:15:54,448][main.py][line:166][INFO] Epoch 00100/00200 | Loss 0.1286 | Accuracy 0.7251
[2026-05-22 01:15:55,669][main.py][line:170][INFO] Run 09 Test Accuracy 0.7423
[2026-05-22 01:15:55,669][main.py][line:213][INFO] Mean Accuracy:0.742595
[2026-05-22 01:15:55,670][main.py][line:214][INFO] Standard Deviation:0.007268
