[2026-05-22 01:11:42,116][main.py][line:76][INFO] Random seed: 15
[2026-05-22 01:11:42,116][main.py][line:81][INFO] Using GPU
[2026-05-22 01:11:42,116][main.py][line:88][INFO] Loading dataset cora with pertubation rate 0.3
[2026-05-22 01:11:42,294][main.py][line:101][INFO] train nodes:247
[2026-05-22 01:11:42,294][main.py][line:102][INFO] val nodes:249
[2026-05-22 01:11:42,294][main.py][line:103][INFO] test nodes:1988
[2026-05-22 01:11:42,294][main.py][line:178][INFO] Namespace(use_config=True, config='cora_DICE_0.30', dataset='cora', ptb_rate=0.3, attack='DICE', jt=0.9, cos=0.6, cos_add=0.85, DMAE_hidden=256, DMAE_epochs=300, recover_threshold=0.6, lap_threshold=0.4, L_dim=20, k=50, GAT_layers=2, hidden_dim=32, dropout=0.6, log=True, seed=15)
[2026-05-22 01:11:42,294][main.py][line:180][INFO] === Start filter adj ===
[2026-05-22 01:11:42,514][main.py][line:183][INFO] === Recover adj ===
[2026-05-22 01:11:52,657][main.py][line:108][INFO] clean_lap shape: torch.Size([2485, 20])
[2026-05-22 01:11:52,991][main.py][line:116][INFO] Epoch 00000/00300 | Loss 3.0149
[2026-05-22 01:11:53,207][main.py][line:116][INFO] Epoch 00010/00300 | Loss 2.4151
[2026-05-22 01:11:53,458][main.py][line:116][INFO] Epoch 00020/00300 | Loss 2.3886
[2026-05-22 01:11:53,706][main.py][line:116][INFO] Epoch 00030/00300 | Loss 2.3721
[2026-05-22 01:11:53,954][main.py][line:116][INFO] Epoch 00040/00300 | Loss 2.3644
[2026-05-22 01:11:54,202][main.py][line:116][INFO] Epoch 00050/00300 | Loss 2.3485
[2026-05-22 01:11:54,454][main.py][line:116][INFO] Epoch 00060/00300 | Loss 2.3420
[2026-05-22 01:11:54,700][main.py][line:116][INFO] Epoch 00070/00300 | Loss 2.3250
[2026-05-22 01:11:54,950][main.py][line:116][INFO] Epoch 00080/00300 | Loss 2.3114
[2026-05-22 01:11:55,197][main.py][line:116][INFO] Epoch 00090/00300 | Loss 2.3125
[2026-05-22 01:11:55,447][main.py][line:116][INFO] Epoch 00100/00300 | Loss 2.3001
[2026-05-22 01:11:55,696][main.py][line:116][INFO] Epoch 00110/00300 | Loss 2.3054
[2026-05-22 01:11:55,948][main.py][line:116][INFO] Epoch 00120/00300 | Loss 2.3073
[2026-05-22 01:11:56,198][main.py][line:116][INFO] Epoch 00130/00300 | Loss 2.3019
[2026-05-22 01:11:56,447][main.py][line:116][INFO] Epoch 00140/00300 | Loss 2.2898
[2026-05-22 01:11:56,694][main.py][line:116][INFO] Epoch 00150/00300 | Loss 2.2800
[2026-05-22 01:11:56,945][main.py][line:116][INFO] Epoch 00160/00300 | Loss 2.2843
[2026-05-22 01:11:57,191][main.py][line:116][INFO] Epoch 00170/00300 | Loss 2.2796
[2026-05-22 01:11:57,438][main.py][line:116][INFO] Epoch 00180/00300 | Loss 2.2740
[2026-05-22 01:11:57,684][main.py][line:116][INFO] Epoch 00190/00300 | Loss 2.2804
[2026-05-22 01:11:57,934][main.py][line:116][INFO] Epoch 00200/00300 | Loss 2.2702
[2026-05-22 01:11:58,183][main.py][line:116][INFO] Epoch 00210/00300 | Loss 2.2647
[2026-05-22 01:11:58,435][main.py][line:116][INFO] Epoch 00220/00300 | Loss 2.2518
[2026-05-22 01:11:58,685][main.py][line:116][INFO] Epoch 00230/00300 | Loss 2.2496
[2026-05-22 01:11:58,934][main.py][line:116][INFO] Epoch 00240/00300 | Loss 2.2475
[2026-05-22 01:11:59,184][main.py][line:116][INFO] Epoch 00250/00300 | Loss 2.2521
[2026-05-22 01:11:59,434][main.py][line:116][INFO] Epoch 00260/00300 | Loss 2.2491
[2026-05-22 01:11:59,686][main.py][line:116][INFO] Epoch 00270/00300 | Loss 2.2411
[2026-05-22 01:11:59,935][main.py][line:116][INFO] Epoch 00280/00300 | Loss 2.2347
[2026-05-22 01:12:00,185][main.py][line:116][INFO] Epoch 00290/00300 | Loss 2.2269
[2026-05-22 01:12:00,457][main.py][line:140][INFO] Edge recovery: 10941
[2026-05-22 01:12:00,458][main.py][line:198][INFO] === Train Classifier ===
[2026-05-22 01:12:00,550][main.py][line:166][INFO] Epoch 00000/00200 | Loss 2.0430 | Accuracy 0.5301
[2026-05-22 01:12:01,801][main.py][line:166][INFO] Epoch 00100/00200 | Loss 0.1765 | Accuracy 0.8072
[2026-05-22 01:12:03,047][main.py][line:170][INFO] Run 00 Test Accuracy 0.7887
[2026-05-22 01:12:03,066][main.py][line:166][INFO] Epoch 00000/00200 | Loss 2.2541 | Accuracy 0.3133
[2026-05-22 01:12:04,309][main.py][line:166][INFO] Epoch 00100/00200 | Loss 0.1512 | Accuracy 0.7871
[2026-05-22 01:12:05,551][main.py][line:170][INFO] Run 01 Test Accuracy 0.7877
[2026-05-22 01:12:05,571][main.py][line:166][INFO] Epoch 00000/00200 | Loss 2.2496 | Accuracy 0.2972
[2026-05-22 01:12:06,821][main.py][line:166][INFO] Epoch 00100/00200 | Loss 0.2264 | Accuracy 0.7992
[2026-05-22 01:12:08,063][main.py][line:170][INFO] Run 02 Test Accuracy 0.7862
[2026-05-22 01:12:08,083][main.py][line:166][INFO] Epoch 00000/00200 | Loss 2.1548 | Accuracy 0.3534
[2026-05-22 01:12:09,334][main.py][line:166][INFO] Epoch 00100/00200 | Loss 0.1360 | Accuracy 0.7871
[2026-05-22 01:12:10,585][main.py][line:170][INFO] Run 03 Test Accuracy 0.7867
[2026-05-22 01:12:10,606][main.py][line:166][INFO] Epoch 00000/00200 | Loss 2.1592 | Accuracy 0.3735
[2026-05-22 01:12:11,849][main.py][line:166][INFO] Epoch 00100/00200 | Loss 0.1808 | Accuracy 0.7831
[2026-05-22 01:12:13,095][main.py][line:170][INFO] Run 04 Test Accuracy 0.7887
[2026-05-22 01:12:13,114][main.py][line:166][INFO] Epoch 00000/00200 | Loss 2.0175 | Accuracy 0.4337
[2026-05-22 01:12:14,364][main.py][line:166][INFO] Epoch 00100/00200 | Loss 0.1591 | Accuracy 0.7791
[2026-05-22 01:12:15,610][main.py][line:170][INFO] Run 05 Test Accuracy 0.7882
[2026-05-22 01:12:15,629][main.py][line:166][INFO] Epoch 00000/00200 | Loss 2.1082 | Accuracy 0.2972
[2026-05-22 01:12:16,879][main.py][line:166][INFO] Epoch 00100/00200 | Loss 0.2265 | Accuracy 0.7871
[2026-05-22 01:12:18,122][main.py][line:170][INFO] Run 06 Test Accuracy 0.7872
[2026-05-22 01:12:18,142][main.py][line:166][INFO] Epoch 00000/00200 | Loss 2.3065 | Accuracy 0.2771
[2026-05-22 01:12:19,385][main.py][line:166][INFO] Epoch 00100/00200 | Loss 0.1581 | Accuracy 0.7912
[2026-05-22 01:12:20,628][main.py][line:170][INFO] Run 07 Test Accuracy 0.7857
[2026-05-22 01:12:20,647][main.py][line:166][INFO] Epoch 00000/00200 | Loss 2.1552 | Accuracy 0.2570
[2026-05-22 01:12:21,891][main.py][line:166][INFO] Epoch 00100/00200 | Loss 0.1565 | Accuracy 0.7871
[2026-05-22 01:12:23,136][main.py][line:170][INFO] Run 08 Test Accuracy 0.7847
[2026-05-22 01:12:23,157][main.py][line:166][INFO] Epoch 00000/00200 | Loss 2.0195 | Accuracy 0.4257
[2026-05-22 01:12:24,405][main.py][line:166][INFO] Epoch 00100/00200 | Loss 0.1668 | Accuracy 0.7831
[2026-05-22 01:12:25,650][main.py][line:170][INFO] Run 09 Test Accuracy 0.7802
[2026-05-22 01:12:25,651][main.py][line:213][INFO] Mean Accuracy:0.786419
[2026-05-22 01:12:25,651][main.py][line:214][INFO] Standard Deviation:0.002556
