[2026-05-22 03:17:19,507][main.py][line:76][INFO] Random seed: 15
[2026-05-22 03:17:19,507][main.py][line:81][INFO] Using GPU
[2026-05-22 03:17:19,507][main.py][line:88][INFO] Loading dataset cora_ml with pertubation rate 0.2
[2026-05-22 03:17:19,746][main.py][line:101][INFO] train nodes:280
[2026-05-22 03:17:19,746][main.py][line:102][INFO] val nodes:282
[2026-05-22 03:17:19,746][main.py][line:103][INFO] test nodes:2248
[2026-05-22 03:17:19,746][main.py][line:178][INFO] Namespace(use_config=True, config='cora_ml_DICE_0.20', dataset='cora_ml', ptb_rate=0.2, attack='DICE', jt=0.55, cos=0.55, cos_add=0.85, DMAE_hidden=256, DMAE_epochs=300, recover_threshold=0.6, lap_threshold=0.4, L_dim=50, k=100, GAT_layers=2, hidden_dim=32, dropout=0.6, log=True, seed=15)
[2026-05-22 03:17:19,746][main.py][line:180][INFO] === Start filter adj ===
[2026-05-22 03:17:20,007][main.py][line:183][INFO] === Recover adj ===
[2026-05-22 03:17:21,206][main.py][line:108][INFO] clean_lap shape: torch.Size([2810, 50])
[2026-05-22 03:17:21,640][main.py][line:116][INFO] Epoch 00000/00300 | Loss 2.6420
[2026-05-22 03:17:21,884][main.py][line:116][INFO] Epoch 00010/00300 | Loss 2.1573
[2026-05-22 03:17:22,149][main.py][line:116][INFO] Epoch 00020/00300 | Loss 2.1105
[2026-05-22 03:17:22,414][main.py][line:116][INFO] Epoch 00030/00300 | Loss 2.0828
[2026-05-22 03:17:22,676][main.py][line:116][INFO] Epoch 00040/00300 | Loss 2.0906
[2026-05-22 03:17:22,937][main.py][line:116][INFO] Epoch 00050/00300 | Loss 2.0660
[2026-05-22 03:17:23,198][main.py][line:116][INFO] Epoch 00060/00300 | Loss 2.0677
[2026-05-22 03:17:23,464][main.py][line:116][INFO] Epoch 00070/00300 | Loss 2.0526
[2026-05-22 03:17:23,733][main.py][line:116][INFO] Epoch 00080/00300 | Loss 2.0488
[2026-05-22 03:17:23,933][main.py][line:116][INFO] Epoch 00090/00300 | Loss 2.0484
[2026-05-22 03:17:24,129][main.py][line:116][INFO] Epoch 00100/00300 | Loss 2.0475
[2026-05-22 03:17:24,329][main.py][line:116][INFO] Epoch 00110/00300 | Loss 2.0411
[2026-05-22 03:17:24,529][main.py][line:116][INFO] Epoch 00120/00300 | Loss 2.0373
[2026-05-22 03:17:24,728][main.py][line:116][INFO] Epoch 00130/00300 | Loss 2.0258
[2026-05-22 03:17:24,931][main.py][line:116][INFO] Epoch 00140/00300 | Loss 2.0185
[2026-05-22 03:17:25,131][main.py][line:116][INFO] Epoch 00150/00300 | Loss 2.0068
[2026-05-22 03:17:25,325][main.py][line:116][INFO] Epoch 00160/00300 | Loss 2.0005
[2026-05-22 03:17:25,519][main.py][line:116][INFO] Epoch 00170/00300 | Loss 1.9947
[2026-05-22 03:17:25,714][main.py][line:116][INFO] Epoch 00180/00300 | Loss 1.9823
[2026-05-22 03:17:25,910][main.py][line:116][INFO] Epoch 00190/00300 | Loss 1.9744
[2026-05-22 03:17:26,107][main.py][line:116][INFO] Epoch 00200/00300 | Loss 1.9808
[2026-05-22 03:17:26,301][main.py][line:116][INFO] Epoch 00210/00300 | Loss 1.9694
[2026-05-22 03:17:26,498][main.py][line:116][INFO] Epoch 00220/00300 | Loss 1.9665
[2026-05-22 03:17:26,704][main.py][line:116][INFO] Epoch 00230/00300 | Loss 1.9613
[2026-05-22 03:17:26,903][main.py][line:116][INFO] Epoch 00240/00300 | Loss 1.9670
[2026-05-22 03:17:27,096][main.py][line:116][INFO] Epoch 00250/00300 | Loss 1.9716
[2026-05-22 03:17:27,300][main.py][line:116][INFO] Epoch 00260/00300 | Loss 1.9590
[2026-05-22 03:17:27,494][main.py][line:116][INFO] Epoch 00270/00300 | Loss 1.9602
[2026-05-22 03:17:27,689][main.py][line:116][INFO] Epoch 00280/00300 | Loss 1.9511
[2026-05-22 03:17:27,881][main.py][line:116][INFO] Epoch 00290/00300 | Loss 1.9526
[2026-05-22 03:17:28,105][main.py][line:140][INFO] Edge recovery: 17102
[2026-05-22 03:17:28,105][main.py][line:198][INFO] === Train Classifier ===
[2026-05-22 03:17:28,196][main.py][line:166][INFO] Epoch 00000/00200 | Loss 1.9383 | Accuracy 0.6277
[2026-05-22 03:17:28,842][main.py][line:166][INFO] Epoch 00100/00200 | Loss 0.2750 | Accuracy 0.8121
[2026-05-22 03:17:29,452][main.py][line:170][INFO] Run 00 Test Accuracy 0.8332
[2026-05-22 03:17:29,465][main.py][line:166][INFO] Epoch 00000/00200 | Loss 1.9583 | Accuracy 0.5496
[2026-05-22 03:17:30,097][main.py][line:166][INFO] Epoch 00100/00200 | Loss 0.3305 | Accuracy 0.7979
[2026-05-22 03:17:30,694][main.py][line:170][INFO] Run 01 Test Accuracy 0.8287
[2026-05-22 03:17:30,707][main.py][line:166][INFO] Epoch 00000/00200 | Loss 1.9297 | Accuracy 0.6099
[2026-05-22 03:17:31,340][main.py][line:166][INFO] Epoch 00100/00200 | Loss 0.2516 | Accuracy 0.8121
[2026-05-22 03:17:31,947][main.py][line:170][INFO] Run 02 Test Accuracy 0.8225
[2026-05-22 03:17:31,964][main.py][line:166][INFO] Epoch 00000/00200 | Loss 1.9422 | Accuracy 0.6170
[2026-05-22 03:17:32,693][main.py][line:166][INFO] Epoch 00100/00200 | Loss 0.3121 | Accuracy 0.8050
[2026-05-22 03:17:33,405][main.py][line:170][INFO] Run 03 Test Accuracy 0.8274
[2026-05-22 03:17:33,420][main.py][line:166][INFO] Epoch 00000/00200 | Loss 1.9687 | Accuracy 0.6099
[2026-05-22 03:17:34,186][main.py][line:166][INFO] Epoch 00100/00200 | Loss 0.2931 | Accuracy 0.8156
[2026-05-22 03:17:34,880][main.py][line:170][INFO] Run 04 Test Accuracy 0.8292
[2026-05-22 03:17:34,893][main.py][line:166][INFO] Epoch 00000/00200 | Loss 1.9507 | Accuracy 0.5426
[2026-05-22 03:17:35,620][main.py][line:166][INFO] Epoch 00100/00200 | Loss 0.2789 | Accuracy 0.8121
[2026-05-22 03:17:36,283][main.py][line:170][INFO] Run 05 Test Accuracy 0.8301
[2026-05-22 03:17:36,299][main.py][line:166][INFO] Epoch 00000/00200 | Loss 1.9439 | Accuracy 0.6277
[2026-05-22 03:17:37,383][main.py][line:166][INFO] Epoch 00100/00200 | Loss 0.3519 | Accuracy 0.8085
[2026-05-22 03:17:38,385][main.py][line:170][INFO] Run 06 Test Accuracy 0.8305
[2026-05-22 03:17:38,398][main.py][line:166][INFO] Epoch 00000/00200 | Loss 1.9610 | Accuracy 0.5603
[2026-05-22 03:17:39,052][main.py][line:166][INFO] Epoch 00100/00200 | Loss 0.2847 | Accuracy 0.8085
[2026-05-22 03:17:39,706][main.py][line:170][INFO] Run 07 Test Accuracy 0.8252
[2026-05-22 03:17:39,726][main.py][line:166][INFO] Epoch 00000/00200 | Loss 1.9527 | Accuracy 0.5426
[2026-05-22 03:17:40,492][main.py][line:166][INFO] Epoch 00100/00200 | Loss 0.2941 | Accuracy 0.8191
[2026-05-22 03:17:41,259][main.py][line:170][INFO] Run 08 Test Accuracy 0.8261
[2026-05-22 03:17:41,273][main.py][line:166][INFO] Epoch 00000/00200 | Loss 1.9429 | Accuracy 0.4007
[2026-05-22 03:17:42,013][main.py][line:166][INFO] Epoch 00100/00200 | Loss 0.3035 | Accuracy 0.8191
[2026-05-22 03:17:42,719][main.py][line:170][INFO] Run 09 Test Accuracy 0.8252
[2026-05-22 03:17:42,720][main.py][line:213][INFO] Mean Accuracy:0.827802
[2026-05-22 03:17:42,720][main.py][line:214][INFO] Standard Deviation:0.003149
